
Hyperopt trials:
tid,loss,time,params used
0, 0.284361, 3654.798071, {'batch_size': [3.027903168317129], 'dropout': [0.09577495690451598], 'learning_rate': [1.445233476376536e-05], 'lstmO_size_1': [83.4667592215201], 'lstmO_size_2_2': [83.09852800480981], 'lstmO_size_2_3': [], 'lstmO_size_3_3': [], 'n_layers': [1], 'output_dim_embedding': [27.631960760820917], 'shared_lstm_size': [12.728813088281058], 'word2vec_size': [760.0]}
1, 0.299651, 2190.533813, {'batch_size': [5.932070483348297], 'dropout': [0.3597811161290551], 'learning_rate': [3.312185770383931e-05], 'lstmO_size_1': [26.981515313112368], 'lstmO_size_2_2': [20.058250475599735], 'lstmO_size_2_3': [], 'lstmO_size_3_3': [], 'n_layers': [1], 'output_dim_embedding': [16.02290460311168], 'shared_lstm_size': [25.622550167715524], 'word2vec_size': [67.0]}
2, 0.287221, 2471.372660, {'batch_size': [4.119413734296017], 'dropout': [0.3164121958222431], 'learning_rate': [8.24170320527388e-05], 'lstmO_size_1': [16.856019858935795], 'lstmO_size_2_2': [101.69505291522385], 'lstmO_size_2_3': [], 'lstmO_size_3_3': [], 'n_layers': [1], 'output_dim_embedding': [35.385955992109835], 'shared_lstm_size': [92.59357048611766], 'word2vec_size': [650.0]}
3, 0.285005, 469.934118, {'batch_size': [5.208623899071795], 'dropout': [0.2436600376616576], 'learning_rate': [0.0021938536936257098], 'lstmO_size_1': [121.31526497940985], 'lstmO_size_2_2': [], 'lstmO_size_2_3': [], 'lstmO_size_3_3': [], 'n_layers': [0], 'output_dim_embedding': [17.397054414173002], 'shared_lstm_size': [119.42836200462786], 'word2vec_size': [603.0]}
4, 0.292929, 1556.950828, {'batch_size': [5.420498585607298], 'dropout': [0.1068442813428171], 'learning_rate': [1.0596147158644789e-05], 'lstmO_size_1': [10.27391279055749], 'lstmO_size_2_2': [], 'lstmO_size_2_3': [], 'lstmO_size_3_3': [], 'n_layers': [0], 'output_dim_embedding': [19.57932753184263], 'shared_lstm_size': [34.85200166133208], 'word2vec_size': [930.0]}
5, 0.296120, 5438.826507, {'batch_size': [3.9079809214897105], 'dropout': [0.2776572575199642], 'learning_rate': [1.1291377067871644e-05], 'lstmO_size_1': [147.2182506620822], 'lstmO_size_2_2': [], 'lstmO_size_2_3': [], 'lstmO_size_3_3': [], 'n_layers': [0], 'output_dim_embedding': [13.818875555017232], 'shared_lstm_size': [19.674451824921174], 'word2vec_size': [633.0]}
6, 0.292118, 1355.518067, {'batch_size': [3.7299681033068532], 'dropout': [0.06116332789132206], 'learning_rate': [0.0005231757764365194], 'lstmO_size_1': [32.83795721739175], 'lstmO_size_2_2': [21.0446940713504], 'lstmO_size_2_3': [], 'lstmO_size_3_3': [], 'n_layers': [1], 'output_dim_embedding': [21.01451564386518], 'shared_lstm_size': [12.88858280686364], 'word2vec_size': [60.0]}
7, 0.292477, 2768.277742, {'batch_size': [4.0626721611987655], 'dropout': [0.3236472744404511], 'learning_rate': [0.0008593493881926883], 'lstmO_size_1': [64.04139930063381], 'lstmO_size_2_2': [], 'lstmO_size_2_3': [10.830398434884849], 'lstmO_size_3_3': [24.368665761844923], 'n_layers': [2], 'output_dim_embedding': [16.024148956557575], 'shared_lstm_size': [55.0369326533622], 'word2vec_size': [788.0]}
8, 0.291114, 1981.096752, {'batch_size': [4.673556451365331], 'dropout': [0.43228798996384615], 'learning_rate': [0.00045460071629784113], 'lstmO_size_1': [61.54586088374687], 'lstmO_size_2_2': [19.025790028641495], 'lstmO_size_2_3': [], 'lstmO_size_3_3': [], 'n_layers': [1], 'output_dim_embedding': [44.81655513159539], 'shared_lstm_size': [124.02647424063474], 'word2vec_size': [74.0]}
9, 0.295720, 746.228112, {'batch_size': [5.321023404826002], 'dropout': [0.09349543316637315], 'learning_rate': [0.0028360185947032272], 'lstmO_size_1': [96.38064150171323], 'lstmO_size_2_2': [13.188027497722853], 'lstmO_size_2_3': [], 'lstmO_size_3_3': [], 'n_layers': [1], 'output_dim_embedding': [17.460018907090497], 'shared_lstm_size': [32.638441644541416], 'word2vec_size': [246.0]}
10, 0.300392, 894.938114, {'batch_size': [5.2797362734409345], 'dropout': [0.3875870653970339], 'learning_rate': [0.0064206913632686895], 'lstmO_size_1': [11.705955165490025], 'lstmO_size_2_2': [], 'lstmO_size_2_3': [29.61232933002783], 'lstmO_size_3_3': [40.73172127667462], 'n_layers': [2], 'output_dim_embedding': [88.40121771059468], 'shared_lstm_size': [17.81013177475123], 'word2vec_size': [328.0]}
11, 0.301424, 1784.696758, {'batch_size': [5.374326864468085], 'dropout': [0.22155541206196178], 'learning_rate': [1.0654020754908375e-05], 'lstmO_size_1': [32.80089830727927], 'lstmO_size_2_2': [], 'lstmO_size_2_3': [], 'lstmO_size_3_3': [], 'n_layers': [0], 'output_dim_embedding': [12.120367891991155], 'shared_lstm_size': [22.745849456120528], 'word2vec_size': [844.0]}
12, 0.285824, 7227.547437, {'batch_size': [3.963997698583582], 'dropout': [0.2151893290050353], 'learning_rate': [0.00016665944888984827], 'lstmO_size_1': [86.94795646252213], 'lstmO_size_2_2': [], 'lstmO_size_2_3': [35.81299859147372], 'lstmO_size_3_3': [117.92584983588563], 'n_layers': [2], 'output_dim_embedding': [36.470280449300716], 'shared_lstm_size': [15.4036654959027], 'word2vec_size': [181.0]}
13, 0.295309, 399.586872, {'batch_size': [5.359034309978515], 'dropout': [0.1791165518621985], 'learning_rate': [0.00011665870444750126], 'lstmO_size_1': [24.358764684806843], 'lstmO_size_2_2': [], 'lstmO_size_2_3': [], 'lstmO_size_3_3': [], 'n_layers': [0], 'output_dim_embedding': [105.70504113323653], 'shared_lstm_size': [18.418975448214205], 'word2vec_size': [923.0]}
14, 0.297862, 398.859299, {'batch_size': [5.116172819576768], 'dropout': [0.38883871062817965], 'learning_rate': [0.0007278805917812571], 'lstmO_size_1': [12.480170728921575], 'lstmO_size_2_2': [], 'lstmO_size_2_3': [], 'lstmO_size_3_3': [], 'n_layers': [0], 'output_dim_embedding': [33.73609728966304], 'shared_lstm_size': [12.010084014502286], 'word2vec_size': [869.0]}
15, 0.296401, 1849.961492, {'batch_size': [3.8957978007435092], 'dropout': [0.38188823761483653], 'learning_rate': [0.002457739303833588], 'lstmO_size_1': [53.32778120218036], 'lstmO_size_2_2': [], 'lstmO_size_2_3': [], 'lstmO_size_3_3': [], 'n_layers': [0], 'output_dim_embedding': [12.497715771394244], 'shared_lstm_size': [12.405457822650629], 'word2vec_size': [797.0]}
16, 0.287558, 8146.344965, {'batch_size': [3.0500507644850674], 'dropout': [0.315443943685542], 'learning_rate': [1.8594516973694605e-05], 'lstmO_size_1': [50.506094133329256], 'lstmO_size_2_2': [17.97490317044027], 'lstmO_size_2_3': [], 'lstmO_size_3_3': [], 'n_layers': [1], 'output_dim_embedding': [114.38030241644822], 'shared_lstm_size': [54.10763310676856], 'word2vec_size': [360.0]}
17, 0.280987, 1603.122257, {'batch_size': [5.599591125035706], 'dropout': [0.11441818785880592], 'learning_rate': [0.00041249470082963094], 'lstmO_size_1': [42.32127062899387], 'lstmO_size_2_2': [], 'lstmO_size_2_3': [126.59485219791694], 'lstmO_size_3_3': [45.564247342988516], 'n_layers': [2], 'output_dim_embedding': [13.668241006937519], 'shared_lstm_size': [27.22895966142068], 'word2vec_size': [747.0]}
18, 0.294525, 815.491828, {'batch_size': [5.52648681161876], 'dropout': [0.10772654816340127], 'learning_rate': [0.0001961871783138327], 'lstmO_size_1': [131.97275817753643], 'lstmO_size_2_2': [], 'lstmO_size_2_3': [], 'lstmO_size_3_3': [], 'n_layers': [0], 'output_dim_embedding': [38.99845212713387], 'shared_lstm_size': [49.09599224842911], 'word2vec_size': [208.0]}
19, 0.297760, 1702.723362, {'batch_size': [3.3120269641419924], 'dropout': [0.4694542973090862], 'learning_rate': [0.0009696177368156736], 'lstmO_size_1': [51.68256132858913], 'lstmO_size_2_2': [], 'lstmO_size_2_3': [], 'lstmO_size_3_3': [], 'n_layers': [0], 'output_dim_embedding': [40.771021343887455], 'shared_lstm_size': [26.25640339222567], 'word2vec_size': [69.0]}
Total time: 13:10:56.809055

Best parameters:{'batch_size': 5, 'dropout': 0.11441818785880592, 'learning_rate': 0.00041249470082963094, 'lstmO_size_1': 42, 'n_layers': {'lstmO_size_2_3': 126, 'lstmO_size_3_3': 45, 'n_layers': 3}, 'output_dim_embedding': 13, 'shared_lstm_size': 27, 'win_size': 4, 'word2vec_size': 747}

Outcome metrics:
              precision    recall  f1-score   support

           0      0.957     0.939     0.948     12118
           1      0.753     0.813     0.782      2771

    accuracy                          0.916     14889
   macro avg      0.855     0.876     0.865     14889
weighted avg      0.919     0.916     0.917     14889


Outcome confusion matrix:
[[11380   738]
 [  517  2254]]
