
Hyperopt trials:
tid,loss,time,params used
0, 0.273081, 118.996980, {'batch_size': [3.488637780567813], 'dropout': [0.33123074942028463], 'learning_rate': [0.00029928285948891005], 'lstmO_size_1': [39.97377778770539], 'lstmO_size_2_2': [], 'lstmO_size_2_3': [80.73784680025851], 'lstmO_size_3_3': [22.302224999536445], 'n_layers': [2], 'output_dim_embedding': [27.999599429130047], 'shared_lstm_size': [41.97103444503572], 'word2vec_size': [636.0]}
1, 0.224402, 146.901571, {'batch_size': [4.119405632347807], 'dropout': [0.09800724689589174], 'learning_rate': [0.00010184603085820927], 'lstmO_size_1': [57.021457219690596], 'lstmO_size_2_2': [], 'lstmO_size_2_3': [11.04103618715694], 'lstmO_size_3_3': [56.81820794933681], 'n_layers': [2], 'output_dim_embedding': [51.378813401964344], 'shared_lstm_size': [69.19497120989399], 'word2vec_size': [324.0]}
2, 0.240762, 83.548435, {'batch_size': [3.148745979217549], 'dropout': [0.09399885003685776], 'learning_rate': [0.0005084984798324981], 'lstmO_size_1': [38.631334794097526], 'lstmO_size_2_2': [], 'lstmO_size_2_3': [], 'lstmO_size_3_3': [], 'n_layers': [0], 'output_dim_embedding': [124.14340566216671], 'shared_lstm_size': [146.2202254340218], 'word2vec_size': [896.0]}
3, 0.151182, 46.903958, {'batch_size': [5.298123280849267], 'dropout': [0.14475654385596565], 'learning_rate': [0.0014117869584557277], 'lstmO_size_1': [56.91298718065015], 'lstmO_size_2_2': [], 'lstmO_size_2_3': [111.3293809683264], 'lstmO_size_3_3': [96.36416920599862], 'n_layers': [2], 'output_dim_embedding': [33.496750645739105], 'shared_lstm_size': [12.86833950393441], 'word2vec_size': [216.0]}
4, 0.136245, 45.779640, {'batch_size': [5.638973522808733], 'dropout': [0.17448135876769572], 'learning_rate': [0.008301940163408265], 'lstmO_size_1': [10.265193992179979], 'lstmO_size_2_2': [], 'lstmO_size_2_3': [123.30401156997513], 'lstmO_size_3_3': [17.704097894751694], 'n_layers': [2], 'output_dim_embedding': [10.004806731351227], 'shared_lstm_size': [38.969534552410146], 'word2vec_size': [686.0]}
5, 0.142161, 18.833510, {'batch_size': [5.773212444321802], 'dropout': [0.3499833774431591], 'learning_rate': [0.008800602566624302], 'lstmO_size_1': [17.484518315258374], 'lstmO_size_2_2': [], 'lstmO_size_2_3': [], 'lstmO_size_3_3': [], 'n_layers': [0], 'output_dim_embedding': [16.583389842769602], 'shared_lstm_size': [19.00576616246141], 'word2vec_size': [915.0]}
6, 0.187353, 123.703904, {'batch_size': [3.2767841906671844], 'dropout': [0.1052159371692023], 'learning_rate': [0.009350837171415223], 'lstmO_size_1': [93.56046151875576], 'lstmO_size_2_2': [38.85430516685151], 'lstmO_size_2_3': [], 'lstmO_size_3_3': [], 'n_layers': [1], 'output_dim_embedding': [13.36292364397871], 'shared_lstm_size': [14.288713719924774], 'word2vec_size': [988.0]}
7, 0.149473, 43.618599, {'batch_size': [5.510867390361653], 'dropout': [0.33452462734838057], 'learning_rate': [0.0017075224853975303], 'lstmO_size_1': [21.820864332833107], 'lstmO_size_2_2': [], 'lstmO_size_2_3': [64.26672860473327], 'lstmO_size_3_3': [14.085406390334237], 'n_layers': [2], 'output_dim_embedding': [23.200608375686993], 'shared_lstm_size': [75.65565101067901], 'word2vec_size': [869.0]}
8, 0.292147, 249.068341, {'batch_size': [3.9943115035954544], 'dropout': [0.3172078232871216], 'learning_rate': [5.85675295330791e-05], 'lstmO_size_1': [16.42244099768575], 'lstmO_size_2_2': [], 'lstmO_size_2_3': [47.00581707775387], 'lstmO_size_3_3': [31.30742453308346], 'n_layers': [2], 'output_dim_embedding': [55.44056494140675], 'shared_lstm_size': [35.78512345125857], 'word2vec_size': [221.0]}
9, 0.233373, 180.269040, {'batch_size': [4.358508352110283], 'dropout': [0.28878227143207846], 'learning_rate': [3.5493695060493204e-05], 'lstmO_size_1': [14.729809927515726], 'lstmO_size_2_2': [], 'lstmO_size_2_3': [96.94457660800508], 'lstmO_size_3_3': [92.8169515228542], 'n_layers': [2], 'output_dim_embedding': [15.686194354537342], 'shared_lstm_size': [23.233881924870236], 'word2vec_size': [620.0]}
10, 0.322733, 420.775546, {'batch_size': [3.5073964473878827], 'dropout': [0.3019487736429265], 'learning_rate': [2.683210401265376e-05], 'lstmO_size_1': [15.779005089947491], 'lstmO_size_2_2': [], 'lstmO_size_2_3': [113.63432193807353], 'lstmO_size_3_3': [11.181699278267834], 'n_layers': [2], 'output_dim_embedding': [67.24516464075606], 'shared_lstm_size': [56.132303342838064], 'word2vec_size': [814.0]}
11, 0.213862, 62.412068, {'batch_size': [4.521749624830894], 'dropout': [0.4121947409051504], 'learning_rate': [0.0004170938028023377], 'lstmO_size_1': [20.629385063922495], 'lstmO_size_2_2': [], 'lstmO_size_2_3': [], 'lstmO_size_3_3': [], 'n_layers': [0], 'output_dim_embedding': [43.79414657830503], 'shared_lstm_size': [146.14186307038304], 'word2vec_size': [876.0]}
12, 0.276272, 211.727566, {'batch_size': [5.67765202035234], 'dropout': [0.3128686096862392], 'learning_rate': [9.45881379656725e-05], 'lstmO_size_1': [147.58730022656533], 'lstmO_size_2_2': [], 'lstmO_size_2_3': [43.43964525246931], 'lstmO_size_3_3': [15.294851178998673], 'n_layers': [2], 'output_dim_embedding': [109.50006032076044], 'shared_lstm_size': [56.992027488855655], 'word2vec_size': [659.0]}
13, 0.257357, 537.174227, {'batch_size': [4.028368420634176], 'dropout': [0.4479070175361786], 'learning_rate': [3.9001868162230915e-05], 'lstmO_size_1': [120.24738456128705], 'lstmO_size_2_2': [], 'lstmO_size_2_3': [22.500224655666525], 'lstmO_size_3_3': [50.269067223899256], 'n_layers': [2], 'output_dim_embedding': [11.614067221696773], 'shared_lstm_size': [28.400480536382894], 'word2vec_size': [543.0]}
14, 0.097291, 54.388287, {'batch_size': [5.2108749288710925], 'dropout': [0.040044704496731476], 'learning_rate': [0.0006193784036250674], 'lstmO_size_1': [17.92663490259059], 'lstmO_size_2_2': [], 'lstmO_size_2_3': [122.1443021938069], 'lstmO_size_3_3': [68.34747717357664], 'n_layers': [2], 'output_dim_embedding': [16.689760966723004], 'shared_lstm_size': [38.662307536421594], 'word2vec_size': [212.0]}
15, 0.208821, 38.742514, {'batch_size': [5.421632088244458], 'dropout': [0.4956658935435929], 'learning_rate': [0.001222091628338764], 'lstmO_size_1': [51.39877514906275], 'lstmO_size_2_2': [], 'lstmO_size_2_3': [32.981250613723745], 'lstmO_size_3_3': [20.692611882831113], 'n_layers': [2], 'output_dim_embedding': [105.18666870357744], 'shared_lstm_size': [11.486035794935775], 'word2vec_size': [201.0]}
16, 0.208767, 71.020977, {'batch_size': [3.0551601977059524], 'dropout': [0.2504246437546813], 'learning_rate': [0.00521928891808081], 'lstmO_size_1': [12.858609976775815], 'lstmO_size_2_2': [35.25514796026045], 'lstmO_size_2_3': [], 'lstmO_size_3_3': [], 'n_layers': [1], 'output_dim_embedding': [40.22423683768249], 'shared_lstm_size': [29.34774260438874], 'word2vec_size': [751.0]}
17, 0.176771, 84.175608, {'batch_size': [4.444954701875806], 'dropout': [0.19189847942757504], 'learning_rate': [0.005418701798957683], 'lstmO_size_1': [91.65113795776888], 'lstmO_size_2_2': [16.140231559546386], 'lstmO_size_2_3': [], 'lstmO_size_3_3': [], 'n_layers': [1], 'output_dim_embedding': [37.463230660750924], 'shared_lstm_size': [129.32806220309024], 'word2vec_size': [752.0]}
18, 0.187644, 36.643005, {'batch_size': [4.1572563176512425], 'dropout': [0.07990124228689838], 'learning_rate': [0.0026648328152759173], 'lstmO_size_1': [50.069135232675016], 'lstmO_size_2_2': [], 'lstmO_size_2_3': [], 'lstmO_size_3_3': [], 'n_layers': [0], 'output_dim_embedding': [24.595534045229133], 'shared_lstm_size': [44.5358432719024], 'word2vec_size': [537.0]}
19, 0.214849, 67.488569, {'batch_size': [4.913737020990257], 'dropout': [0.021507583813883513], 'learning_rate': [8.413812580711384e-05], 'lstmO_size_1': [11.05222471974816], 'lstmO_size_2_2': [], 'lstmO_size_2_3': [], 'lstmO_size_3_3': [], 'n_layers': [0], 'output_dim_embedding': [25.363241138900875], 'shared_lstm_size': [78.37211267605363], 'word2vec_size': [780.0]}
Total time: 0:44:02.172346

Best parameters:{'batch_size': 5, 'dropout': 0.040044704496731476, 'learning_rate': 0.0006193784036250674, 'lstmO_size_1': 17, 'n_layers': {'lstmO_size_2_3': 122, 'lstmO_size_3_3': 68, 'n_layers': 3}, 'output_dim_embedding': 16, 'shared_lstm_size': 38, 'win_size': 4, 'word2vec_size': 212}

Outcome metrics:
              precision    recall  f1-score   support

           0      0.906     0.891     0.898       550
           1      0.474     0.514     0.493       105

    accuracy                          0.831       655
   macro avg      0.690     0.703     0.696       655
weighted avg      0.836     0.831     0.833       655


Outcome confusion matrix:
[[490  60]
 [ 51  54]]
