
Hyperopt trials:
tid,loss,time,params used
0, 3.600062, 359.621640, {'batch_size': [4.567276918328798], 'dropout': [0.4909310207054787], 'learning_rate': [2.007053903553162e-05], 'lstmA_size_1': [20.06243983175916], 'lstmA_size_2_2': [], 'lstmA_size_2_3': [], 'lstmA_size_3_3': [], 'n_layers': [0], 'output_dim_embedding': [112.2583049875586], 'shared_lstm_size': [25.485386890423655], 'word2vec_size': [593.0]}
1, 3.596591, 60.317762, {'batch_size': [5.979207353461906], 'dropout': [0.28931689721743153], 'learning_rate': [0.00014688089920108393], 'lstmA_size_1': [26.47170166139452], 'lstmA_size_2_2': [], 'lstmA_size_2_3': [], 'lstmA_size_3_3': [], 'n_layers': [0], 'output_dim_embedding': [39.298782399566406], 'shared_lstm_size': [38.30329387841077], 'word2vec_size': [431.0]}
2, 3.635016, 434.679410, {'batch_size': [3.1588369940184275], 'dropout': [0.09594507225353749], 'learning_rate': [6.434247718070375e-05], 'lstmA_size_1': [46.83438074469443], 'lstmA_size_2_2': [], 'lstmA_size_2_3': [15.376435228999823], 'lstmA_size_3_3': [54.72432912333257], 'n_layers': [2], 'output_dim_embedding': [13.570290695986438], 'shared_lstm_size': [127.83355262922058], 'word2vec_size': [205.0]}
3, 3.756216, 1030.668235, {'batch_size': [3.441587016867382], 'dropout': [0.3247399312082772], 'learning_rate': [1.6287385133489992e-05], 'lstmA_size_1': [134.7581770030706], 'lstmA_size_2_2': [], 'lstmA_size_2_3': [86.04231713616066], 'lstmA_size_3_3': [84.1676955342468], 'n_layers': [2], 'output_dim_embedding': [27.67737363836205], 'shared_lstm_size': [12.594328753751466], 'word2vec_size': [841.0]}
4, 3.720651, 43.993796, {'batch_size': [5.429412206973201], 'dropout': [0.02920318325210186], 'learning_rate': [0.0003882009380836955], 'lstmA_size_1': [33.559835032481246], 'lstmA_size_2_2': [51.04848398047386], 'lstmA_size_2_3': [], 'lstmA_size_3_3': [], 'n_layers': [1], 'output_dim_embedding': [86.1147809738225], 'shared_lstm_size': [43.610407934499314], 'word2vec_size': [251.0]}
5, 3.678549, 83.930703, {'batch_size': [3.620498820830084], 'dropout': [0.13503383094154636], 'learning_rate': [0.00035013572823240174], 'lstmA_size_1': [86.99886938337275], 'lstmA_size_2_2': [], 'lstmA_size_2_3': [], 'lstmA_size_3_3': [], 'n_layers': [0], 'output_dim_embedding': [18.160935794438544], 'shared_lstm_size': [48.15024806736671], 'word2vec_size': [775.0]}
6, 3.549786, 30.688303, {'batch_size': [5.197451686978029], 'dropout': [0.4376012646052405], 'learning_rate': [0.002709833111589295], 'lstmA_size_1': [12.753586389793375], 'lstmA_size_2_2': [24.266706840720108], 'lstmA_size_2_3': [], 'lstmA_size_3_3': [], 'n_layers': [1], 'output_dim_embedding': [15.03077998855465], 'shared_lstm_size': [42.99685508938394], 'word2vec_size': [47.0]}
7, 3.616430, 81.104841, {'batch_size': [5.8632506758026235], 'dropout': [0.32877915344374903], 'learning_rate': [0.0010664412357667581], 'lstmA_size_1': [58.344292209685776], 'lstmA_size_2_2': [], 'lstmA_size_2_3': [11.206575378825248], 'lstmA_size_3_3': [129.33720941085352], 'n_layers': [2], 'output_dim_embedding': [29.31749032150501], 'shared_lstm_size': [136.9438084094826], 'word2vec_size': [977.0]}
8, 3.578743, 32.861857, {'batch_size': [5.735702496250944], 'dropout': [0.31924952142855345], 'learning_rate': [0.006781042173245594], 'lstmA_size_1': [66.97060993949049], 'lstmA_size_2_2': [], 'lstmA_size_2_3': [], 'lstmA_size_3_3': [], 'n_layers': [0], 'output_dim_embedding': [55.19828040944502], 'shared_lstm_size': [140.696437284403], 'word2vec_size': [156.0]}
9, 3.726851, 176.994060, {'batch_size': [3.835333807857967], 'dropout': [0.029407613236587082], 'learning_rate': [3.520775871154842e-05], 'lstmA_size_1': [71.06371133568813], 'lstmA_size_2_2': [], 'lstmA_size_2_3': [], 'lstmA_size_3_3': [], 'n_layers': [0], 'output_dim_embedding': [49.63154506397531], 'shared_lstm_size': [37.16774010205105], 'word2vec_size': [534.0]}
10, 3.719096, 116.126287, {'batch_size': [3.5920322948403998], 'dropout': [0.38345543270947674], 'learning_rate': [0.0006866684425800665], 'lstmA_size_1': [37.425992888765606], 'lstmA_size_2_2': [138.2653751955603], 'lstmA_size_2_3': [], 'lstmA_size_3_3': [], 'n_layers': [1], 'output_dim_embedding': [111.59189598142666], 'shared_lstm_size': [23.349555274315694], 'word2vec_size': [272.0]}
11, 3.586212, 40.277141, {'batch_size': [5.056866046950526], 'dropout': [0.38348930745818827], 'learning_rate': [0.0010124316806597918], 'lstmA_size_1': [24.29650241548284], 'lstmA_size_2_2': [12.175526289698954], 'lstmA_size_2_3': [], 'lstmA_size_3_3': [], 'n_layers': [1], 'output_dim_embedding': [39.558370106841245], 'shared_lstm_size': [24.294010423231597], 'word2vec_size': [151.0]}
12, 3.563011, 86.430967, {'batch_size': [5.018702996852309], 'dropout': [0.4570355040244706], 'learning_rate': [0.000578105808440386], 'lstmA_size_1': [37.746263921021104], 'lstmA_size_2_2': [], 'lstmA_size_2_3': [84.94581020869867], 'lstmA_size_3_3': [20.12300125190329], 'n_layers': [2], 'output_dim_embedding': [37.907614659014875], 'shared_lstm_size': [59.11654867932468], 'word2vec_size': [174.0]}
13, 3.685595, 155.057095, {'batch_size': [3.1260718487911943], 'dropout': [0.023388463283878946], 'learning_rate': [0.0012665097158481556], 'lstmA_size_1': [55.526898954319876], 'lstmA_size_2_2': [], 'lstmA_size_2_3': [95.94697091287414], 'lstmA_size_3_3': [74.72230715485799], 'n_layers': [2], 'output_dim_embedding': [64.2893708260644], 'shared_lstm_size': [10.089347677337125], 'word2vec_size': [918.0]}
14, 3.686314, 661.088161, {'batch_size': [5.2073518238343075], 'dropout': [0.4246566143713282], 'learning_rate': [3.151798874934797e-05], 'lstmA_size_1': [77.77522242959543], 'lstmA_size_2_2': [25.5031202764741], 'lstmA_size_2_3': [], 'lstmA_size_3_3': [], 'n_layers': [1], 'output_dim_embedding': [122.39291302739512], 'shared_lstm_size': [143.55879079937583], 'word2vec_size': [431.0]}
15, 3.616606, 220.809996, {'batch_size': [4.378141167706801], 'dropout': [0.12281656203460473], 'learning_rate': [3.181932419015954e-05], 'lstmA_size_1': [30.46702424867463], 'lstmA_size_2_2': [], 'lstmA_size_2_3': [], 'lstmA_size_3_3': [], 'n_layers': [0], 'output_dim_embedding': [24.754755867933767], 'shared_lstm_size': [13.267034279065715], 'word2vec_size': [397.0]}
16, 3.598456, 596.480491, {'batch_size': [4.24370171085383], 'dropout': [0.41456969585628894], 'learning_rate': [1.5420899561317113e-05], 'lstmA_size_1': [42.911271195857225], 'lstmA_size_2_2': [], 'lstmA_size_2_3': [], 'lstmA_size_3_3': [], 'n_layers': [0], 'output_dim_embedding': [29.973169144377614], 'shared_lstm_size': [104.56777461839279], 'word2vec_size': [58.0]}
17, 3.658190, 63.855633, {'batch_size': [5.660115412054191], 'dropout': [0.274384979189546], 'learning_rate': [0.002002501587139882], 'lstmA_size_1': [57.06539921257388], 'lstmA_size_2_2': [108.33968467228854], 'lstmA_size_2_3': [], 'lstmA_size_3_3': [], 'n_layers': [1], 'output_dim_embedding': [38.66513102096629], 'shared_lstm_size': [81.36101717896864], 'word2vec_size': [692.0]}
18, 3.661342, 132.527945, {'batch_size': [3.7970147314854152], 'dropout': [0.17619976960262035], 'learning_rate': [0.00012125845073755267], 'lstmA_size_1': [37.77683859971129], 'lstmA_size_2_2': [], 'lstmA_size_2_3': [], 'lstmA_size_3_3': [], 'n_layers': [0], 'output_dim_embedding': [50.54293093010549], 'shared_lstm_size': [58.63001594423688], 'word2vec_size': [551.0]}
19, 3.566023, 52.719837, {'batch_size': [4.883655062579857], 'dropout': [0.27462922934520806], 'learning_rate': [0.0016271294183869151], 'lstmA_size_1': [21.236205041362645], 'lstmA_size_2_2': [25.62322109641502], 'lstmA_size_2_3': [], 'lstmA_size_3_3': [], 'n_layers': [1], 'output_dim_embedding': [18.52285657726105], 'shared_lstm_size': [14.582809199696946], 'word2vec_size': [637.0]}
Total time: 1:14:20.234158

Best parameters:{'batch_size': 5, 'dropout': 0.4376012646052405, 'learning_rate': 0.002709833111589295, 'lstmA_size_1': 12, 'n_layers': {'lstmA_size_2_2': 24, 'n_layers': 2}, 'output_dim_embedding': 15, 'shared_lstm_size': 42, 'win_size': 4, 'word2vec_size': 47}

Next activity metrics:
              precision    recall  f1-score   support

           0      0.000     0.000     0.000        10
           1      0.000     0.000     0.000         4
           2      0.063     0.333     0.106        24
           3      0.056     0.040     0.047        25
           4      0.071     0.077     0.074        26
           5      0.083     0.050     0.062        20
           6      0.000     0.000     0.000        21
           7      0.000     0.000     0.000         9
           8      0.000     0.000     0.000        14
           9      0.000     0.000     0.000        14
          10      0.000     0.000     0.000        19
          11      0.039     0.080     0.053        25
          12      0.000     0.000     0.000         6
          13      0.000     0.000     0.000        14
          14      0.000     0.000     0.000         4
          15      0.300     0.333     0.316         9
          16      0.000     0.000     0.000        12
          17      0.000     0.000     0.000        16
          18      0.000     0.000     0.000        14
          19      0.029     0.100     0.044        10
          20      0.138     0.400     0.205        10
          21      0.000     0.000     0.000         5
          22      0.000     0.000     0.000        10
          23      0.095     0.400     0.154        10
          24      0.000     0.000     0.000        10
          25      0.000     0.000     0.000        11
          26      0.091     0.091     0.091        11
          27      0.000     0.000     0.000        10
          28      0.000     0.000     0.000        10
          29      0.083     0.091     0.087        11
          30      0.000     0.000     0.000         5
          31      0.000     0.000     0.000        10
          32      0.125     0.200     0.154        10
          33      0.000     0.000     0.000        17
          34      0.034     0.150     0.056        20
          35      0.000     0.000     0.000         2
          37      0.074     0.182     0.105        11
          38      0.000     0.000     0.000         9
          39      0.074     0.200     0.108        10
          40      0.000     0.000     0.000         8
          41      0.100     0.167     0.125        12
          43      0.083     0.091     0.087        11
          44      0.000     0.000     0.000         8
          45      0.000     0.000     0.000        12
          48      0.000     0.000     0.000         3
          50      0.000     0.000     0.000         3
          54      0.000     0.000     0.000        13
          56      0.000     0.000     0.000         1
          57      0.000     0.000     0.000         5
          60      0.000     0.000     0.000        13
          61      0.000     0.000     0.000         5
          62      0.000     0.000     0.000         5
          64      0.000     0.000     0.000         8
          65      0.000     0.000     0.000         3
          67      0.000     0.000     0.000         3
          70      0.000     0.000     0.000         3
          71      0.000     0.000     0.000         0
          72      0.000     0.000     0.000         3
          73      0.000     0.000     0.000         4
          74      0.000     0.000     0.000         2
          75      0.000     0.000     0.000         3
          76      0.000     0.000     0.000         4
          77      0.000     0.000     0.000         4
          78      0.000     0.000     0.000         4
          79      0.000     0.000     0.000         3
          80      0.000     0.000     0.000         3
          81      0.000     0.000     0.000         3
          82      0.000     0.000     0.000         1
          89      0.000     0.000     0.000         3
          90      0.000     0.000     0.000         1
          91      0.000     0.000     0.000         1
          92      0.000     0.000     0.000         1
          93      0.000     0.000     0.000         1
          94      0.000     0.000     0.000         1
          95      0.000     0.000     0.000         1
          96      0.000     0.000     0.000         1
          97      0.000     0.000     0.000         1
          98      0.000     0.000     0.000         1
          99      0.000     0.000     0.000         1
         100      0.000     0.000     0.000         1
         101      0.000     0.000     0.000         1
         102      0.000     0.000     0.000         2

    accuracy                          0.061       655
   macro avg      0.019     0.036     0.023       655
weighted avg      0.031     0.061     0.037       655


Next activity confusion matrix:
[[ 0  0  0  0  0  0  0  0  0  0  0  0  0  0  0  0  0  0  0  0 10  0  0  0
   0  0  0  0  0  0  0  0  0  0  0  0  0  0  0  0  0  0  0  0  0  0  0  0
   0  0  0  0  0  0  0  0  0  0  0  0  0  0  0  0  0  0  0  0  0  0  0  0
   0  0  0  0  0  0  0  0  0  0]
 [ 0  0  0  0  0  0  0  0  0  0  0  1  0  0  0  0  0  0  0  0  0  0  0  0
   0  0  0  0  0  0  0  0  0  0  0  0  0  0  0  0  0  0  0  0  0  0  0  0
   0  0  0  0  0  0  0  0  0  2  0  0  0  0  0  0  0  1  0  0  0  0  0  0
   0  0  0  0  0  0  0  0  0  0]
 [ 0  0  8  2  4  1  0  0  0  0  0  4  0  0  0  0  0  0  1  0  0  0  0  0
   0  0  0  0  0  0  0  0  0  0  4  0  0  0  0  0  0  0  0  0  0  0  0  0
   0  0  0  0  0  0  0  0  0  0  0  0  0  0  0  0  0  0  0  0  0  0  0  0
   0  0  0  0  0  0  0  0  0  0]
 [ 0  0  8  1  2  0  0  0  0  0  0  3  0  0  0  0  0  0  1  2  0  0  1  1
   0  0  0  0  0  0  0  0  0  0  4  0  1  0  0  0  1  0  0  0  0  0  0  0
   0  0  0  0  0  0  0  0  0  0  0  0  0  0  0  0  0  0  0  0  0  0  0  0
   0  0  0  0  0  0  0  0  0  0]
 [ 0  0 13  1  2  1  0  0  0  0  0  0  0  0  0  0  0  0  1  1  0  0  0  0
   0  0  0  0  0  0  0  0  0  0  7  0  0  0  0  0  0  0  0  0  0  0  0  0
   0  0  0  0  0  0  0  0  0  0  0  0  0  0  0  0  0  0  0  0  0  0  0  0
   0  0  0  0  0  0  0  0  0  0]
 [ 0  0 11  2  0  1  0  0  0  0  1  2  0  0  0  0  0  0  0  0  0  0  0  0
   0  0  0  0  0  0  0  0  0  0  3  0  0  0  0  0  0  0  0  0  0  0  0  0
   0  0  0  0  0  0  0  0  0  0  0  0  0  0  0  0  0  0  0  0  0  0  0  0
   0  0  0  0  0  0  0  0  0  0]
 [ 0  0 14  0  0  0  0  0  0  0  0  2  0  0  0  0  0  0  0  0  0  0  0  0
   0  0  0  0  0  0  0  0  0  0  4  0  1  0  0  0  0  0  0  0  0  0  0  0
   0  0  0  0  0  0  0  0  0  0  0  0  0  0  0  0  0  0  0  0  0  0  0  0
   0  0  0  0  0  0  0  0  0  0]
 [ 0  0  4  1  3  0  0  0  0  0  0  0  0  0  0  0  0  0  0  0  0  0  0  0
   0  1  0  0  0  0  0  0  0  0  0  0  0  0  0  0  0  0  0  0  0  0  0  0
   0  0  0  0  0  0  0  0  0  0  0  0  0  0  0  0  0  0  0  0  0  0  0  0
   0  0  0  0  0  0  0  0  0  0]
 [ 0  0  8  0  0  0  0  0  0  0  0  2  0  0  0  0  0  0  1  1  0  0  0  0
   0  0  0  0  0  0  0  0  0  0  2  0  0  0  0  0  0  0  0  0  0  0  0  0
   0  0  0  0  0  0  0  0  0  0  0  0  0  0  0  0  0  0  0  0  0  0  0  0
   0  0  0  0  0  0  0  0  0  0]
 [ 0  0  6  1  1  0  0  0  0  0  0  1  0  0  0  0  0  0  2  0  0  0  0  0
   0  0  0  0  0  0  0  0  0  0  3  0  0  0  0  0  0  0  0  0  0  0  0  0
   0  0  0  0  0  0  0  0  0  0  0  0  0  0  0  0  0  0  0  0  0  0  0  0
   0  0  0  0  0  0  0  0  0  0]
 [ 0  0  7  2  4  0  0  0  0  0  0  2  0  0  0  1  0  0  0  0  0  0  0  0
   0  0  0  0  0  0  0  0  0  0  3  0  0  0  0  0  0  0  0  0  0  0  0  0
   0  0  0  0  0  0  0  0  0  0  0  0  0  0  0  0  0  0  0  0  0  0  0  0
   0  0  0  0  0  0  0  0  0  0]
 [ 0  0 11  0  1  1  0  0  0  0  0  2  0  0  0  0  0  0  1  2  0  0  0  1
   0  0  0  0  0  0  0  0  0  0  5  0  1  0  0  0  0  0  0  0  0  0  0  0
   0  0  0  0  0  0  0  0  0  0  0  0  0  0  0  0  0  0  0  0  0  0  0  0
   0  0  0  0  0  0  0  0  0  0]
 [ 0  0  0  0  1  0  0  0  0  0  0  0  0  0  0  0  0  0  0  0  0  0  0  0
   0  0  0  0  0  0  0  0  0  0  4  0  0  0  0  0  0  1  0  0  0  0  0  0
   0  0  0  0  0  0  0  0  0  0  0  0  0  0  0  0  0  0  0  0  0  0  0  0
   0  0  0  0  0  0  0  0  0  0]
 [ 0  0  8  0  1  1  0  0  0  0  0  0  0  0  0  0  0  0  0  0  0  0  0  0
   0  0  0  0  0  0  0  0  0  0  3  0  0  0  0  0  0  0  0  0  0  0  1  0
   0  0  0  0  0  0  0  0  0  0  0  0  0  0  0  0  0  0  0  0  0  0  0  0
   0  0  0  0  0  0  0  0  0  0]
 [ 0  0  0  0  0  0  0  0  0  0  0  1  0  0  0  0  0  0  2  1  0  0  0  0
   0  0  0  0  0  0  0  0  0  0  0  0  0  0  0  0  0  0  0  0  0  0  0  0
   0  0  0  0  0  0  0  0  0  0  0  0  0  0  0  0  0  0  0  0  0  0  0  0
   0  0  0  0  0  0  0  0  0  0]
 [ 0  0  0  0  0  0  0  0  0  0  0  1  0  0  0  3  0  0  0  0  0  0  0  0
   0  0  0  0  0  0  0  0  0  0  1  0  3  0  0  0  1  0  0  0  0  0  0  0
   0  0  0  0  0  0  0  0  0  0  0  0  0  0  0  0  0  0  0  0  0  0  0  0
   0  0  0  0  0  0  0  0  0  0]
 [ 0  0  0  0  0  0  0  0  0  0  0  0  0  0  0  0  0  0  0  0  3  0  0  6
   0  0  0  0  0  1  0  0  2  0  0  0  0  0  0  0  0  0  0  0  0  0  0  0
   0  0  0  0  0  0  0  0  0  0  0  0  0  0  0  0  0  0  0  0  0  0  0  0
   0  0  0  0  0  0  0  0  0  0]
 [ 0  0  3  0  0  0  0  0  0  0  0  2  0  0  0  0  0  0  2  1  0  0  0  0
   0  0  0  0  0  0  0  0  0  0  6  0  0  0  1  0  1  0  0  0  0  0  0  0
   0  0  0  0  0  0  0  0  0  0  0  0  0  0  0  0  0  0  0  0  0  0  0  0
   0  0  0  0  0  0  0  0  0  0]
 [ 0  0  0  1  1  0  0  0  0  0  0  0  0  0  0  0  0  0  0  1  0  0  0  0
   0  1  0  0  0  1  0  0  0  0  6  0  0  0  3  0  0  0  0  0  0  0  0  0
   0  0  0  0  0  0  0  0  0  0  0  0  0  0  0  0  0  0  0  0  0  0  0  0
   0  0  0  0  0  0  0  0  0  0]
 [ 0  0  0  0  0  0  0  0  0  0  0  0  0  0  0  0  1  0  0  1  0  0  0  0
   1  0  0  0  0  0  0  0  0  0  1  0  0  0  4  0  1  1  0  0  0  0  0  0
   0  0  0  0  0  0  0  0  0  0  0  0  0  0  0  0  0  0  0  0  0  0  0  0
   0  0  0  0  0  0  0  0  0  0]
 [ 0  0  0  0  0  0  0  0  0  0  0  0  0  0  0  0  0  0  0  0  4  0  2  1
   0  0  0  0  0  2  0  0  1  0  0  0  0  0  0  0  0  0  0  0  0  0  0  0
   0  0  0  0  0  0  0  0  0  0  0  0  0  0  0  0  0  0  0  0  0  0  0  0
   0  0  0  0  0  0  0  0  0  0]
 [ 0  0  0  0  0  0  0  0  0  0  0  0  0  0  0  1  0  0  0  0  0  0  0  0
   0  0  0  0  0  0  0  0  0  0  0  0  1  0  2  0  1  0  0  0  0  0  0  0
   0  0  0  0  0  0  0  0  0  0  0  0  0  0  0  0  0  0  0  0  0  0  0  0
   0  0  0  0  0  0  0  0  0  0]
 [ 0  0  0  0  0  0  0  0  0  0  0  0  0  0  0  0  0  0  0  0  1  0  0  7
   0  0  0  0  0  0  0  0  2  0  0  0  0  0  0  0  0  0  0  0  0  0  0  0
   0  0  0  0  0  0  0  0  0  0  0  0  0  0  0  0  0  0  0  0  0  0  0  0
   0  0  0  0  0  0  0  0  0  0]
 [ 0  0  0  0  0  0  0  0  0  0  0  0  0  0  0  0  0  0  0  2  0  0  0  4
   0  0  0  0  0  1  0  0  2  0  0  0  0  0  0  0  1  0  0  0  0  0  0  0
   0  0  0  0  0  0  0  0  0  0  0  0  0  0  0  0  0  0  0  0  0  0  0  0
   0  0  0  0  0  0  0  0  0  0]
 [ 0  0  0  0  0  0  0  0  0  0  0  0  0  0  0  0  0  0  0  0  2  0  1  2
   0  0  2  0  1  0  0  0  0  0  0  0  0  0  1  0  0  1  0  0  0  0  0  0
   0  0  0  0  0  0  0  0  0  0  0  0  0  0  0  0  0  0  0  0  0  0  0  0
   0  0  0  0  0  0  0  0  0  0]
 [ 0  0  0  0  0  0  0  0  0  0  0  0  0  0  0  0  0  0  2  1  0  0  0  0
   0  0  1  0  0  0  0  0  0  0  2  0  1  0  2  0  0  2  0  0  0  0  0  0
   0  0  0  0  0  0  0  0  0  0  0  0  0  0  0  0  0  0  0  0  0  0  0  0
   0  0  0  0  0  0  0  0  0  0]
 [ 0  0  0  0  0  0  0  0  0  0  0  2  0  0  0  0  0  0  0  1  0  0  0  0
   0  0  1  0  0  0  0  0  0  0  0  0  3  0  2  0  2  0  0  0  0  0  0  0
   0  0  0  0  0  0  0  0  0  0  0  0  0  0  0  0  0  0  0  0  0  0  0  0
   0  0  0  0  0  0  0  0  0  0]
 [ 0  0  0  0  0  0  0  0  0  0  0  0  0  0  0  0  1  0  0  1  3  0  0  3
   0  0  0  0  0  1  0  0  1  0  0  0  0  0  0  0  0  0  0  0  0  0  0  0
   0  0  0  0  0  0  0  0  0  0  0  0  0  0  0  0  0  0  0  0  0  0  0  0
   0  0  0  0  0  0  0  0  0  0]
 [ 0  0  0  0  0  0  0  0  0  0  0  0  0  0  0  0  0  0  0  3  0  0  0  3
   0  0  1  0  0  1  0  0  1  0  0  0  0  0  0  0  0  1  0  0  0  0  0  0
   0  0  0  0  0  0  0  0  0  0  0  0  0  0  0  0  0  0  0  0  0  0  0  0
   0  0  0  0  0  0  0  0  0  0]
 [ 0  0  0  0  0  0  0  0  0  0  0  0  0  0  0  0  0  0  0  0  2  0  0  3
   1  0  0  0  0  1  0  1  0  0  0  0  0  0  0  0  1  1  0  0  0  0  0  0
   0  0  0  0  0  0  0  0  0  1  0  0  0  0  0  0  0  0  0  0  0  0  0  0
   0  0  0  0  0  0  0  0  0  0]
 [ 0  0  0  0  0  0  0  0  0  0  0  0  0  0  0  0  0  0  0  0  0  0  1  3
   0  0  0  0  0  0  0  0  1  0  0  0  0  0  0  0  0  0  0  0  0  0  0  0
   0  0  0  0  0  0  0  0  0  0  0  0  0  0  0  0  0  0  0  0  0  0  0  0
   0  0  0  0  0  0  0  0  0  0]
 [ 0  0  0  0  0  0  0  0  0  0  0  0  0  0  0  0  0  0  2  2  1  0  0  0
   0  2  2  0  0  0  0  0  0  0  0  0  0  0  0  0  0  1  0  0  0  0  0  0
   0  0  0  0  0  0  0  0  0  0  0  0  0  0  0  0  0  0  0  0  0  0  0  0
   0  0  0  0  0  0  0  0  0  0]
 [ 0  0  0  0  0  0  0  0  0  0  0  0  0  0  0  0  0  0  0  1  2  0  1  4
   0  0  0  0  0  0  0  0  2  0  0  0  0  0  0  0  0  0  0  0  0  0  0  0
   0  0  0  0  0  0  0  0  0  0  0  0  0  0  0  0  0  0  0  0  0  0  0  0
   0  0  0  0  0  0  0  0  0  0]
 [ 0  0  6  1  0  0  0  0  0  0  0  2  0  0  0  0  0  0  3  0  0  0  0  0
   0  0  0  0  0  0  0  0  0  0  4  0  0  0  1  0  0  0  0  0  0  0  0  0
   0  0  0  0  0  0  0  0  0  0  0  0  0  0  0  0  0  0  0  0  0  0  0  0
   0  0  0  0  0  0  0  0  0  0]
 [ 0  0  8  0  1  0  0  0  0  0  0  1  0  0  0  0  0  0  4  2  0  0  0  0
   0  0  0  0  0  0  0  0  0  0  3  0  0  0  0  0  0  0  0  0  0  0  1  0
   0  0  0  0  0  0  0  0  0  0  0  0  0  0  0  0  0  0  0  0  0  0  0  0
   0  0  0  0  0  0  0  0  0  0]
 [ 0  0  0  0  0  0  0  0  0  0  0  0  0  0  0  0  0  0  0  1  0  0  1  0
   0  0  0  0  0  0  0  0  0  0  0  0  0  0  0  0  0  0  0  0  0  0  0  0
   0  0  0  0  0  0  0  0  0  0  0  0  0  0  0  0  0  0  0  0  0  0  0  0
   0  0  0  0  0  0  0  0  0  0]
 [ 0  0  3  0  0  1  0  0  0  0  0  1  0  0  0  0  0  0  1  0  0  0  0  0
   0  0  0  0  0  0  0  0  0  0  0  0  2  0  1  0  2  0  0  0  0  0  0  0
   0  0  0  0  0  0  0  0  0  0  0  0  0  0  0  0  0  0  0  0  0  0  0  0
   0  0  0  0  0  0  0  0  0  0]
 [ 0  0  0  0  0  0  0  0  0  0  0  1  0  0  0  0  0  0  0  1  0  0  0  1
   0  0  0  0  0  0  0  0  0  0  4  0  1  0  1  0  0  0  0  0  0  0  0  0
   0  0  0  0  0  0  0  0  0  0  0  0  0  0  0  0  0  0  0  0  0  0  0  0
   0  0  0  0  0  0  0  0  0  0]
 [ 0  0  0  0  0  0  0  0  0  0  0  2  0  0  0  0  0  0  0  0  0  0  0  0
   1  0  0  0  0  0  0  0  0  0  0  0  2  0  2  0  2  1  0  0  0  0  0  0
   0  0  0  0  0  0  0  0  0  0  0  0  0  0  0  0  0  0  0  0  0  0  0  0
   0  0  0  0  0  0  0  0  0  0]
 [ 0  0  0  0  0  0  0  0  0  0  0  0  0  0  0  0  0  0  0  0  0  0  0  0
   0  1  2  0  0  2  0  0  0  0  1  0  1  0  0  0  1  0  0  0  0  0  0  0
   0  0  0  0  0  0  0  0  0  0  0  0  0  0  0  0  0  0  0  0  0  0  0  0
   0  0  0  0  0  0  0  0  0  0]
 [ 0  0  0  0  0  0  0  0  0  0  0  0  0  0  0  0  0  0  0  2  0  0  1  0
   0  0  1  0  0  0  0  0  0  0  1  0  3  0  1  0  2  1  0  0  0  0  0  0
   0  0  0  0  0  0  0  0  0  0  0  0  0  0  0  0  0  0  0  0  0  0  0  0
   0  0  0  0  0  0  0  0  0  0]
 [ 0  0  0  0  0  0  0  0  0  0  0  0  0  0  0  1  0  0  0  3  1  0  0  0
   0  0  1  0  1  1  0  0  1  0  0  0  0  0  0  0  1  1  0  0  0  0  0  0
   0  0  0  0  0  0  0  0  0  0  0  0  0  0  0  0  0  0  0  0  0  0  0  0
   0  0  0  0  0  0  0  0  0  0]
 [ 0  0  0  1  1  0  0  0  0  0  0  1  0  0  0  0  0  0  0  2  0  0  0  0
   0  0  0  0  0  0  0  0  0  0  2  0  0  0  1  0  0  0  0  0  0  0  0  0
   0  0  0  0  0  0  0  0  0  0  0  0  0  0  0  0  0  0  0  0  0  0  0  0
   0  0  0  0  0  0  0  0  0  0]
 [ 0  0  0  1  0  0  0  0  0  0  0  2  0  0  0  3  0  0  0  1  0  0  0  0
   0  0  0  0  0  0  0  0  0  0  1  0  1  0  2  0  1  0  0  0  0  0  0  0
   0  0  0  0  0  0  0  0  0  0  0  0  0  0  0  0  0  0  0  0  0  0  0  0
   0  0  0  0  0  0  0  0  0  0]
 [ 0  0  0  0  0  0  0  0  0  0  0  0  0  0  0  0  0  0  0  0  0  0  0  0
   0  0  0  0  0  0  0  0  0  0  3  0  0  0  0  0  0  0  0  0  0  0  0  0
   0  0  0  0  0  0  0  0  0  0  0  0  0  0  0  0  0  0  0  0  0  0  0  0
   0  0  0  0  0  0  0  0  0  0]
 [ 0  0  1  0  0  0  0  0  0  0  0  0  0  0  0  0  0  0  0  0  0  0  0  0
   0  0  0  0  0  0  0  0  0  0  2  0  0  0  0  0  0  0  0  0  0  0  0  0
   0  0  0  0  0  0  0  0  0  0  0  0  0  0  0  0  0  0  0  0  0  0  0  0
   0  0  0  0  0  0  0  0  0  0]
 [ 0  0  1  0  2  0  0  0  0  0  0  2  0  0  0  0  0  0  1  1  0  0  0  0
   0  0  0  0  0  0  0  0  0  0  6  0  0  0  0  0  0  0  0  0  0  0  0  0
   0  0  0  0  0  0  0  0  0  0  0  0  0  0  0  0  0  0  0  0  0  0  0  0
   0  0  0  0  0  0  0  0  0  0]
 [ 0  0  0  0  0  0  0  0  0  0  0  0  0  0  0  0  0  0  0  0  0  0  0  0
   0  0  0  0  0  0  0  0  0  0  1  0  0  0  0  0  0  0  0  0  0  0  0  0
   0  0  0  0  0  0  0  0  0  0  0  0  0  0  0  0  0  0  0  0  0  0  0  0
   0  0  0  0  0  0  0  0  0  0]
 [ 0  0  0  0  0  0  0  0  0  0  0  1  0  0  0  0  0  0  0  0  0  0  0  0
   0  0  0  0  0  0  0  0  0  0  0  0  1  0  1  0  1  1  0  0  0  0  0  0
   0  0  0  0  0  0  0  0  0  0  0  0  0  0  0  0  0  0  0  0  0  0  0  0
   0  0  0  0  0  0  0  0  0  0]
 [ 0  0  4  1  0  5  0  0  0  0  0  2  0  0  0  0  0  0  0  0  0  0  0  0
   0  0  0  0  0  0  0  0  0  0  0  0  1  0  0  0  0  0  0  0  0  0  0  0
   0  0  0  0  0  0  0  0  0  0  0  0  0  0  0  0  0  0  0  0  0  0  0  0
   0  0  0  0  0  0  0  0  0  0]
 [ 0  0  0  0  0  0  0  0  0  0  0  0  0  0  0  0  0  0  0  0  0  0  0  0
   0  0  0  0  0  0  0  0  0  0  0  0  3  0  2  0  0  0  0  0  0  0  0  0
   0  0  0  0  0  0  0  0  0  0  0  0  0  0  0  0  0  0  0  0  0  0  0  0
   0  0  0  0  0  0  0  0  0  0]
 [ 0  0  0  0  0  0  0  0  0  0  0  0  0  0  0  0  0  0  0  0  0  0  2  1
   0  0  0  0  0  0  0  0  2  0  0  0  0  0  0  0  0  0  0  0  0  0  0  0
   0  0  0  0  0  0  0  0  0  0  0  0  0  0  0  0  0  0  0  0  0  0  0  0
   0  0  0  0  0  0  0  0  0  0]
 [ 0  0  2  2  0  1  0  0  0  0  0  2  0  0  0  0  0  0  0  0  0  0  0  0
   0  0  0  0  0  1  0  0  0  0  0  0  0  0  0  0  0  0  0  0  0  0  0  0
   0  0  0  0  0  0  0  0  0  0  0  0  0  0  0  0  0  0  0  0  0  0  0  0
   0  0  0  0  0  0  0  0  0  0]
 [ 0  0  0  0  0  0  0  0  0  0  0  0  0  0  0  1  0  0  0  0  0  0  0  0
   0  0  0  0  0  0  0  0  1  0  0  0  0  0  0  0  1  0  0  0  0  0  0  0
   0  0  0  0  0  0  0  0  0  0  0  0  0  0  0  0  0  0  0  0  0  0  0  0
   0  0  0  0  0  0  0  0  0  0]
 [ 0  0  0  0  0  0  0  0  0  0  0  0  0  0  0  0  0  0  0  1  0  0  0  2
   0  0  0  0  0  0  0  0  0  0  0  0  0  0  0  0  0  0  0  0  0  0  0  0
   0  0  0  0  0  0  0  0  0  0  0  0  0  0  0  0  0  0  0  0  0  0  0  0
   0  0  0  0  0  0  0  0  0  0]
 [ 0  0  0  0  0  0  0  0  0  0  0  1  0  0  0  0  0  0  0  0  0  0  0  0
   0  0  0  0  0  0  0  0  0  0  1  0  0  0  0  0  0  0  0  0  0  0  0  0
   0  0  0  0  0  0  0  0  0  0  1  0  0  0  0  0  0  0  0  0  0  0  0  0
   0  0  0  0  0  0  0  0  0  0]
 [ 0  0  0  0  0  0  0  0  0  0  0  0  0  0  0  0  0  0  0  0  0  0  0  0
   0  0  0  0  0  0  0  0  0  0  0  0  0  0  0  0  0  0  0  0  0  0  0  0
   0  0  0  0  0  0  0  0  0  0  0  0  0  0  0  0  0  0  0  0  0  0  0  0
   0  0  0  0  0  0  0  0  0  0]
 [ 0  0  0  0  1  0  0  0  0  0  0  0  0  0  0  0  0  0  0  0  0  0  0  0
   0  0  0  0  0  0  0  0  0  0  0  0  0  0  0  0  0  0  0  0  0  0  0  0
   0  0  0  0  0  0  0  0  0  0  2  0  0  0  0  0  0  0  0  0  0  0  0  0
   0  0  0  0  0  0  0  0  0  0]
 [ 0  0  1  0  0  0  0  0  0  0  0  1  0  0  0  0  0  0  0  0  0  0  0  0
   0  0  0  0  0  0  0  0  0  0  0  0  0  0  0  0  0  0  0  0  0  1  0  0
   0  0  0  0  0  0  0  0  0  1  0  0  0  0  0  0  0  0  0  0  0  0  0  0
   0  0  0  0  0  0  0  0  0  0]
 [ 0  0  0  0  0  0  0  0  0  0  0  0  0  0  0  0  0  0  0  0  0  0  0  0
   0  0  0  0  0  0  0  0  0  0  0  0  0  0  0  0  0  0  0  0  0  0  0  0
   0  0  0  0  0  0  0  0  1  0  0  0  0  0  0  0  0  1  0  0  0  0  0  0
   0  0  0  0  0  0  0  0  0  0]
 [ 0  0  0  0  0  0  0  0  0  0  0  0  0  0  0  0  0  0  0  0  0  0  0  0
   0  0  0  0  0  0  0  0  0  0  1  0  0  0  0  0  0  0  0  0  0  0  0  0
   0  0  0  0  0  0  0  0  0  0  2  0  0  0  0  0  0  0  0  0  0  0  0  0
   0  0  0  0  0  0  0  0  0  0]
 [ 0  0  0  0  0  0  0  0  0  0  0  0  0  0  0  0  0  0  0  0  0  0  0  0
   0  0  0  0  0  0  0  0  0  0  0  0  0  0  0  0  0  0  0  0  0  0  0  0
   0  1  0  0  0  0  0  0  0  0  1  0  0  0  0  0  0  2  0  0  0  0  0  0
   0  0  0  0  0  0  0  0  0  0]
 [ 0  0  0  0  0  0  0  0  0  0  0  1  0  0  0  0  0  0  0  0  0  0  0  0
   0  0  0  0  0  0  0  0  0  0  0  0  0  0  0  0  0  0  0  0  0  0  0  0
   0  0  0  0  0  0  0  0  0  0  1  0  0  0  0  0  0  2  0  0  0  0  0  0
   0  0  0  0  0  0  0  0  0  0]
 [ 0  0  0  0  0  0  0  0  0  0  0  1  0  0  0  0  0  0  0  0  0  0  0  0
   0  0  0  0  0  0  0  0  0  0  0  0  0  0  0  0  0  0  0  0  0  0  0  0
   0  0  0  0  0  0  0  0  0  2  1  0  0  0  0  0  0  0  0  0  0  0  0  0
   0  0  0  0  0  0  0  0  0  0]
 [ 0  0  0  0  0  0  0  0  0  0  0  1  0  0  0  0  0  0  0  0  0  0  0  0
   0  0  0  0  0  0  0  0  0  0  0  0  0  0  0  0  0  0  0  0  0  0  0  0
   0  0  0  0  0  0  0  0  0  1  0  0  0  0  0  0  0  0  1  0  0  0  0  0
   0  0  0  0  0  0  0  0  0  0]
 [ 0  0  0  0  0  0  0  0  0  0  0  0  0  0  0  0  0  0  0  0  0  0  0  0
   0  0  0  0  0  0  0  0  0  0  0  0  0  0  0  0  0  0  0  0  0  1  0  0
   0  0  0  0  0  0  0  0  0  1  1  0  0  0  0  0  0  0  0  0  0  0  0  0
   0  0  0  0  0  0  0  0  0  0]
 [ 0  0  0  0  0  0  0  0  0  0  0  0  0  0  0  0  0  0  0  0  0  0  0  0
   0  0  0  0  0  0  0  0  0  0  0  0  0  0  0  0  0  0  0  0  0  0  0  0
   0  0  0  0  0  0  0  0  0  0  1  0  0  0  1  0  0  1  0  0  0  0  0  0
   0  0  0  0  0  0  0  0  0  0]
 [ 0  0  0  0  0  0  0  0  0  0  0  0  0  0  0  0  0  0  0  0  0  0  0  0
   0  0  0  0  0  0  0  0  0  0  0  0  0  0  0  0  0  0  0  0  0  0  0  0
   0  0  0  0  0  0  0  0  0  0  1  0  0  0  0  0  0  0  0  0  0  0  0  0
   0  0  0  0  0  0  0  0  0  0]
 [ 0  0  0  0  0  0  0  0  0  0  0  1  0  0  0  0  0  0  0  0  0  0  0  0
   0  0  0  0  0  0  0  0  0  0  0  0  0  0  0  0  0  0  0  0  0  0  0  0
   0  0  0  0  0  0  0  0  0  1  0  0  0  0  0  0  0  1  0  0  0  0  0  0
   0  0  0  0  0  0  0  0  0  0]
 [ 0  0  0  0  0  0  0  0  0  0  0  0  0  0  0  0  0  0  0  0  0  0  0  0
   0  0  0  0  0  0  0  0  0  0  0  0  0  0  0  0  0  0  0  0  0  0  0  0
   0  0  0  0  0  0  0  0  0  0  1  0  0  0  0  0  0  0  0  0  0  0  0  0
   0  0  0  0  0  0  0  0  0  0]
 [ 0  0  0  0  0  0  0  0  0  0  0  0  0  0  0  0  0  0  0  0  0  0  0  0
   0  0  0  0  0  0  0  0  0  0  0  0  1  0  0  0  0  0  0  0  0  0  0  0
   0  0  0  0  0  0  0  0  0  0  0  0  0  0  0  0  0  0  0  0  0  0  0  0
   0  0  0  0  0  0  0  0  0  0]
 [ 0  0  0  0  0  0  0  0  0  0  0  0  0  0  0  0  0  0  0  0  0  0  0  0
   0  0  0  0  0  0  0  0  0  0  0  0  0  0  0  0  0  0  0  0  0  0  0  0
   0  0  0  0  0  0  0  1  0  0  0  0  0  0  0  0  0  0  0  0  0  0  0  0
   0  0  0  0  0  0  0  0  0  0]
 [ 0  0  0  1  0  0  0  0  0  0  0  0  0  0  0  0  0  0  0  0  0  0  0  0
   0  0  0  0  0  0  0  0  0  0  0  0  0  0  0  0  0  0  0  0  0  0  0  0
   0  0  0  0  0  0  0  0  0  0  0  0  0  0  0  0  0  0  0  0  0  0  0  0
   0  0  0  0  0  0  0  0  0  0]
 [ 0  0  0  0  1  0  0  0  0  0  0  0  0  0  0  0  0  0  0  0  0  0  0  0
   0  0  0  0  0  0  0  0  0  0  0  0  0  0  0  0  0  0  0  0  0  0  0  0
   0  0  0  0  0  0  0  0  0  0  0  0  0  0  0  0  0  0  0  0  0  0  0  0
   0  0  0  0  0  0  0  0  0  0]
 [ 0  0  0  0  1  0  0  0  0  0  0  0  0  0  0  0  0  0  0  0  0  0  0  0
   0  0  0  0  0  0  0  0  0  0  0  0  0  0  0  0  0  0  0  0  0  0  0  0
   0  0  0  0  0  0  0  0  0  0  0  0  0  0  0  0  0  0  0  0  0  0  0  0
   0  0  0  0  0  0  0  0  0  0]
 [ 0  0  0  0  1  0  0  0  0  0  0  0  0  0  0  0  0  0  0  0  0  0  0  0
   0  0  0  0  0  0  0  0  0  0  0  0  0  0  0  0  0  0  0  0  0  0  0  0
   0  0  0  0  0  0  0  0  0  0  0  0  0  0  0  0  0  0  0  0  0  0  0  0
   0  0  0  0  0  0  0  0  0  0]
 [ 0  0  0  0  0  0  0  0  0  0  0  1  0  0  0  0  0  0  0  0  0  0  0  0
   0  0  0  0  0  0  0  0  0  0  0  0  0  0  0  0  0  0  0  0  0  0  0  0
   0  0  0  0  0  0  0  0  0  0  0  0  0  0  0  0  0  0  0  0  0  0  0  0
   0  0  0  0  0  0  0  0  0  0]
 [ 0  0  0  0  0  0  0  0  0  0  0  1  0  0  0  0  0  0  0  0  0  0  0  0
   0  0  0  0  0  0  0  0  0  0  0  0  0  0  0  0  0  0  0  0  0  0  0  0
   0  0  0  0  0  0  0  0  0  0  0  0  0  0  0  0  0  0  0  0  0  0  0  0
   0  0  0  0  0  0  0  0  0  0]
 [ 0  0  0  0  0  0  0  0  0  0  0  1  0  0  0  0  0  0  0  0  0  0  0  0
   0  0  0  0  0  0  0  0  0  0  0  0  0  0  0  0  0  0  0  0  0  0  0  0
   0  0  0  0  0  0  0  0  0  0  0  0  0  0  0  0  0  0  0  0  0  0  0  0
   0  0  0  0  0  0  0  0  0  0]
 [ 0  0  0  0  0  0  0  0  0  0  0  0  0  0  0  0  0  0  0  0  0  0  0  0
   0  0  0  0  0  0  0  0  0  0  0  0  0  1  0  0  0  0  0  0  0  0  0  0
   0  0  0  0  0  0  0  0  0  0  0  0  0  0  0  0  0  0  0  0  0  0  0  0
   0  0  0  0  0  0  0  0  0  0]
 [ 0  0  0  0  0  0  0  0  0  0  0  0  0  0  0  0  0  0  0  0  0  0  0  0
   0  0  0  0  0  0  0  0  0  0  0  0  0  1  0  0  0  0  0  0  0  0  0  0
   0  0  0  0  0  0  0  0  0  0  0  0  0  0  0  0  0  0  0  0  0  0  0  0
   0  0  0  0  0  0  0  0  0  0]
 [ 0  0  0  0  0  0  0  0  0  0  0  0  0  0  0  0  0  0  0  0  0  0  0  0
   0  0  0  0  0  0  0  0  0  0  0  0  0  0  0  0  0  0  0  0  0  0  0  0
   0  0  0  0  0  0  0  0  0  1  0  0  0  0  0  0  0  1  0  0  0  0  0  0
   0  0  0  0  0  0  0  0  0  0]]
