
Hyperopt trials:
tid,loss,time,params used
0, 0.226949, 115.401051, {'batch_size': [3.342493923276769], 'dropout': [0.2060842242301576], 'learning_rate': [0.0004661398982987454], 'lstmO_size_1': [14.813748974516312], 'lstmO_size_2_2': [], 'lstmO_size_2_3': [], 'lstmO_size_3_3': [], 'n_layers': [0], 'output_dim_embedding': [14.212357536801717], 'shared_lstm_size': [35.203520751897365], 'word2vec_size': [106.0]}
1, 0.210374, 106.569046, {'batch_size': [4.932420504371164], 'dropout': [0.2287094485742528], 'learning_rate': [0.0002324302135546216], 'lstmO_size_1': [140.98760144771543], 'lstmO_size_2_2': [], 'lstmO_size_2_3': [81.14435537595365], 'lstmO_size_3_3': [49.010886656330236], 'n_layers': [2], 'output_dim_embedding': [21.066251321126988], 'shared_lstm_size': [19.636922520764667], 'word2vec_size': [694.0]}
2, 0.227874, 29.136280, {'batch_size': [5.996838785336754], 'dropout': [0.30285848635530743], 'learning_rate': [0.0003715085751250409], 'lstmO_size_1': [33.67647872530742], 'lstmO_size_2_2': [], 'lstmO_size_2_3': [], 'lstmO_size_3_3': [], 'n_layers': [0], 'output_dim_embedding': [13.707826123685557], 'shared_lstm_size': [12.824505493337805], 'word2vec_size': [188.0]}
3, 0.168085, 82.412613, {'batch_size': [5.723105188729127], 'dropout': [0.26617921713457204], 'learning_rate': [0.004546478664275706], 'lstmO_size_1': [30.293957023502458], 'lstmO_size_2_2': [69.29858246487613], 'lstmO_size_2_3': [], 'lstmO_size_3_3': [], 'n_layers': [1], 'output_dim_embedding': [45.42060878542219], 'shared_lstm_size': [97.45533089026318], 'word2vec_size': [986.0]}
4, 0.226432, 103.125011, {'batch_size': [3.6114530026121385], 'dropout': [0.30051319694542017], 'learning_rate': [0.0011643454189815031], 'lstmO_size_1': [36.64429569963828], 'lstmO_size_2_2': [], 'lstmO_size_2_3': [], 'lstmO_size_3_3': [], 'n_layers': [0], 'output_dim_embedding': [120.1764378251791], 'shared_lstm_size': [59.5517045692244], 'word2vec_size': [744.0]}
5, 0.166777, 55.674148, {'batch_size': [4.015804826868561], 'dropout': [0.433544824596588], 'learning_rate': [0.000807067143705021], 'lstmO_size_1': [87.99400501970477], 'lstmO_size_2_2': [], 'lstmO_size_2_3': [], 'lstmO_size_3_3': [], 'n_layers': [0], 'output_dim_embedding': [73.96333543869908], 'shared_lstm_size': [73.79652005457977], 'word2vec_size': [407.0]}
6, 0.259201, 196.367363, {'batch_size': [4.041366146541075], 'dropout': [0.4251944188053142], 'learning_rate': [3.817351929656695e-05], 'lstmO_size_1': [24.67356078573297], 'lstmO_size_2_2': [], 'lstmO_size_2_3': [50.27852497727472], 'lstmO_size_3_3': [28.851293304704132], 'n_layers': [2], 'output_dim_embedding': [14.661052103704693], 'shared_lstm_size': [17.862912878836454], 'word2vec_size': [523.0]}
7, 0.207989, 121.543465, {'batch_size': [3.751284351663419], 'dropout': [0.23931943771110087], 'learning_rate': [0.001419309613018338], 'lstmO_size_1': [14.607187241119624], 'lstmO_size_2_2': [], 'lstmO_size_2_3': [75.81564769468385], 'lstmO_size_3_3': [83.14658967762169], 'n_layers': [2], 'output_dim_embedding': [22.271645368748725], 'shared_lstm_size': [39.63005382536884], 'word2vec_size': [591.0]}
8, 0.227223, 87.316958, {'batch_size': [5.582986777087539], 'dropout': [0.3603530018680518], 'learning_rate': [0.00036346151151952263], 'lstmO_size_1': [25.565206970107518], 'lstmO_size_2_2': [], 'lstmO_size_2_3': [128.59629432855021], 'lstmO_size_3_3': [114.04697635349], 'n_layers': [2], 'output_dim_embedding': [46.253557748549035], 'shared_lstm_size': [32.91848194595158], 'word2vec_size': [400.0]}
9, 0.265219, 117.555260, {'batch_size': [3.4597135214443813], 'dropout': [0.31125021163767747], 'learning_rate': [6.077310992782258e-05], 'lstmO_size_1': [43.05879235118337], 'lstmO_size_2_2': [51.870547648800894], 'lstmO_size_2_3': [], 'lstmO_size_3_3': [], 'n_layers': [1], 'output_dim_embedding': [30.29632337853544], 'shared_lstm_size': [10.669606711648635], 'word2vec_size': [259.0]}
10, 0.208787, 116.709478, {'batch_size': [4.313938066650399], 'dropout': [0.2482284384844179], 'learning_rate': [0.00033470850954649015], 'lstmO_size_1': [64.86985294301613], 'lstmO_size_2_2': [33.78098698894898], 'lstmO_size_2_3': [], 'lstmO_size_3_3': [], 'n_layers': [1], 'output_dim_embedding': [10.4236230127917], 'shared_lstm_size': [132.30047225478097], 'word2vec_size': [712.0]}
11, 0.200135, 132.400186, {'batch_size': [3.540563599805046], 'dropout': [0.10587441629900313], 'learning_rate': [0.004802345472919277], 'lstmO_size_1': [15.590516371677436], 'lstmO_size_2_2': [], 'lstmO_size_2_3': [17.782962969665988], 'lstmO_size_3_3': [56.2163292666085], 'n_layers': [2], 'output_dim_embedding': [39.271263545737106], 'shared_lstm_size': [147.01955444253494], 'word2vec_size': [195.0]}
12, 0.240889, 84.648557, {'batch_size': [5.979937489968752], 'dropout': [0.13096206661996806], 'learning_rate': [4.556682926159431e-05], 'lstmO_size_1': [50.52396777550976], 'lstmO_size_2_2': [], 'lstmO_size_2_3': [], 'lstmO_size_3_3': [], 'n_layers': [0], 'output_dim_embedding': [146.16455745086768], 'shared_lstm_size': [26.209840232765902], 'word2vec_size': [174.0]}
13, 0.172290, 143.783664, {'batch_size': [4.208187238743463], 'dropout': [0.20870763947117915], 'learning_rate': [0.0029655288459399846], 'lstmO_size_1': [22.769413488359444], 'lstmO_size_2_2': [], 'lstmO_size_2_3': [], 'lstmO_size_3_3': [], 'n_layers': [0], 'output_dim_embedding': [15.70787779511908], 'shared_lstm_size': [134.3879072021912], 'word2vec_size': [1006.0]}
14, 0.248270, 232.111287, {'batch_size': [5.591207492768181], 'dropout': [0.08916228497835216], 'learning_rate': [1.6818195244854234e-05], 'lstmO_size_1': [10.181881539885746], 'lstmO_size_2_2': [], 'lstmO_size_2_3': [17.964915974916433], 'lstmO_size_3_3': [39.433692805750674], 'n_layers': [2], 'output_dim_embedding': [10.88743914743671], 'shared_lstm_size': [41.97209238032275], 'word2vec_size': [140.0]}
15, 0.217242, 98.306102, {'batch_size': [3.550274412714125], 'dropout': [0.22220725742183095], 'learning_rate': [0.0008330499192350596], 'lstmO_size_1': [38.71112835605487], 'lstmO_size_2_2': [], 'lstmO_size_2_3': [], 'lstmO_size_3_3': [], 'n_layers': [0], 'output_dim_embedding': [124.7299044177776], 'shared_lstm_size': [100.8784986436599], 'word2vec_size': [43.0]}
16, 0.150248, 136.531652, {'batch_size': [3.5415720595320375], 'dropout': [0.06601838193083004], 'learning_rate': [0.0062938137741119496], 'lstmO_size_1': [107.9326455388377], 'lstmO_size_2_2': [17.363663971750544], 'lstmO_size_2_3': [], 'lstmO_size_3_3': [], 'n_layers': [1], 'output_dim_embedding': [26.887637806563152], 'shared_lstm_size': [71.41066795569658], 'word2vec_size': [214.0]}
17, 0.134498, 77.341471, {'batch_size': [5.773768660332647], 'dropout': [0.2384591971975909], 'learning_rate': [0.004414276045511222], 'lstmO_size_1': [103.98117839093165], 'lstmO_size_2_2': [45.628030642901265], 'lstmO_size_2_3': [], 'lstmO_size_3_3': [], 'n_layers': [1], 'output_dim_embedding': [32.74309796780319], 'shared_lstm_size': [77.19568394650429], 'word2vec_size': [580.0]}
18, 0.210836, 213.429824, {'batch_size': [3.587556468683734], 'dropout': [0.27103505495439734], 'learning_rate': [0.0005681025201699176], 'lstmO_size_1': [30.489471714145512], 'lstmO_size_2_2': [14.710192059433881], 'lstmO_size_2_3': [], 'lstmO_size_3_3': [], 'n_layers': [1], 'output_dim_embedding': [78.94399642535886], 'shared_lstm_size': [23.041483717612635], 'word2vec_size': [522.0]}
19, 0.273238, 136.007484, {'batch_size': [4.974629402897872], 'dropout': [0.22551214691501864], 'learning_rate': [3.785581709747224e-05], 'lstmO_size_1': [13.846583670530388], 'lstmO_size_2_2': [], 'lstmO_size_2_3': [16.849467312041337], 'lstmO_size_3_3': [63.92086864435336], 'n_layers': [2], 'output_dim_embedding': [28.175757740086002], 'shared_lstm_size': [59.47982109196592], 'word2vec_size': [449.0]}
Total time: 0:39:46.370898

Best parameters:{'batch_size': 5, 'dropout': 0.2384591971975909, 'learning_rate': 0.004414276045511222, 'lstmO_size_1': 103, 'n_layers': {'lstmO_size_2_2': 45, 'n_layers': 2}, 'output_dim_embedding': 32, 'shared_lstm_size': 77, 'win_size': 4, 'word2vec_size': 580}

Outcome metrics:
              precision    recall  f1-score   support

           0      0.912     0.929     0.921       550
           1      0.589     0.533     0.560       105

    accuracy                          0.866       655
   macro avg      0.751     0.731     0.740       655
weighted avg      0.861     0.866     0.863       655


Outcome confusion matrix:
[[511  39]
 [ 49  56]]
