
Hyperopt trials:
tid,loss,time,params used
0, 0.385412, 120.695048, {'batch_size': [3.0843687892175997], 'dropout': [0.30897330163561837], 'gamma': [0.6966400598831723], 'learning_rate': [0.00457574031726617], 'lstmA_size_1': [15.37360790020622], 'lstmA_size_2_2': [48.78465419656878], 'lstmA_size_2_3': [], 'lstmA_size_3_3': [], 'lstmO_size_1': [103.19009382702184], 'lstmO_size_2_2': [101.27366968016614], 'lstmO_size_2_3': [], 'lstmO_size_3_3': [], 'n_layers': [1], 'output_dim_embedding': [124.12279174757275], 'shared_lstm_size': [13.12702678591997], 'word2vec_size': [256.0]}
1, 0.395251, 96.577209, {'batch_size': [4.677243851462066], 'dropout': [0.27307134988676013], 'gamma': [0.7246406281683511], 'learning_rate': [9.105084025717921e-05], 'lstmA_size_1': [85.67188410274838], 'lstmA_size_2_2': [142.6352204192387], 'lstmA_size_2_3': [], 'lstmA_size_3_3': [], 'lstmO_size_1': [127.4459669752424], 'lstmO_size_2_2': [11.165007864206466], 'lstmO_size_2_3': [], 'lstmO_size_3_3': [], 'n_layers': [1], 'output_dim_embedding': [41.82277734863179], 'shared_lstm_size': [26.55880840796502], 'word2vec_size': [298.0]}
2, 0.382914, 37.037424, {'batch_size': [4.804497478327529], 'dropout': [0.3887145749336549], 'gamma': [0.8407635634852594], 'learning_rate': [0.0022377026131510658], 'lstmA_size_1': [39.92636925897733], 'lstmA_size_2_2': [], 'lstmA_size_2_3': [], 'lstmA_size_3_3': [], 'lstmO_size_1': [66.4193382270853], 'lstmO_size_2_2': [], 'lstmO_size_2_3': [], 'lstmO_size_3_3': [], 'n_layers': [0], 'output_dim_embedding': [24.21057211340423], 'shared_lstm_size': [16.579805722926185], 'word2vec_size': [359.0]}
3, 0.385805, 56.266914, {'batch_size': [5.804273960246267], 'dropout': [0.48413694037348515], 'gamma': [0.6882663937686139], 'learning_rate': [0.00014474174029632065], 'lstmA_size_1': [83.78018504449199], 'lstmA_size_2_2': [], 'lstmA_size_2_3': [], 'lstmA_size_3_3': [], 'lstmO_size_1': [128.72575061183173], 'lstmO_size_2_2': [], 'lstmO_size_2_3': [], 'lstmO_size_3_3': [], 'n_layers': [0], 'output_dim_embedding': [35.76747660649211], 'shared_lstm_size': [115.53907891580134], 'word2vec_size': [340.0]}
4, 0.376397, 47.425426, {'batch_size': [5.691991603863974], 'dropout': [0.4335959236176788], 'gamma': [0.8094970883606445], 'learning_rate': [0.00019122684685384366], 'lstmA_size_1': [53.8892371987177], 'lstmA_size_2_2': [11.897327573265176], 'lstmA_size_2_3': [], 'lstmA_size_3_3': [], 'lstmO_size_1': [78.59804800067663], 'lstmO_size_2_2': [14.141071154290794], 'lstmO_size_2_3': [], 'lstmO_size_3_3': [], 'n_layers': [1], 'output_dim_embedding': [24.922499661027857], 'shared_lstm_size': [20.31279810163511], 'word2vec_size': [417.0]}
5, 0.373251, 51.994963, {'batch_size': [4.325003877876624], 'dropout': [0.40115150587260584], 'gamma': [0.7785617807654517], 'learning_rate': [0.0006707746349163079], 'lstmA_size_1': [15.74551830577855], 'lstmA_size_2_2': [15.870232953430122], 'lstmA_size_2_3': [], 'lstmA_size_3_3': [], 'lstmO_size_1': [83.621767710133], 'lstmO_size_2_2': [22.98209313736396], 'lstmO_size_2_3': [], 'lstmO_size_3_3': [], 'n_layers': [1], 'output_dim_embedding': [67.00930736067565], 'shared_lstm_size': [16.412924650157528], 'word2vec_size': [104.0]}
6, 0.374162, 98.367536, {'batch_size': [3.280670285840089], 'dropout': [0.4485632482608959], 'gamma': [0.8628932385278872], 'learning_rate': [0.00019467060454995847], 'lstmA_size_1': [21.560706410294877], 'lstmA_size_2_2': [40.261984217566855], 'lstmA_size_2_3': [], 'lstmA_size_3_3': [], 'lstmO_size_1': [31.827645081576332], 'lstmO_size_2_2': [121.66553747349288], 'lstmO_size_2_3': [], 'lstmO_size_3_3': [], 'n_layers': [1], 'output_dim_embedding': [13.859543518539725], 'shared_lstm_size': [29.637663100890073], 'word2vec_size': [320.0]}
7, 0.388069, 34.232783, {'batch_size': [4.131850456334407], 'dropout': [0.0016441130377253255], 'gamma': [0.25869600060741355], 'learning_rate': [0.007059411446755065], 'lstmA_size_1': [16.352300289626474], 'lstmA_size_2_2': [], 'lstmA_size_2_3': [], 'lstmA_size_3_3': [], 'lstmO_size_1': [11.693182918796593], 'lstmO_size_2_2': [], 'lstmO_size_2_3': [], 'lstmO_size_3_3': [], 'n_layers': [0], 'output_dim_embedding': [101.44582408139466], 'shared_lstm_size': [27.54389557039958], 'word2vec_size': [573.0]}
8, 0.397683, 275.991688, {'batch_size': [3.324597691527826], 'dropout': [0.24816658504943723], 'gamma': [0.540489162318272], 'learning_rate': [0.00025244491349446166], 'lstmA_size_1': [42.65020322798112], 'lstmA_size_2_2': [], 'lstmA_size_2_3': [10.85831077142096], 'lstmA_size_3_3': [108.80497990215804], 'lstmO_size_1': [49.3089412232568], 'lstmO_size_2_2': [], 'lstmO_size_2_3': [26.67554158274964], 'lstmO_size_3_3': [14.726389364219084], 'n_layers': [2], 'output_dim_embedding': [13.575156111348452], 'shared_lstm_size': [76.59141339332285], 'word2vec_size': [601.0]}
9, 0.396265, 329.941589, {'batch_size': [3.1652578439410326], 'dropout': [0.2862547038976424], 'gamma': [0.14957865636064396], 'learning_rate': [4.83329928554279e-05], 'lstmA_size_1': [10.003151823139243], 'lstmA_size_2_2': [39.00419654403485], 'lstmA_size_2_3': [], 'lstmA_size_3_3': [], 'lstmO_size_1': [130.8741483686532], 'lstmO_size_2_2': [14.009753615009547], 'lstmO_size_2_3': [], 'lstmO_size_3_3': [], 'n_layers': [1], 'output_dim_embedding': [44.1827211771146], 'shared_lstm_size': [117.23392207222136], 'word2vec_size': [597.0]}
10, 0.381242, 105.338352, {'batch_size': [3.514099348624004], 'dropout': [0.15066648483546424], 'gamma': [0.2674792698420519], 'learning_rate': [0.003285741631746044], 'lstmA_size_1': [16.312214075277623], 'lstmA_size_2_2': [17.65599331610003], 'lstmA_size_2_3': [], 'lstmA_size_3_3': [], 'lstmO_size_1': [22.599744624435264], 'lstmO_size_2_2': [34.521311168480835], 'lstmO_size_2_3': [], 'lstmO_size_3_3': [], 'n_layers': [1], 'output_dim_embedding': [16.263500265012624], 'shared_lstm_size': [16.103777297234373], 'word2vec_size': [254.0]}
11, 0.412477, 273.048139, {'batch_size': [3.041539645182458], 'dropout': [0.03252334870503959], 'gamma': [0.46807501935622375], 'learning_rate': [1.7034439327731075e-05], 'lstmA_size_1': [13.64296301813692], 'lstmA_size_2_2': [], 'lstmA_size_2_3': [], 'lstmA_size_3_3': [], 'lstmO_size_1': [40.74899414572772], 'lstmO_size_2_2': [], 'lstmO_size_2_3': [], 'lstmO_size_3_3': [], 'n_layers': [0], 'output_dim_embedding': [11.918665384870028], 'shared_lstm_size': [44.21161004942602], 'word2vec_size': [697.0]}
12, 0.410720, 314.875861, {'batch_size': [3.475631720618216], 'dropout': [0.19572043929280408], 'gamma': [0.7337339328732605], 'learning_rate': [1.3973200668610099e-05], 'lstmA_size_1': [26.96378797819701], 'lstmA_size_2_2': [17.53731110789938], 'lstmA_size_2_3': [], 'lstmA_size_3_3': [], 'lstmO_size_1': [115.49456156285761], 'lstmO_size_2_2': [14.9558958785403], 'lstmO_size_2_3': [], 'lstmO_size_3_3': [], 'n_layers': [1], 'output_dim_embedding': [109.53460766509733], 'shared_lstm_size': [28.97359818020301], 'word2vec_size': [85.0]}
13, 0.409813, 80.745110, {'batch_size': [4.912306312065327], 'dropout': [0.17630416064869536], 'gamma': [0.6495314673105136], 'learning_rate': [2.914501344750547e-05], 'lstmA_size_1': [128.0501209911446], 'lstmA_size_2_2': [], 'lstmA_size_2_3': [], 'lstmA_size_3_3': [], 'lstmO_size_1': [61.88002545812797], 'lstmO_size_2_2': [], 'lstmO_size_2_3': [], 'lstmO_size_3_3': [], 'n_layers': [0], 'output_dim_embedding': [60.18942928006044], 'shared_lstm_size': [47.58802942963789], 'word2vec_size': [107.0]}
14, 0.516155, 79.225311, {'batch_size': [5.485609467346021], 'dropout': [0.2949666109641895], 'gamma': [0.11880615715834031], 'learning_rate': [4.0198396381035474e-05], 'lstmA_size_1': [77.46774175969125], 'lstmA_size_2_2': [], 'lstmA_size_2_3': [101.71003023720444], 'lstmA_size_3_3': [30.94480425596083], 'lstmO_size_1': [79.33023304963011], 'lstmO_size_2_2': [], 'lstmO_size_2_3': [46.72428287622651], 'lstmO_size_3_3': [16.943130834159657], 'n_layers': [2], 'output_dim_embedding': [14.997170105432653], 'shared_lstm_size': [91.9284942798862], 'word2vec_size': [799.0]}
15, 0.408272, 107.249877, {'batch_size': [3.3850218957735163], 'dropout': [0.14780891990610712], 'gamma': [0.8050050342613841], 'learning_rate': [5.867568236365447e-05], 'lstmA_size_1': [20.618163969222657], 'lstmA_size_2_2': [], 'lstmA_size_2_3': [], 'lstmA_size_3_3': [], 'lstmO_size_1': [79.79274573847759], 'lstmO_size_2_2': [], 'lstmO_size_2_3': [], 'lstmO_size_3_3': [], 'n_layers': [0], 'output_dim_embedding': [13.680050188818377], 'shared_lstm_size': [97.00718289634935], 'word2vec_size': [107.0]}
16, 0.398235, 275.556441, {'batch_size': [4.54865044175739], 'dropout': [0.3495429467079772], 'gamma': [0.3359413197500028], 'learning_rate': [2.097077811571138e-05], 'lstmA_size_1': [33.70975870365845], 'lstmA_size_2_2': [], 'lstmA_size_2_3': [47.72962156486889], 'lstmA_size_3_3': [10.075528708896947], 'lstmO_size_1': [62.10002875464295], 'lstmO_size_2_2': [], 'lstmO_size_2_3': [21.96371465012455], 'lstmO_size_3_3': [21.92288186905672], 'n_layers': [2], 'output_dim_embedding': [11.297391686902078], 'shared_lstm_size': [40.66486773751047], 'word2vec_size': [69.0]}
17, 0.397633, 73.668008, {'batch_size': [5.046351785147246], 'dropout': [0.18063019890581034], 'gamma': [0.579832340126281], 'learning_rate': [0.00024676101642749426], 'lstmA_size_1': [82.33101799060074], 'lstmA_size_2_2': [], 'lstmA_size_2_3': [], 'lstmA_size_3_3': [], 'lstmO_size_1': [12.46105705391443], 'lstmO_size_2_2': [], 'lstmO_size_2_3': [], 'lstmO_size_3_3': [], 'n_layers': [0], 'output_dim_embedding': [43.41828837764398], 'shared_lstm_size': [72.31571828698603], 'word2vec_size': [799.0]}
18, 0.371251, 52.800875, {'batch_size': [5.000041420658407], 'dropout': [0.2779433662701638], 'gamma': [0.36359714025578505], 'learning_rate': [0.0011587198121258161], 'lstmA_size_1': [82.26249206089426], 'lstmA_size_2_2': [], 'lstmA_size_2_3': [32.97047615313861], 'lstmA_size_3_3': [21.786552818026436], 'lstmO_size_1': [28.69003185555371], 'lstmO_size_2_2': [], 'lstmO_size_2_3': [40.87034158179888], 'lstmO_size_3_3': [18.027408660978175], 'n_layers': [2], 'output_dim_embedding': [11.75727416430749], 'shared_lstm_size': [112.59345060298497], 'word2vec_size': [179.0]}
19, 0.398118, 188.834734, {'batch_size': [4.050156518225749], 'dropout': [0.3104355240822587], 'gamma': [0.6785354436829223], 'learning_rate': [1.3631023732134092e-05], 'lstmA_size_1': [120.71096499569435], 'lstmA_size_2_2': [], 'lstmA_size_2_3': [], 'lstmA_size_3_3': [], 'lstmO_size_1': [135.25322663536744], 'lstmO_size_2_2': [], 'lstmO_size_2_3': [], 'lstmO_size_3_3': [], 'n_layers': [0], 'output_dim_embedding': [125.71463017402093], 'shared_lstm_size': [31.273012455011543], 'word2vec_size': [411.0]}
Total time: 0:44:59.873290

Best parameters:{'batch_size': 5, 'dropout': 0.2779433662701638, 'gamma': 0.36359714025578505, 'learning_rate': 0.0011587198121258161, 'lstmA_size_1': 82, 'lstmO_size_1': 28, 'n_layers': {'lstmA_size_2_3': 32, 'lstmA_size_3_3': 21, 'lstmO_size_2_3': 40, 'lstmO_size_3_3': 18, 'n_layers': 3}, 'output_dim_embedding': 11, 'shared_lstm_size': 112, 'word2vec_size': 179}

Outcome metrics:
              precision    recall  f1-score   support

           0      0.564     0.939     0.705       429
           1      0.366     0.046     0.082       326

    accuracy                          0.554       755
   macro avg      0.465     0.493     0.393       755
weighted avg      0.479     0.554     0.436       755


Outcome confusion matrix:
[[403  26]
 [311  15]]

Outcome metrics:
              precision    recall  f1-score   support

           0      0.564     0.956     0.709       429
           1      0.321     0.028     0.051       326

    accuracy                          0.555       755
   macro avg      0.443     0.492     0.380       755
weighted avg      0.459     0.555     0.425       755


Outcome confusion matrix:
[[410  19]
 [317   9]]
