
Hyperopt trials:
tid,loss,time,params used
0, 0.495396, 57.585423, {'batch_size': [5.863204436183493], 'dropout': [0.3125462371030131], 'learning_rate': [2.8268484701254703e-05], 'lstmO_size_1': [88.24567574557038], 'lstmO_size_2_2': [], 'lstmO_size_2_3': [43.79926048947329], 'lstmO_size_3_3': [12.086334107651831], 'n_layers': [2], 'output_dim_embedding': [68.91747374939814], 'shared_lstm_size': [60.14574762837499], 'word2vec_size': [446.0]}
1, 0.201756, 74.584806, {'batch_size': [5.73612563016597], 'dropout': [0.2713910542729055], 'learning_rate': [0.005938769407943834], 'lstmO_size_1': [54.218542128583415], 'lstmO_size_2_2': [], 'lstmO_size_2_3': [25.344412358566007], 'lstmO_size_3_3': [20.285988840342345], 'n_layers': [2], 'output_dim_embedding': [77.2511865677731], 'shared_lstm_size': [32.37622768015651], 'word2vec_size': [354.0]}
2, 0.214508, 52.781164, {'batch_size': [5.264771514897506], 'dropout': [0.39615587021777093], 'learning_rate': [0.005989713215694132], 'lstmO_size_1': [99.73403202564258], 'lstmO_size_2_2': [], 'lstmO_size_2_3': [11.49156041150393], 'lstmO_size_3_3': [27.35065429954311], 'n_layers': [2], 'output_dim_embedding': [39.63050806247008], 'shared_lstm_size': [28.062094474628772], 'word2vec_size': [387.0]}
3, 0.212687, 65.040319, {'batch_size': [5.385340058736136], 'dropout': [0.32290265353128317], 'learning_rate': [0.009287514831137331], 'lstmO_size_1': [141.018573452007], 'lstmO_size_2_2': [], 'lstmO_size_2_3': [24.750048125034365], 'lstmO_size_3_3': [103.97622720496506], 'n_layers': [2], 'output_dim_embedding': [53.614989258189134], 'shared_lstm_size': [11.090872458381869], 'word2vec_size': [371.0]}
4, 0.303838, 240.553725, {'batch_size': [3.512752855653633], 'dropout': [0.40170883732996904], 'learning_rate': [2.6079299390695255e-05], 'lstmO_size_1': [20.943099128214477], 'lstmO_size_2_2': [22.946224063819248], 'lstmO_size_2_3': [], 'lstmO_size_3_3': [], 'n_layers': [1], 'output_dim_embedding': [39.61515659350084], 'shared_lstm_size': [11.533788291064331], 'word2vec_size': [498.0]}
5, 0.272706, 69.419313, {'batch_size': [5.814140037702028], 'dropout': [0.10406408386438365], 'learning_rate': [5.351561674880619e-05], 'lstmO_size_1': [35.109672509828314], 'lstmO_size_2_2': [87.71003491035711], 'lstmO_size_2_3': [], 'lstmO_size_3_3': [], 'n_layers': [1], 'output_dim_embedding': [60.02041758722177], 'shared_lstm_size': [47.286296607569604], 'word2vec_size': [195.0]}
6, 0.247932, 69.890007, {'batch_size': [4.574590079320357], 'dropout': [0.4131714729257232], 'learning_rate': [0.008982216598303934], 'lstmO_size_1': [89.20406667154963], 'lstmO_size_2_2': [], 'lstmO_size_2_3': [16.934168637819578], 'lstmO_size_3_3': [93.85800145931377], 'n_layers': [2], 'output_dim_embedding': [19.942785675243123], 'shared_lstm_size': [35.53600124445285], 'word2vec_size': [85.0]}
7, 0.303369, 192.136585, {'batch_size': [3.45394407649587], 'dropout': [0.3934445269886769], 'learning_rate': [4.030387487434346e-05], 'lstmO_size_1': [11.672998272877644], 'lstmO_size_2_2': [], 'lstmO_size_2_3': [], 'lstmO_size_3_3': [], 'n_layers': [0], 'output_dim_embedding': [41.476463037744], 'shared_lstm_size': [19.514311395605528], 'word2vec_size': [468.0]}
8, 0.293623, 64.675482, {'batch_size': [5.552316149456835], 'dropout': [0.052413090368414184], 'learning_rate': [9.443308294211822e-05], 'lstmO_size_1': [29.90298369781938], 'lstmO_size_2_2': [23.179235671843283], 'lstmO_size_2_3': [], 'lstmO_size_3_3': [], 'n_layers': [1], 'output_dim_embedding': [137.3250600678792], 'shared_lstm_size': [10.188565855130912], 'word2vec_size': [779.0]}
9, 0.284712, 194.741640, {'batch_size': [3.5704785589538095], 'dropout': [0.4682782565143584], 'learning_rate': [4.006479842595018e-05], 'lstmO_size_1': [12.301709379107825], 'lstmO_size_2_2': [], 'lstmO_size_2_3': [], 'lstmO_size_3_3': [], 'n_layers': [0], 'output_dim_embedding': [84.09790322006849], 'shared_lstm_size': [18.684614168069867], 'word2vec_size': [322.0]}
10, 0.231303, 28.120981, {'batch_size': [5.839528309945909], 'dropout': [0.2598537193477471], 'learning_rate': [0.0004850195910392189], 'lstmO_size_1': [12.248800134647288], 'lstmO_size_2_2': [], 'lstmO_size_2_3': [], 'lstmO_size_3_3': [], 'n_layers': [0], 'output_dim_embedding': [38.34781742648095], 'shared_lstm_size': [118.15180987020639], 'word2vec_size': [161.0]}
11, 0.247039, 55.758670, {'batch_size': [4.353317473080043], 'dropout': [0.09722367146907657], 'learning_rate': [0.0006115066764756799], 'lstmO_size_1': [30.28777813117079], 'lstmO_size_2_2': [], 'lstmO_size_2_3': [10.938394380257252], 'lstmO_size_3_3': [12.165379822575053], 'n_layers': [2], 'output_dim_embedding': [79.90726710505903], 'shared_lstm_size': [26.64708567224121], 'word2vec_size': [431.0]}
12, 0.227891, 32.524172, {'batch_size': [4.57606598478482], 'dropout': [0.15690021926907782], 'learning_rate': [0.0029034139564452065], 'lstmO_size_1': [51.465255214336274], 'lstmO_size_2_2': [], 'lstmO_size_2_3': [], 'lstmO_size_3_3': [], 'n_layers': [0], 'output_dim_embedding': [28.566904900747378], 'shared_lstm_size': [45.54438313721162], 'word2vec_size': [700.0]}
13, 0.260823, 400.197787, {'batch_size': [3.065081057679828], 'dropout': [0.3489656997150012], 'learning_rate': [0.00021708741755287268], 'lstmO_size_1': [46.403539786588034], 'lstmO_size_2_2': [], 'lstmO_size_2_3': [15.478522336201012], 'lstmO_size_3_3': [10.990799486143985], 'n_layers': [2], 'output_dim_embedding': [42.83752953934562], 'shared_lstm_size': [70.76300655093195], 'word2vec_size': [143.0]}
14, 0.308908, 355.452231, {'batch_size': [3.015108635266951], 'dropout': [0.23807212989922288], 'learning_rate': [2.3028264200063984e-05], 'lstmO_size_1': [26.188661725854598], 'lstmO_size_2_2': [22.89794520316819], 'lstmO_size_2_3': [], 'lstmO_size_3_3': [], 'n_layers': [1], 'output_dim_embedding': [107.92452787423765], 'shared_lstm_size': [20.439241565321108], 'word2vec_size': [156.0]}
15, 0.209121, 68.158566, {'batch_size': [4.993649348012347], 'dropout': [0.13266085843303826], 'learning_rate': [0.00024814803424893134], 'lstmO_size_1': [125.00721167009284], 'lstmO_size_2_2': [], 'lstmO_size_2_3': [14.462143397569255], 'lstmO_size_3_3': [27.48351413621081], 'n_layers': [2], 'output_dim_embedding': [61.663192816607726], 'shared_lstm_size': [33.15673843993234], 'word2vec_size': [1004.0]}
16, 0.265428, 146.668700, {'batch_size': [4.068257455108948], 'dropout': [0.1967065759613132], 'learning_rate': [0.0005394421205315586], 'lstmO_size_1': [106.11345404200968], 'lstmO_size_2_2': [], 'lstmO_size_2_3': [12.87911514448691], 'lstmO_size_3_3': [128.8899593264076], 'n_layers': [2], 'output_dim_embedding': [109.0130011801175], 'shared_lstm_size': [39.83250307389172], 'word2vec_size': [911.0]}
17, 0.229100, 57.224820, {'batch_size': [5.263194900532179], 'dropout': [0.17378624295508138], 'learning_rate': [0.0011540816365595474], 'lstmO_size_1': [140.6866245559651], 'lstmO_size_2_2': [], 'lstmO_size_2_3': [26.40177270359185], 'lstmO_size_3_3': [63.259928068529504], 'n_layers': [2], 'output_dim_embedding': [66.96101621582409], 'shared_lstm_size': [80.38994562332786], 'word2vec_size': [782.0]}
18, 0.564587, 54.480913, {'batch_size': [5.174548708912716], 'dropout': [0.26474552262254913], 'learning_rate': [1.0073837907293092e-05], 'lstmO_size_1': [142.3401010669729], 'lstmO_size_2_2': [], 'lstmO_size_2_3': [67.09824399208752], 'lstmO_size_3_3': [70.36491673045079], 'n_layers': [2], 'output_dim_embedding': [25.568214353683096], 'shared_lstm_size': [12.776851042601317], 'word2vec_size': [104.0]}
19, 0.230158, 55.339502, {'batch_size': [5.416942650837638], 'dropout': [0.13505690233013218], 'learning_rate': [0.002606343626013992], 'lstmO_size_1': [26.22244799766299], 'lstmO_size_2_2': [], 'lstmO_size_2_3': [118.08840705397236], 'lstmO_size_3_3': [10.82687095663423], 'n_layers': [2], 'output_dim_embedding': [105.99402785564484], 'shared_lstm_size': [42.25043407203853], 'word2vec_size': [591.0]}
Total time: 0:38:55.334807

Best parameters:{'batch_size': 5, 'dropout': 0.2713910542729055, 'learning_rate': 0.005938769407943834, 'lstmO_size_1': 54, 'n_layers': {'lstmO_size_2_3': 25, 'lstmO_size_3_3': 20, 'n_layers': 3}, 'output_dim_embedding': 77, 'shared_lstm_size': 32, 'win_size': 4, 'word2vec_size': 354}

Outcome metrics:
              precision    recall  f1-score   support

           0      0.844     0.849     0.847       550
           1      0.186     0.181     0.184       105

    accuracy                          0.742       655
   macro avg      0.515     0.515     0.515       655
weighted avg      0.739     0.742     0.740       655


Outcome confusion matrix:
[[467  83]
 [ 86  19]]
