
Hyperopt trials:
tid,loss,time,params used
0, 3.631848, 219.081232, {'batch_size': [4.0476336073526396], 'dropout': [0.4640792753230274], 'learning_rate': [0.00014015327931725556], 'lstmA_size_1': [21.209806007668462], 'lstmA_size_2_2': [], 'lstmA_size_2_3': [14.898178935285255], 'lstmA_size_3_3': [88.52132194570297], 'n_layers': [2], 'output_dim_embedding': [15.7345591742071], 'shared_lstm_size': [24.138662109242745], 'word2vec_size': [219.0]}
1, 3.657090, 90.473444, {'batch_size': [4.148334821882835], 'dropout': [0.20912495402492048], 'learning_rate': [0.00014690683048346746], 'lstmA_size_1': [28.606507393558953], 'lstmA_size_2_2': [137.11976559120902], 'lstmA_size_2_3': [], 'lstmA_size_3_3': [], 'n_layers': [1], 'output_dim_embedding': [17.785311251823995], 'shared_lstm_size': [56.42165642314593], 'word2vec_size': [539.0]}
2, 3.548053, 78.545199, {'batch_size': [3.621353682727669], 'dropout': [0.21248408210201986], 'learning_rate': [0.0007513544207396455], 'lstmA_size_1': [16.478578038894188], 'lstmA_size_2_2': [], 'lstmA_size_2_3': [], 'lstmA_size_3_3': [], 'n_layers': [0], 'output_dim_embedding': [44.328946763933665], 'shared_lstm_size': [91.91639827800363], 'word2vec_size': [41.0]}
3, 3.645866, 216.953341, {'batch_size': [5.496416011363504], 'dropout': [0.25000806803182246], 'learning_rate': [3.8635294692631224e-05], 'lstmA_size_1': [17.809550783121967], 'lstmA_size_2_2': [107.65135663225556], 'lstmA_size_2_3': [], 'lstmA_size_3_3': [], 'n_layers': [1], 'output_dim_embedding': [76.71251257323881], 'shared_lstm_size': [48.88357984290627], 'word2vec_size': [805.0]}
4, 3.571261, 68.303686, {'batch_size': [5.334387783234948], 'dropout': [0.20400164525860293], 'learning_rate': [0.0003573090977528633], 'lstmA_size_1': [14.171643732803673], 'lstmA_size_2_2': [], 'lstmA_size_2_3': [], 'lstmA_size_3_3': [], 'n_layers': [0], 'output_dim_embedding': [88.80339269682453], 'shared_lstm_size': [91.90847443911224], 'word2vec_size': [711.0]}
5, 3.620094, 1194.394485, {'batch_size': [3.41409329617339], 'dropout': [0.30037773367120657], 'learning_rate': [1.6583239891007714e-05], 'lstmA_size_1': [136.02459741985402], 'lstmA_size_2_2': [16.845863986105805], 'lstmA_size_2_3': [], 'lstmA_size_3_3': [], 'n_layers': [1], 'output_dim_embedding': [57.00854300570208], 'shared_lstm_size': [78.53468379141547], 'word2vec_size': [917.0]}
6, 3.633528, 590.594566, {'batch_size': [4.477473394044666], 'dropout': [0.20110140708618962], 'learning_rate': [1.7501328629961877e-05], 'lstmA_size_1': [110.51869764589249], 'lstmA_size_2_2': [62.88186521180796], 'lstmA_size_2_3': [], 'lstmA_size_3_3': [], 'n_layers': [1], 'output_dim_embedding': [31.840282792355964], 'shared_lstm_size': [15.473666228616386], 'word2vec_size': [906.0]}
7, 3.643410, 93.848629, {'batch_size': [4.010947207622347], 'dropout': [0.13333618358323462], 'learning_rate': [0.005996658552266054], 'lstmA_size_1': [13.770872336123755], 'lstmA_size_2_2': [], 'lstmA_size_2_3': [18.283432245046885], 'lstmA_size_3_3': [115.00452916361597], 'n_layers': [2], 'output_dim_embedding': [13.308731436690694], 'shared_lstm_size': [69.27214611679138], 'word2vec_size': [172.0]}
8, 3.642564, 84.636502, {'batch_size': [3.204739681850514], 'dropout': [0.24341463590401413], 'learning_rate': [0.004493788166897957], 'lstmA_size_1': [56.500407000066666], 'lstmA_size_2_2': [], 'lstmA_size_2_3': [], 'lstmA_size_3_3': [], 'n_layers': [0], 'output_dim_embedding': [137.49171769353237], 'shared_lstm_size': [121.723464608252], 'word2vec_size': [221.0]}
9, 3.634313, 58.531514, {'batch_size': [5.548161805979624], 'dropout': [0.46167176488833506], 'learning_rate': [0.004573898044867818], 'lstmA_size_1': [35.49040628464412], 'lstmA_size_2_2': [], 'lstmA_size_2_3': [76.4138544271837], 'lstmA_size_3_3': [125.01221667627387], 'n_layers': [2], 'output_dim_embedding': [120.1853828273907], 'shared_lstm_size': [29.59591257045023], 'word2vec_size': [318.0]}
10, 3.591331, 208.851003, {'batch_size': [4.454130716986802], 'dropout': [0.33712012706334], 'learning_rate': [9.007912883614397e-05], 'lstmA_size_1': [13.14052969954969], 'lstmA_size_2_2': [44.675954953702366], 'lstmA_size_2_3': [], 'lstmA_size_3_3': [], 'n_layers': [1], 'output_dim_embedding': [12.000005779145388], 'shared_lstm_size': [58.4603189866752], 'word2vec_size': [978.0]}
11, 3.678458, 662.023009, {'batch_size': [5.542410501312901], 'dropout': [0.1601854729547958], 'learning_rate': [1.8228613537478007e-05], 'lstmA_size_1': [26.90727339467483], 'lstmA_size_2_2': [], 'lstmA_size_2_3': [142.39470476097063], 'lstmA_size_3_3': [53.6901646701899], 'n_layers': [2], 'output_dim_embedding': [19.736438148369288], 'shared_lstm_size': [10.749676853999386], 'word2vec_size': [901.0]}
12, 3.730493, 144.888133, {'batch_size': [3.2271193150682036], 'dropout': [0.027283632989624773], 'learning_rate': [0.00044998532992890816], 'lstmA_size_1': [33.05739348356818], 'lstmA_size_2_2': [104.11447975188135], 'lstmA_size_2_3': [], 'lstmA_size_3_3': [], 'n_layers': [1], 'output_dim_embedding': [10.316548592790761], 'shared_lstm_size': [139.27799787257902], 'word2vec_size': [79.0]}
13, 3.586747, 248.146031, {'batch_size': [3.7688477220858507], 'dropout': [0.09652315472044076], 'learning_rate': [0.004168684255626628], 'lstmA_size_1': [105.86352511638378], 'lstmA_size_2_2': [], 'lstmA_size_2_3': [72.41414130965924], 'lstmA_size_3_3': [12.202161146738039], 'n_layers': [2], 'output_dim_embedding': [24.47461260631222], 'shared_lstm_size': [57.85716358663186], 'word2vec_size': [1024.0]}
14, 3.591282, 180.661303, {'batch_size': [4.148515011508111], 'dropout': [0.08130191763020606], 'learning_rate': [8.96079618354437e-05], 'lstmA_size_1': [39.67631503577392], 'lstmA_size_2_2': [23.953233359028264], 'lstmA_size_2_3': [], 'lstmA_size_3_3': [], 'n_layers': [1], 'output_dim_embedding': [14.563982039970462], 'shared_lstm_size': [72.64052940814865], 'word2vec_size': [483.0]}
15, 3.634698, 634.702630, {'batch_size': [4.235474697845528], 'dropout': [0.20410773404899007], 'learning_rate': [1.63302712489704e-05], 'lstmA_size_1': [43.32106870422149], 'lstmA_size_2_2': [117.71750631969354], 'lstmA_size_2_3': [], 'lstmA_size_3_3': [], 'n_layers': [1], 'output_dim_embedding': [53.086179632440874], 'shared_lstm_size': [17.43751684924624], 'word2vec_size': [411.0]}
16, 3.556290, 126.126013, {'batch_size': [4.107152268523215], 'dropout': [0.42622045146112547], 'learning_rate': [0.00011040691569001444], 'lstmA_size_1': [29.885457879714913], 'lstmA_size_2_2': [], 'lstmA_size_2_3': [], 'lstmA_size_3_3': [], 'n_layers': [0], 'output_dim_embedding': [39.74264002916991], 'shared_lstm_size': [14.169302250966505], 'word2vec_size': [637.0]}
17, 3.593811, 61.641636, {'batch_size': [5.848086107581759], 'dropout': [0.044814678232035166], 'learning_rate': [0.005867373512090405], 'lstmA_size_1': [24.407870062347357], 'lstmA_size_2_2': [], 'lstmA_size_2_3': [25.632616320060322], 'lstmA_size_3_3': [53.48381730739975], 'n_layers': [2], 'output_dim_embedding': [23.020705301792425], 'shared_lstm_size': [92.17062576300408], 'word2vec_size': [285.0]}
18, 3.607307, 775.764058, {'batch_size': [3.419979490348455], 'dropout': [0.3676485106005248], 'learning_rate': [2.0771480826082503e-05], 'lstmA_size_1': [48.125895925370365], 'lstmA_size_2_2': [77.75277781314652], 'lstmA_size_2_3': [], 'lstmA_size_3_3': [], 'n_layers': [1], 'output_dim_embedding': [16.16779837390935], 'shared_lstm_size': [26.458046346640952], 'word2vec_size': [237.0]}
19, 3.549110, 109.300725, {'batch_size': [5.64865791093483], 'dropout': [0.07609801585208598], 'learning_rate': [0.00010447164410347108], 'lstmA_size_1': [18.88668876211037], 'lstmA_size_2_2': [17.672384117525898], 'lstmA_size_2_3': [], 'lstmA_size_3_3': [], 'n_layers': [1], 'output_dim_embedding': [89.25736221462424], 'shared_lstm_size': [18.938600822220387], 'word2vec_size': [404.0]}
Total time: 1:37:27.467139

Best parameters:{'batch_size': 3, 'dropout': 0.21248408210201986, 'learning_rate': 0.0007513544207396455, 'lstmA_size_1': 16, 'n_layers': {'n_layers': 1}, 'output_dim_embedding': 44, 'shared_lstm_size': 91, 'win_size': 4, 'word2vec_size': 41}

Next activity metrics:
              precision    recall  f1-score   support

           0      0.214     0.120     0.154        25
           1      0.000     0.000     0.000        11
           3      0.000     0.000     0.000        10
           4      0.000     0.000     0.000         1
           5      0.000     0.000     0.000         1
           6      0.111     0.250     0.154         4
           7      0.167     0.316     0.218        19
           8      0.000     0.000     0.000        14
          10      0.000     0.000     0.000        11
          11      0.000     0.000     0.000         1
          12      0.000     0.000     0.000         1
          13      0.000     0.000     0.000         2
          14      0.143     0.077     0.100        13
          15      0.050     0.200     0.080         5
          17      0.000     0.000     0.000         5
          19      0.000     0.000     0.000         1
          20      0.000     0.000     0.000         8
          21      0.000     0.000     0.000         3
          22      0.000     0.000     0.000         3
          23      0.000     0.000     0.000         1
          24      0.000     0.000     0.000        14
          25      0.000     0.000     0.000         2
          26      0.000     0.000     0.000         8
          27      0.000     0.000     0.000        10
          28      0.000     0.000     0.000         1
          29      0.000     0.000     0.000         3
          30      0.000     0.000     0.000         9
          32      0.083     0.100     0.091        10
          33      0.000     0.000     0.000         1
          34      0.059     0.077     0.067        13
          35      0.000     0.000     0.000         2
          40      0.000     0.000     0.000        14
          41      0.000     0.000     0.000         5
          43      0.000     0.000     0.000         5
          45      0.000     0.000     0.000         3
          46      0.333     0.050     0.087        20
          47      0.095     0.182     0.125        11
          49      0.075     0.400     0.127        10
          50      0.000     0.000     0.000         1
          51      0.000     0.000     0.000         4
          52      0.111     0.154     0.129        26
          53      0.062     0.083     0.071        12
          54      0.000     0.000     0.000         4
          55      0.095     0.200     0.129        10
          56      0.000     0.000     0.000         1
          57      0.000     0.000     0.000        12
          58      0.000     0.000     0.000         3
          59      0.000     0.000     0.000        14
          60      0.000     0.000     0.000        16
          61      0.000     0.000     0.000        10
          62      0.000     0.000     0.000         1
          63      0.000     0.000     0.000         3
          64      0.000     0.000     0.000         3
          65      0.125     0.040     0.061        25
          66      0.091     0.091     0.091        11
          68      0.077     0.100     0.087        10
          69      0.000     0.000     0.000         1
          70      0.000     0.000     0.000         8
          71      0.000     0.000     0.000         4
          72      0.778     0.700     0.737        10
          73      0.000     0.000     0.000         4
          78      0.000     0.000     0.000         0
          79      0.091     0.417     0.149        24
          80      0.000     0.000     0.000        10
          82      0.000     0.000     0.000        10
          83      0.000     0.000     0.000         1
          84      0.000     0.000     0.000         5
          85      0.167     0.250     0.200         4
          86      0.150     0.143     0.146        21
          87      0.000     0.000     0.000         9
          89      0.333     0.083     0.133        12
          91      0.000     0.000     0.000         3
          92      0.056     0.100     0.071        20
          93      0.000     0.000     0.000         3
          95      0.000     0.000     0.000         9
          96      0.000     0.000     0.000         3
          97      0.000     0.000     0.000        17
          98      0.067     0.091     0.077        11
          99      0.000     0.000     0.000        10
         100      0.000     0.000     0.000         1
         101      0.000     0.000     0.000         6
         102      0.000     0.000     0.000         3

    accuracy                          0.085       655
   macro avg      0.043     0.052     0.040       655
weighted avg      0.077     0.085     0.067       655


Next activity confusion matrix:
[[ 3  0  0  0  0  0  1  0  0  0  0  0  0  1  0  0  0  0  0  0  0  0  0  1
   0  0  0  0  0  1  0  0  0  0  0  0  0  1  0  0  2  0  0  0  0  0  0  0
   0  0  0  1  0  1  0  0  0  0  0  0  0  0  7  0  0  0  0  0  1  0  0  0
   3  0  0  0  1  1  0  0  0  0]
 [ 0  0  0  0  0  0  0  0  0  0  0  0  0  4  0  0  0  0  0  0  0  0  0  0
   0  0  0  0  0  0  0  0  0  0  0  0  0  0  0  0  0  3  1  0  0  0  0  0
   0  0  0  0  0  0  0  0  0  0  0  0  0  0  2  1  0  0  0  0  0  0  0  0
   0  0  0  0  0  0  0  0  0  0]
 [ 0  0  0  0  0  0  0  0  1  0  0  0  0  0  0  0  0  0  0  0  0  0  0  0
   0  0  0  0  0  0  0  0  0  0  0  0  0  5  0  0  0  0  0  2  0  0  0  0
   0  0  0  0  0  0  0  1  0  0  0  0  0  0  0  0  1  0  0  0  0  0  0  0
   0  0  0  0  0  0  0  0  0  0]
 [ 0  0  0  0  0  0  0  0  0  0  0  0  0  0  0  0  0  0  0  0  0  0  0  0
   0  0  0  0  0  0  0  0  0  0  0  0  0  0  0  0  0  0  0  0  0  0  0  0
   0  0  0  0  0  0  0  0  0  0  0  0  0  1  0  0  0  0  0  0  0  0  0  0
   0  0  0  0  0  0  0  0  0  0]
 [ 0  0  0  0  0  0  0  0  0  0  0  0  0  1  0  0  0  0  0  0  0  0  0  0
   0  0  0  0  0  0  0  0  0  0  0  0  0  0  0  0  0  0  0  0  0  0  0  0
   0  0  0  0  0  0  0  0  0  0  0  0  0  0  0  0  0  0  0  0  0  0  0  0
   0  0  0  0  0  0  0  0  0  0]
 [ 0  0  0  0  0  1  0  0  0  0  0  0  0  0  0  0  0  0  0  0  0  0  0  0
   0  0  0  0  0  0  0  0  0  0  0  0  0  0  0  0  0  0  0  0  0  0  0  0
   0  0  0  0  1  0  0  0  0  0  0  0  0  0  0  0  0  0  0  1  0  0  0  0
   0  0  0  0  0  0  0  0  0  1]
 [ 0  0  0  0  0  0  6  0  0  0  0  0  1  0  0  0  0  0  0  0  0  0  0  0
   0  0  0  0  0  2  0  0  0  0  0  0  0  0  0  0  1  0  0  0  0  0  0  0
   0  0  0  0  0  0  0  0  0  0  0  0  0  0  6  0  0  0  0  0  1  1  0  0
   1  0  0  0  0  0  0  0  0  0]
 [ 0  0  0  0  0  0  2  0  0  0  0  0  0  0  0  0  0  0  0  0  0  0  0  3
   0  0  0  1  0  0  0  0  0  0  0  0  0  0  0  0  1  0  0  0  0  0  0  0
   0  0  0  0  0  0  0  0  0  0  0  0  0  0  0  3  0  0  0  0  0  0  0  0
   2  0  0  0  0  2  0  0  0  0]
 [ 0  0  0  0  0  0  0  0  0  0  0  0  0  0  0  0  0  0  0  0  0  0  0  0
   0  0  0  0  0  0  0  0  0  0  0  0  0  7  0  0  0  0  0  0  0  0  0  0
   0  0  0  0  0  0  0  1  0  0  0  0  0  0  0  1  0  0  0  0  0  1  0  0
   0  0  0  0  0  0  0  0  0  1]
 [ 0  0  0  0  0  0  0  0  0  0  0  0  0  0  0  0  0  0  0  0  0  0  0  0
   0  0  0  0  0  0  0  0  0  0  0  0  0  0  0  0  0  0  0  0  0  0  0  0
   0  0  0  0  0  0  0  0  0  0  0  0  0  1  0  0  0  0  0  0  0  0  0  0
   0  0  0  0  0  0  0  0  0  0]
 [ 0  0  0  0  0  0  0  0  0  0  0  0  0  0  0  0  0  0  0  0  0  0  0  0
   0  0  0  0  0  0  0  0  0  0  0  0  0  0  0  0  0  0  0  0  0  0  0  0
   0  0  0  0  0  0  0  0  0  0  0  0  0  0  0  0  0  0  0  0  0  0  0  0
   0  0  0  0  0  0  0  0  1  0]
 [ 0  0  0  0  0  0  0  0  0  0  0  0  0  0  0  0  0  0  0  0  0  0  0  0
   0  0  0  0  0  0  0  0  0  0  0  0  0  0  0  0  0  0  0  0  0  0  0  0
   0  0  0  0  1  0  0  0  0  0  0  0  0  1  0  0  0  0  0  0  0  0  0  0
   0  0  0  0  0  0  0  0  0  0]
 [ 1  0  0  0  0  0  0  0  0  0  0  0  1  0  0  0  0  0  0  0  0  0  0  0
   0  0  0  0  0  0  0  0  0  0  0  0  0  0  0  0  2  0  0  0  0  0  0  0
   0  0  0  0  0  0  0  0  0  0  0  0  0  0  6  0  0  0  0  0  2  1  0  0
   0  0  0  0  0  0  0  0  0  0]
 [ 0  0  0  0  0  0  0  0  0  0  0  0  0  1  0  0  0  0  0  0  0  0  0  0
   0  0  0  0  0  0  0  0  1  0  0  0  2  0  0  0  0  0  0  0  0  0  0  0
   0  0  0  0  0  0  0  0  0  0  0  0  0  0  0  1  0  0  0  0  0  0  0  0
   0  0  0  0  0  0  0  0  0  0]
 [ 0  0  0  0  0  0  0  0  0  0  0  0  0  0  0  0  0  0  0  0  0  0  0  0
   0  0  0  0  0  0  0  0  0  0  0  0  0  4  0  0  0  0  0  1  0  0  0  0
   0  0  0  0  0  0  0  0  0  0  0  0  0  0  0  0  0  0  0  0  0  0  0  0
   0  0  0  0  0  0  0  0  0  0]
 [ 0  0  0  0  0  0  0  0  0  0  0  0  0  0  0  0  0  0  0  0  0  0  0  0
   0  0  0  0  0  0  0  0  0  0  0  0  0  0  0  0  0  0  0  0  0  0  0  0
   0  0  0  0  0  0  0  0  0  0  0  0  0  0  0  0  0  0  0  0  0  0  0  1
   0  0  0  0  0  0  0  0  0  0]
 [ 0  0  0  0  0  0  1  0  1  0  0  0  0  0  0  0  0  0  0  0  0  0  0  0
   0  0  0  0  0  0  0  0  0  0  0  0  0  0  0  0  2  0  0  0  0  0  0  0
   0  0  0  0  0  0  0  0  0  0  0  0  0  0  4  0  0  0  0  0  0  0  0  0
   0  0  0  0  0  0  0  0  0  0]
 [ 0  1  0  0  0  0  0  0  1  0  0  0  0  0  0  0  0  0  0  0  0  0  0  0
   0  0  0  0  0  0  0  0  0  0  0  0  0  0  0  0  0  0  0  0  0  0  0  0
   0  0  0  0  0  0  0  0  0  0  0  0  0  0  0  0  0  0  0  0  0  1  0  0
   0  0  0  0  0  0  0  0  0  0]
 [ 0  0  0  0  0  0  0  0  0  0  0  0  0  0  0  0  0  0  0  0  0  0  0  1
   0  0  0  0  0  0  0  0  0  0  0  0  0  0  0  0  0  0  0  0  0  0  0  0
   0  0  0  0  0  0  0  1  0  0  0  0  0  0  0  0  0  0  0  0  0  0  0  0
   0  0  0  0  0  0  1  0  0  0]
 [ 0  0  0  0  0  1  0  0  0  0  0  0  0  0  0  0  0  0  0  0  0  0  0  0
   0  0  0  0  0  0  0  0  0  0  0  0  0  0  0  0  0  0  0  0  0  0  0  0
   0  0  0  0  0  0  0  0  0  0  0  0  0  0  0  0  0  0  0  0  0  0  0  0
   0  0  0  0  0  0  0  0  0  0]
 [ 0  0  0  0  0  0  3  2  0  0  0  0  0  0  0  0  0  0  0  0  0  0  0  0
   0  0  0  0  0  0  0  0  0  0  0  0  0  0  0  0  1  0  0  0  0  0  0  1
   0  0  0  0  0  0  0  0  0  0  0  0  0  0  4  0  0  0  0  0  2  0  0  0
   1  0  0  0  0  0  0  0  0  0]
 [ 0  0  1  0  0  0  0  0  0  0  0  0  0  0  0  0  0  0  0  0  0  0  0  0
   0  0  0  1  0  0  0  0  0  0  0  0  0  0  0  0  0  0  0  0  0  0  0  0
   0  0  0  0  0  0  0  0  0  0  0  0  0  0  0  0  0  0  0  0  0  0  0  0
   0  0  0  0  0  0  0  0  0  0]
 [ 0  1  0  0  0  0  1  0  0  0  0  0  0  0  0  0  0  0  0  0  0  0  0  0
   0  0  0  1  0  0  0  0  0  0  0  0  0  0  0  0  2  0  0  0  0  0  0  0
   0  0  0  0  0  0  0  0  0  0  0  0  0  0  1  0  0  0  0  0  0  0  0  0
   1  0  0  0  0  0  1  0  0  0]
 [ 0  1  0  0  0  0  0  0  0  0  0  0  0  0  0  0  0  0  0  0  0  0  0  0
   0  0  0  0  0  0  0  0  0  0  0  0  0  2  0  0  0  0  0  1  0  0  0  0
   0  0  0  0  0  0  2  2  0  0  0  0  0  0  0  1  0  0  0  0  0  0  0  0
   0  0  0  0  0  0  1  0  0  0]
 [ 0  0  0  0  0  0  0  0  0  0  0  0  0  0  0  0  0  0  0  0  0  0  0  0
   0  0  0  0  0  0  0  0  0  0  0  0  0  0  0  0  0  0  0  0  0  0  0  0
   0  0  0  0  0  0  0  0  0  0  0  0  0  1  0  0  0  0  0  0  0  0  0  0
   0  0  0  0  0  0  0  0  0  0]
 [ 0  0  0  0  0  1  0  0  0  0  0  0  0  0  0  0  0  0  0  0  0  0  0  0
   0  0  0  0  0  0  0  0  0  0  0  0  0  0  0  0  0  0  0  0  0  0  0  0
   0  0  0  0  0  0  0  0  0  0  0  0  0  0  0  0  0  0  0  0  0  0  0  1
   0  0  0  1  0  0  0  0  0  0]
 [ 1  0  0  0  0  0  2  0  0  0  0  0  0  0  0  0  0  0  0  0  0  0  0  0
   0  0  0  0  0  0  0  0  0  0  0  0  0  0  0  0  0  0  0  0  0  0  0  0
   0  0  0  1  0  0  0  0  0  0  0  0  0  0  3  0  0  0  0  0  1  0  0  0
   0  0  0  0  0  1  0  0  0  0]
 [ 1  0  0  0  0  0  0  3  0  0  0  0  0  0  0  0  0  0  0  0  0  0  0  0
   0  0  0  1  0  0  0  0  0  0  0  0  1  1  0  0  0  2  0  0  0  0  0  0
   0  0  0  0  0  0  0  0  0  0  0  0  0  0  0  0  0  0  0  0  0  0  0  0
   0  0  0  0  0  1  0  0  0  0]
 [ 0  0  0  0  0  0  0  0  0  0  0  0  0  0  0  0  0  0  0  0  0  0  0  0
   0  0  0  0  0  0  0  0  0  0  0  0  0  0  0  0  0  0  0  0  0  0  0  0
   0  0  0  0  0  0  0  0  0  0  0  0  0  1  0  0  0  0  0  0  0  0  0  0
   0  0  0  0  0  0  0  0  0  0]
 [ 0  0  0  0  0  0  3  1  0  0  0  0  0  0  0  0  0  0  0  0  0  0  0  0
   0  0  0  0  0  1  0  0  0  0  0  0  0  0  0  0  3  0  0  0  0  0  0  1
   0  0  0  0  0  0  0  0  0  0  0  0  0  0  2  0  0  0  0  0  0  0  0  0
   2  0  0  0  0  0  0  0  0  0]
 [ 0  0  0  0  0  0  0  0  0  0  0  0  0  0  0  0  0  0  0  0  0  0  0  0
   0  0  0  0  0  0  0  0  0  0  0  0  0  0  0  0  0  0  0  0  0  0  0  0
   0  0  0  0  1  0  0  0  0  0  0  0  0  0  0  0  0  0  0  0  0  0  0  0
   0  0  0  0  0  0  0  0  0  1]
 [ 1  0  0  0  0  0  3  2  0  0  0  0  0  0  0  0  0  0  0  0  0  0  0  1
   0  0  0  0  0  0  0  0  0  0  0  0  0  0  0  0  0  0  0  0  0  0  0  0
   0  0  0  0  0  0  0  0  0  0  0  0  0  0  4  0  0  0  0  0  2  0  0  0
   1  0  0  0  0  0  0  0  0  0]
 [ 0  1  0  0  0  0  0  0  0  0  0  0  0  1  0  0  0  0  0  0  0  0  0  0
   0  0  0  0  0  0  0  0  0  0  0  0  1  0  0  0  0  0  0  0  0  0  0  0
   0  0  0  0  0  0  0  0  0  0  0  0  0  0  0  1  0  0  0  0  0  1  0  0
   0  0  0  0  0  0  0  0  0  0]
 [ 0  0  0  0  0  0  0  0  0  0  0  0  0  0  0  0  0  0  0  0  0  0  0  0
   0  0  0  0  0  0  0  0  0  0  0  0  0  3  0  0  0  0  0  0  0  0  0  0
   0  0  0  0  0  0  0  0  0  0  0  0  0  0  0  0  1  0  0  0  0  0  1  0
   0  0  0  0  0  0  0  0  0  0]
 [ 0  0  0  0  0  0  0  0  0  0  0  0  0  0  0  0  0  0  0  0  0  0  0  0
   0  0  0  0  0  0  0  0  0  0  0  0  0  0  0  0  0  0  0  0  0  0  0  0
   0  0  0  0  1  0  0  0  0  0  0  0  0  1  0  0  0  0  0  1  0  0  0  0
   0  0  0  0  0  0  0  0  0  0]
 [ 0  0  0  0  0  0  0  0  0  0  0  0  1  0  0  0  0  0  0  0  0  0  0  0
   0  0  0  0  0  0  0  0  0  0  0  1  0  0  0  0  1  0  0  0  0  1  0  0
   0  0  0  0  0  1  0  0  0  0  0  0  0  0 10  0  0  0  0  0  1  0  0  0
   3  0  0  0  0  0  0  0  1  0]
 [ 0  0  0  0  0  0  0  0  0  0  0  0  1  2  0  0  0  0  0  0  0  0  0  0
   0  0  0  0  0  0  0  0  0  0  0  0  2  0  0  0  0  1  0  0  0  0  0  0
   0  0  0  0  0  0  0  0  0  0  0  0  0  0  5  0  0  0  0  0  0  0  0  0
   0  0  0  0  0  0  0  0  0  0]
 [ 0  0  0  0  0  0  0  0  0  0  0  0  0  0  0  0  0  0  0  0  0  0  0  0
   0  0  0  0  0  0  0  0  0  0  0  0  1  4  0  0  0  0  0  1  0  0  0  0
   0  0  0  0  0  0  0  2  0  0  0  0  0  0  0  0  0  0  0  0  0  0  0  0
   0  0  0  0  0  1  1  0  0  0]
 [ 0  0  0  0  0  0  0  0  0  0  0  0  0  0  0  0  0  0  0  0  0  0  0  0
   0  0  0  0  0  0  0  0  0  0  0  0  0  0  0  0  0  0  0  0  0  0  0  0
   0  0  0  0  0  0  0  0  0  0  0  0  0  1  0  0  0  0  0  0  0  0  0  0
   0  0  0  0  0  0  0  0  0  0]
 [ 0  0  0  0  0  0  0  0  0  0  0  0  0  0  0  0  0  0  0  0  0  0  0  0
   0  0  0  0  0  0  0  0  0  0  0  0  0  0  0  0  0  0  0  0  0  0  0  0
   0  0  0  0  2  0  0  0  0  0  0  0  0  0  0  0  0  0  0  2  0  0  0  0
   0  0  0  0  0  0  0  0  0  0]
 [ 0  0  0  0  0  0  4  1  0  0  0  0  0  0  0  0  0  0  0  0  0  0  0  0
   0  0  0  0  0  1  0  0  0  0  0  1  0  0  0  0  4  0  0  0  0  0  0  1
   0  0  0  0  0  0  0  0  0  0  0  0  0  0  9  0  0  0  0  0  1  0  0  0
   2  0  0  0  0  1  0  0  1  0]
 [ 0  2  0  0  0  0  0  1  0  0  0  0  0  1  0  0  0  0  0  0  0  0  0  1
   0  0  0  1  0  0  0  0  0  0  0  0  2  1  0  0  0  1  0  0  0  0  0  0
   0  0  0  0  0  0  0  0  0  0  0  0  0  0  0  1  0  0  0  0  0  1  0  0
   0  0  0  0  0  0  0  0  0  0]
 [ 0  0  0  0  0  0  0  0  0  0  0  0  0  0  0  0  0  0  0  0  0  0  0  0
   0  0  0  0  0  0  0  0  0  0  0  0  0  0  0  0  0  0  0  0  0  0  0  0
   0  0  0  0  0  0  1  0  0  0  0  0  0  0  1  0  0  0  0  0  0  1  0  0
   0  0  0  0  0  0  1  0  0  0]
 [ 0  0  0  0  0  0  0  0  0  0  0  0  0  0  0  0  0  0  0  0  0  0  0  0
   0  0  0  0  0  0  0  0  0  0  0  0  0  3  0  0  0  0  0  2  0  0  0  0
   0  1  0  0  0  0  0  1  0  0  0  1  0  0  0  0  0  0  0  0  0  0  1  0
   0  0  0  0  0  0  1  0  0  0]
 [ 0  0  0  0  0  0  0  0  0  0  0  0  0  0  0  0  0  0  0  0  0  0  0  0
   0  0  0  0  0  0  0  0  0  0  0  0  0  0  0  0  0  0  0  0  0  0  0  0
   0  0  0  0  0  0  0  0  0  0  0  0  0  1  0  0  0  0  0  0  0  0  0  0
   0  0  0  0  0  0  0  0  0  0]
 [ 0  0  0  0  0  0  0  1  0  0  0  0  0  1  0  0  0  0  0  0  0  0  0  0
   0  0  0  0  0  0  0  0  0  0  0  0  2  0  0  0  1  1  0  0  0  0  0  0
   0  0  0  0  0  0  0  0  0  0  0  0  0  0  1  2  0  0  0  0  0  2  0  0
   0  0  0  0  0  1  0  0  0  0]
 [ 0  0  0  0  0  1  0  1  0  0  0  0  0  0  0  0  0  0  0  0  0  0  0  0
   0  0  0  0  0  0  0  0  0  0  0  0  0  0  0  0  0  0  0  0  0  0  0  0
   0  0  0  0  0  0  0  0  0  0  0  0  0  0  0  0  0  0  0  0  0  0  0  0
   0  0  0  0  0  0  0  0  0  1]
 [ 0  0  0  0  0  0  1  0  0  0  0  0  0  0  0  0  0  0  0  0  0  0  0  0
   0  0  0  0  0  0  0  0  0  0  0  0  0  0  0  0  5  0  0  0  0  0  0  0
   0  0  0  0  0  0  0  0  0  0  0  0  0  0  4  0  0  0  0  0  2  0  0  0
   2  0  0  0  0  0  0  0  0  0]
 [ 1  0  0  0  0  0  1  0  0  0  0  0  0  0  0  0  0  0  0  0  0  0  0  0
   0  0  0  3  0  2  0  0  0  0  0  1  0  0  0  0  2  0  0  0  0  0  0  0
   0  0  0  0  0  0  0  0  0  0  0  0  0  0  1  0  0  0  0  0  0  2  0  0
   1  0  0  0  0  0  0  0  2  0]
 [ 0  1  0  0  0  0  0  0  1  0  0  0  0  0  0  0  0  0  0  0  0  0  0  0
   0  0  0  1  0  0  0  0  0  0  0  0  0  2  0  0  0  0  0  3  0  0  0  0
   0  0  0  0  0  0  1  0  0  0  0  0  0  0  0  0  0  0  0  0  0  0  0  0
   0  0  0  0  0  1  0  0  0  0]
 [ 0  0  0  0  0  0  0  0  0  0  0  0  0  0  0  0  0  0  0  0  0  0  0  0
   0  0  0  0  0  0  0  0  0  0  0  0  0  0  0  0  0  0  0  0  0  0  0  0
   0  0  0  0  0  0  0  0  0  0  0  0  0  1  0  0  0  0  0  0  0  0  0  0
   0  0  0  0  0  0  0  0  0  0]
 [ 0  0  0  0  0  0  0  0  0  0  0  0  0  0  0  0  0  0  0  0  0  0  0  0
   0  0  0  0  0  0  0  0  0  0  0  0  0  0  0  0  1  0  0  0  0  0  0  0
   0  0  0  0  0  0  0  0  0  0  0  0  0  0  1  0  0  0  0  0  0  0  0  0
   1  0  0  0  0  0  0  0  0  0]
 [ 0  0  0  0  0  0  0  0  0  0  0  0  0  0  0  0  0  0  0  0  0  0  0  0
   0  0  0  0  0  0  0  0  0  0  0  0  0  0  0  0  0  0  0  0  0  0  0  0
   0  0  0  0  0  0  0  0  0  0  0  0  0  1  0  0  0  0  0  0  0  0  0  1
   0  0  0  0  0  0  0  0  0  1]
 [ 1  0  0  0  0  0  1  0  0  0  0  0  1  1  0  0  0  0  0  0  0  0  0  3
   0  0  0  0  0  0  0  0  0  0  0  0  1  2  0  0  1  1  0  0  0  0  0  0
   0  0  0  0  0  1  0  0  0  0  0  0  0  0  8  0  0  0  0  0  1  0  0  0
   2  0  0  0  0  0  0  0  1  0]
 [ 0  2  0  0  0  0  0  0  1  0  0  0  0  0  0  0  0  0  0  0  0  0  0  1
   0  0  0  1  0  0  0  0  0  0  0  0  1  0  0  0  0  2  0  0  0  0  0  0
   0  1  0  0  0  0  1  0  0  0  0  0  0  0  0  0  0  0  0  0  0  0  0  0
   0  0  0  0  0  1  0  0  0  0]
 [ 0  0  1  0  0  0  0  0  1  0  0  0  0  0  0  0  0  0  0  0  0  0  0  0
   0  0  0  0  0  0  0  0  0  0  0  0  0  1  0  0  0  0  0  6  0  0  0  0
   0  0  0  0  0  0  0  1  0  0  0  0  0  0  0  0  0  0  0  0  0  0  0  0
   0  0  0  0  0  0  0  0  0  0]
 [ 0  0  0  0  0  0  0  0  0  0  0  0  0  0  0  0  0  0  0  0  0  0  0  0
   0  0  0  0  0  0  0  0  0  0  0  0  0  0  0  0  0  0  0  0  0  0  0  0
   0  0  0  0  0  0  0  0  0  0  0  0  0  1  0  0  0  0  0  0  0  0  0  0
   0  0  0  0  0  0  0  0  0  0]
 [ 0  2  0  0  0  0  0  0  0  0  0  0  0  1  0  0  0  0  0  0  0  0  0  1
   0  0  0  1  0  0  0  0  0  0  0  0  0  0  0  0  0  1  0  2  0  0  0  0
   0  0  0  0  0  0  0  0  0  0  0  0  0  0  0  0  0  0  0  0  0  0  0  0
   0  0  0  0  0  0  0  0  0  0]
 [ 0  0  0  0  0  1  0  0  0  0  0  0  0  0  0  0  0  0  0  0  0  0  0  0
   0  0  0  0  0  0  0  0  0  0  0  0  0  0  0  1  0  0  0  0  0  0  0  0
   0  0  0  0  0  0  0  0  0  0  0  0  0  1  0  0  0  0  0  1  0  0  0  0
   0  0  0  0  0  0  0  0  0  0]
 [ 0  0  0  0  0  0  0  0  0  0  0  0  0  0  0  0  0  0  0  0  0  0  0  0
   0  0  0  0  0  0  0  0  0  0  0  0  0  1  0  0  0  0  0  0  0  0  0  0
   0  0  0  0  0  0  0  2  0  0  0  7  0  0  0  0  0  0  0  0  0  0  0  0
   0  0  0  0  0  0  0  0  0  0]
 [ 0  0  0  0  0  0  0  0  0  0  0  0  0  0  0  0  0  0  0  0  0  0  0  0
   0  0  0  0  0  0  0  0  0  0  0  0  0  0  0  1  0  0  0  0  0  0  0  0
   0  0  0  0  0  0  0  0  0  0  0  0  0  1  0  0  0  0  0  0  0  0  0  0
   0  0  0  1  0  0  0  0  0  1]
 [ 0  0  0  0  0  0  0  0  0  0  0  0  0  0  0  0  0  0  0  0  0  0  0  0
   0  0  0  0  0  0  0  0  0  0  0  0  0  0  0  0  0  0  0  0  0  0  0  0
   0  0  0  0  0  0  0  0  0  0  0  0  0  0  0  0  0  0  0  0  0  0  0  0
   0  0  0  0  0  0  0  0  0  0]
 [ 1  0  0  0  0  0  2  1  0  0  0  0  0  0  0  0  0  0  0  0  0  0  0  0
   0  0  0  0  0  0  0  0  0  0  0  0  0  0  0  0  1  0  0  0  0  0  0  1
   0  0  0  0  0  2  0  0  0  0  0  0  0  0 10  0  0  0  0  0  2  0  0  0
   3  0  0  0  1  0  0  0  0  0]
 [ 1  1  0  0  0  0  0  0  0  0  0  0  0  2  0  0  0  0  0  0  0  0  0  1
   0  0  0  0  0  0  0  0  0  0  0  0  1  0  0  0  0  2  0  0  0  0  0  0
   0  0  0  0  0  0  1  0  0  0  0  0  0  0  1  0  0  0  0  0  0  0  0  0
   0  0  0  0  0  0  0  0  0  0]
 [ 0  0  0  0  0  0  0  0  0  0  0  0  0  0  0  0  0  0  0  0  0  0  0  0
   0  0  0  0  0  0  0  0  0  0  0  0  0  8  0  0  0  0  0  1  0  0  0  0
   0  0  0  0  0  0  0  0  0  0  0  1  0  0  0  0  0  0  0  0  0  0  0  0
   0  0  0  0  0  0  0  0  0  0]
 [ 0  0  0  0  0  0  0  0  0  0  0  0  0  0  0  0  0  0  0  0  0  0  0  0
   0  0  0  0  0  0  0  0  0  0  0  0  0  0  0  0  0  0  0  0  0  0  0  0
   0  0  0  0  0  0  0  0  0  0  0  0  0  1  0  0  0  0  0  0  0  0  0  0
   0  0  0  0  0  0  0  0  0  0]
 [ 0  0  0  0  0  0  0  1  0  0  0  0  0  0  0  0  0  0  0  0  0  0  0  0
   0  0  0  0  0  0  0  0  0  0  0  0  2  0  0  0  0  0  0  0  0  0  0  0
   0  0  0  0  0  0  1  0  0  0  0  0  0  0  1  0  0  0  0  0  0  0  0  0
   0  0  0  0  0  0  0  0  0  0]
 [ 0  0  0  0  0  0  0  0  0  0  0  0  0  0  0  0  0  0  0  0  0  0  0  0
   0  0  0  0  0  0  0  0  0  0  0  0  0  0  0  0  0  0  0  0  0  0  0  1
   0  0  0  0  0  0  0  0  0  0  0  0  0  2  0  0  0  0  0  1  0  0  0  0
   0  0  0  0  0  0  0  0  0  0]
 [ 1  0  0  0  0  0  2  0  0  0  0  0  2  0  0  0  0  0  0  0  0  0  0  0
   0  0  0  0  0  1  0  0  0  0  0  0  1  0  0  0  0  0  0  0  0  0  0  0
   0  0  0  0  0  0  0  0  0  0  0  0  0  0 11  0  0  0  0  0  3  0  0  0
   0  0  0  0  0  0  0  0  0  0]
 [ 0  0  0  0  0  0  0  1  0  0  0  0  0  2  0  0  0  0  0  0  0  0  0  0
   0  0  0  0  0  0  0  0  0  0  0  0  4  0  0  0  1  1  0  0  0  0  0  0
   0  0  0  0  0  0  0  0  0  0  0  0  0  0  0  0  0  0  0  0  0  0  0  0
   0  0  0  0  0  0  0  0  0  0]
 [ 0  0  0  0  0  0  0  0  0  0  0  0  0  0  0  0  0  0  0  0  0  0  0  0
   0  0  0  0  0  0  0  0  0  0  0  0  0  7  0  0  0  0  0  2  0  0  0  0
   0  0  0  0  0  0  0  1  0  0  0  0  0  0  0  0  1  0  0  0  0  0  1  0
   0  0  0  0  0  0  0  0  0  0]
 [ 0  0  0  0  0  1  0  0  0  0  0  0  0  0  0  0  0  0  0  0  0  0  0  0
   0  0  0  0  0  0  0  0  0  0  0  0  0  0  0  0  0  0  0  0  0  0  0  0
   0  0  0  0  0  0  0  0  0  0  0  0  0  1  0  0  0  0  0  0  0  0  0  0
   1  0  0  0  0  0  0  0  0  0]
 [ 1  0  0  0  0  0  2  2  0  0  0  0  0  0  0  0  0  0  0  0  1  0  0  0
   0  0  0  1  0  2  0  0  0  0  0  0  0  0  0  0  3  0  0  0  0  0  0  0
   0  0  0  0  0  1  0  0  0  0  0  0  0  0  3  0  0  0  0  0  0  0  0  0
   2  0  0  0  0  0  0  0  2  0]
 [ 0  0  0  0  0  0  1  0  0  0  0  0  0  0  0  0  0  0  0  0  0  0  1  0
   0  0  0  0  0  1  0  0  0  0  0  0  0  0  0  0  0  0  0  0  0  0  0  0
   0  0  0  0  0  0  0  0  0  0  0  0  0  0  0  0  0  0  0  0  0  0  0  0
   0  0  0  0  0  0  0  0  0  0]
 [ 0  0  0  0  0  0  0  0  0  0  0  0  0  2  0  0  0  0  0  0  0  0  0  1
   0  0  0  0  0  0  0  0  0  0  0  0  0  1  0  0  0  0  0  0  0  0  0  0
   0  0  0  0  0  1  0  0  0  0  0  0  0  0  0  0  0  0  0  0  0  1  0  0
   2  0  0  0  0  0  0  0  1  0]
 [ 0  0  0  0  0  2  0  0  0  0  0  0  0  0  0  0  0  0  0  0  0  0  0  0
   0  0  0  0  0  0  0  0  0  0  0  0  0  0  0  0  0  0  0  0  0  0  0  0
   0  0  0  0  0  0  0  0  0  0  0  0  0  0  0  0  0  0  0  0  0  0  0  0
   0  0  0  0  0  0  0  0  0  1]
 [ 1  0  0  0  0  0  0  0  0  0  0  0  0  0  0  0  0  0  0  0  0  0  0  0
   0  0  0  0  0  2  0  0  0  0  0  0  0  0  0  0  1  0  0  0  0  0  0  0
   0  0  0  1  0  1  0  0  0  0  0  0  0  0  5  1  0  0  0  0  1  0  0  0
   3  0  0  0  0  0  0  0  1  0]
 [ 0  1  0  0  0  0  0  3  0  0  0  0  0  0  0  0  0  0  0  0  0  0  0  0
   0  0  0  0  0  1  0  0  0  0  0  0  0  0  0  0  0  1  0  0  0  0  0  0
   0  0  0  0  0  0  2  0  0  0  0  0  0  0  0  0  0  0  0  0  0  1  0  0
   1  0  0  0  0  1  0  0  0  0]
 [ 0  2  0  0  0  0  0  1  0  0  0  0  0  0  0  0  0  0  0  0  0  0  0  0
   0  0  0  0  0  1  0  0  0  0  0  0  0  0  0  0  0  0  0  0  0  0  0  0
   0  0  0  0  0  0  1  1  0  0  0  0  0  0  0  0  0  0  0  0  0  0  0  0
   0  0  0  0  0  4  0  0  0  0]
 [ 0  0  0  0  0  0  0  0  0  0  0  0  0  0  0  0  0  0  0  0  0  0  0  0
   0  0  0  0  0  0  0  0  0  0  0  0  0  0  0  0  0  0  0  0  0  0  0  0
   0  0  0  0  0  0  0  0  0  0  0  0  0  1  0  0  0  0  0  0  0  0  0  0
   0  0  0  0  0  0  0  0  0  0]
 [ 0  0  0  0  0  0  0  0  0  0  0  0  0  0  0  0  0  0  0  0  0  0  0  0
   0  0  0  0  0  2  0  0  0  0  0  0  0  0  0  0  1  0  0  0  0  0  0  0
   0  0  0  0  0  0  1  0  0  0  0  0  0  0  0  0  0  0  0  0  0  0  0  0
   2  0  0  0  0  0  0  0  0  0]
 [ 0  0  0  0  0  1  0  0  0  0  0  0  0  0  0  0  0  0  0  0  0  0  0  0
   0  0  0  0  0  0  1  0  0  0  0  0  0  0  0  1  0  0  0  0  0  0  0  0
   0  0  0  0  0  0  0  0  0  0  0  0  0  0  0  0  0  0  0  0  0  0  0  0
   0  0  0  0  0  0  0  0  0  0]]
