
Hyperopt trials:
tid,loss,time,params used
0, 3.056654, 105.999926, {'batch_size': [3.681860523509092], 'dropout': [0.4624571958543679], 'learning_rate': [1.984545210593802e-05], 'lstmA_size_1': [28.062298886592377], 'lstmA_size_2_2': [], 'lstmA_size_2_3': [85.91993550671697], 'lstmA_size_3_3': [75.39332387170599], 'n_layers': [2], 'output_dim_embedding': [26.568276713141938], 'shared_lstm_size': [67.05472402306329], 'word2vec_size': [237.0]}
1, 2.809516, 106.558743, {'batch_size': [3.1667484678218845], 'dropout': [0.3129576444841097], 'learning_rate': [0.0008066513527871317], 'lstmA_size_1': [36.42645222824875], 'lstmA_size_2_2': [71.2388676002944], 'lstmA_size_2_3': [], 'lstmA_size_3_3': [], 'n_layers': [1], 'output_dim_embedding': [11.464304192610909], 'shared_lstm_size': [21.06660829573233], 'word2vec_size': [234.0]}
2, 2.943494, 22.595587, {'batch_size': [5.6249727703748365], 'dropout': [0.23410092745907157], 'learning_rate': [4.59247430016572e-05], 'lstmA_size_1': [37.55170021534627], 'lstmA_size_2_2': [], 'lstmA_size_2_3': [], 'lstmA_size_3_3': [], 'n_layers': [0], 'output_dim_embedding': [10.522383596700204], 'shared_lstm_size': [27.866946344537332], 'word2vec_size': [548.0]}
3, 2.812548, 187.303142, {'batch_size': [3.1767580376037654], 'dropout': [0.40324888270355075], 'learning_rate': [0.0014120558388107027], 'lstmA_size_1': [52.42446373791146], 'lstmA_size_2_2': [], 'lstmA_size_2_3': [31.965593405842075], 'lstmA_size_3_3': [67.90243793744395], 'n_layers': [2], 'output_dim_embedding': [24.3790166637855], 'shared_lstm_size': [22.25633927231606], 'word2vec_size': [556.0]}
4, 2.931714, 41.040428, {'batch_size': [4.254594060173367], 'dropout': [0.25985313583536973], 'learning_rate': [4.8226688638052854e-05], 'lstmA_size_1': [15.894666219159106], 'lstmA_size_2_2': [12.7816233027087], 'lstmA_size_2_3': [], 'lstmA_size_3_3': [], 'n_layers': [1], 'output_dim_embedding': [67.46248479580848], 'shared_lstm_size': [15.49228714552371], 'word2vec_size': [205.0]}
5, 2.912168, 56.619183, {'batch_size': [4.1144031359995274], 'dropout': [0.25630916046482627], 'learning_rate': [5.981095014989502e-05], 'lstmA_size_1': [13.275808409374042], 'lstmA_size_2_2': [], 'lstmA_size_2_3': [], 'lstmA_size_3_3': [], 'n_layers': [0], 'output_dim_embedding': [69.30037678601501], 'shared_lstm_size': [78.80993101430026], 'word2vec_size': [956.0]}
6, 2.742354, 105.377376, {'batch_size': [4.355066135998102], 'dropout': [0.3208087768451627], 'learning_rate': [0.008954900972330797], 'lstmA_size_1': [24.65235224445979], 'lstmA_size_2_2': [], 'lstmA_size_2_3': [54.669213441028056], 'lstmA_size_3_3': [42.36262772175317], 'n_layers': [2], 'output_dim_embedding': [132.80166695025957], 'shared_lstm_size': [102.08627534026245], 'word2vec_size': [761.0]}
7, 2.810536, 47.504835, {'batch_size': [5.178117993387277], 'dropout': [0.3742122547249831], 'learning_rate': [0.004902627772803914], 'lstmA_size_1': [109.73928704342238], 'lstmA_size_2_2': [], 'lstmA_size_2_3': [], 'lstmA_size_3_3': [], 'n_layers': [0], 'output_dim_embedding': [26.88482503485889], 'shared_lstm_size': [133.8049897553333], 'word2vec_size': [540.0]}
8, 2.928375, 48.218624, {'batch_size': [4.025950926295561], 'dropout': [0.44475373436186505], 'learning_rate': [4.2573069961181346e-05], 'lstmA_size_1': [11.823337157753565], 'lstmA_size_2_2': [20.7713891205727], 'lstmA_size_2_3': [], 'lstmA_size_3_3': [], 'n_layers': [1], 'output_dim_embedding': [141.19361339913416], 'shared_lstm_size': [14.15126197051142], 'word2vec_size': [825.0]}
9, 2.753759, 25.126742, {'batch_size': [5.7316017438478655], 'dropout': [0.26086318494016314], 'learning_rate': [0.0024310137637513322], 'lstmA_size_1': [72.00373404094088], 'lstmA_size_2_2': [], 'lstmA_size_2_3': [], 'lstmA_size_3_3': [], 'n_layers': [0], 'output_dim_embedding': [56.43730406101236], 'shared_lstm_size': [53.00955328394504], 'word2vec_size': [73.0]}
10, 2.825328, 78.120610, {'batch_size': [3.098201131882246], 'dropout': [0.45088714474193164], 'learning_rate': [0.0006759353509946493], 'lstmA_size_1': [47.39648565217484], 'lstmA_size_2_2': [], 'lstmA_size_2_3': [], 'lstmA_size_3_3': [], 'n_layers': [0], 'output_dim_embedding': [25.22051943036574], 'shared_lstm_size': [30.321756922843527], 'word2vec_size': [193.0]}
11, 2.757739, 27.707268, {'batch_size': [5.445315096589326], 'dropout': [0.39434473930540015], 'learning_rate': [0.004215657862991156], 'lstmA_size_1': [19.63160915007729], 'lstmA_size_2_2': [], 'lstmA_size_2_3': [], 'lstmA_size_3_3': [], 'n_layers': [0], 'output_dim_embedding': [10.714190507661495], 'shared_lstm_size': [27.674573051080742], 'word2vec_size': [687.0]}
12, 2.989723, 118.708165, {'batch_size': [3.6075847372033203], 'dropout': [0.43664089998688377], 'learning_rate': [6.0194801832648476e-05], 'lstmA_size_1': [142.8426023978282], 'lstmA_size_2_2': [], 'lstmA_size_2_3': [22.990812344662107], 'lstmA_size_3_3': [14.747915088017466], 'n_layers': [2], 'output_dim_embedding': [48.193200315340206], 'shared_lstm_size': [22.576849522607755], 'word2vec_size': [564.0]}
13, 2.794421, 96.520241, {'batch_size': [4.714039809289456], 'dropout': [0.44712921648445436], 'learning_rate': [0.0006386579885475836], 'lstmA_size_1': [24.369928473035724], 'lstmA_size_2_2': [91.59808231335904], 'lstmA_size_2_3': [], 'lstmA_size_3_3': [], 'n_layers': [1], 'output_dim_embedding': [96.77833987918069], 'shared_lstm_size': [19.002840288810958], 'word2vec_size': [711.0]}
14, 2.788193, 86.225681, {'batch_size': [4.196641942997717], 'dropout': [0.06785233016206593], 'learning_rate': [0.0027105831807936348], 'lstmA_size_1': [110.20724020539082], 'lstmA_size_2_2': [], 'lstmA_size_2_3': [37.97942857793751], 'lstmA_size_3_3': [74.17094290247968], 'n_layers': [2], 'output_dim_embedding': [91.88407610661586], 'shared_lstm_size': [46.084941568772514], 'word2vec_size': [507.0]}
15, 2.801901, 40.576814, {'batch_size': [5.892822525374688], 'dropout': [0.22259417503577145], 'learning_rate': [0.0003535133153937139], 'lstmA_size_1': [96.37087779081995], 'lstmA_size_2_2': [], 'lstmA_size_2_3': [], 'lstmA_size_3_3': [], 'n_layers': [0], 'output_dim_embedding': [52.78633424140512], 'shared_lstm_size': [12.346883648136181], 'word2vec_size': [287.0]}
16, 2.815146, 128.643968, {'batch_size': [5.021537904611826], 'dropout': [0.2458379825963174], 'learning_rate': [0.0004508663652054053], 'lstmA_size_1': [13.096884926815202], 'lstmA_size_2_2': [], 'lstmA_size_2_3': [83.08472168660452], 'lstmA_size_3_3': [59.664118726285196], 'n_layers': [2], 'output_dim_embedding': [104.71315167151944], 'shared_lstm_size': [27.33684533515631], 'word2vec_size': [680.0]}
17, 2.946981, 44.301831, {'batch_size': [5.729341197942373], 'dropout': [0.43810167226414065], 'learning_rate': [1.582878992981639e-05], 'lstmA_size_1': [16.506771698430775], 'lstmA_size_2_2': [63.416739527574876], 'lstmA_size_2_3': [], 'lstmA_size_3_3': [], 'n_layers': [1], 'output_dim_embedding': [22.796121079009396], 'shared_lstm_size': [37.49290336993244], 'word2vec_size': [817.0]}
18, 2.764552, 76.783594, {'batch_size': [5.999909811619912], 'dropout': [0.3917662340392775], 'learning_rate': [0.0016290870013188409], 'lstmA_size_1': [43.629332166860195], 'lstmA_size_2_2': [], 'lstmA_size_2_3': [35.189770996209496], 'lstmA_size_3_3': [15.192825566172004], 'n_layers': [2], 'output_dim_embedding': [29.88009672206514], 'shared_lstm_size': [20.564749363990977], 'word2vec_size': [375.0]}
19, 2.799135, 137.842108, {'batch_size': [4.7700674421900136], 'dropout': [0.3564659699821381], 'learning_rate': [0.0014273360069301097], 'lstmA_size_1': [10.75715013922062], 'lstmA_size_2_2': [], 'lstmA_size_2_3': [16.30272828144151], 'lstmA_size_3_3': [109.3620683968409], 'n_layers': [2], 'output_dim_embedding': [39.48139550332835], 'shared_lstm_size': [21.34349315799665], 'word2vec_size': [57.0]}
Total time: 0:26:21.774868

Best parameters:{'batch_size': 4, 'dropout': 0.3208087768451627, 'learning_rate': 0.008954900972330797, 'lstmA_size_1': 24, 'n_layers': {'lstmA_size_2_3': 54, 'lstmA_size_3_3': 42, 'n_layers': 3}, 'output_dim_embedding': 132, 'shared_lstm_size': 102, 'win_size': 4, 'word2vec_size': 761}

Next activity metrics:
              precision    recall  f1-score   support

           0      0.000     0.000     0.000        52
           1      0.120     0.292     0.170        48
           2      0.000     0.000     0.000        24
           3      0.000     0.000     0.000        15
           4      0.000     0.000     0.000        38
           5      0.067     0.029     0.040        35
           7      0.061     0.074     0.067        27
           8      0.070     0.087     0.078        46
           9      0.068     0.103     0.082        68
          10      0.105     0.085     0.094        47
          11      0.115     0.203     0.147        59
          12      0.000     0.000     0.000        10
          13      0.000     0.000     0.000         4
          15      0.103     0.185     0.132        54
          16      0.133     0.044     0.067        45
          17      0.077     0.029     0.042        35
          18      0.067     0.062     0.065        48

    accuracy                          0.092       655
   macro avg      0.058     0.070     0.058       655
weighted avg      0.071     0.092     0.074       655


Next activity confusion matrix:
[[ 0  7  0  0  0  0  4  5 10  3  9  0  0  8  2  1  3]
 [ 0 14  0  0  1  3  1  1  8  1  5  0  0  6  0  2  6]
 [ 1  0  0  0  0  0  2  0  8  1  3  0  0  4  3  0  2]
 [ 0  0  0  0  0  2  2  1  3  0  5  0  0  1  0  1  0]
 [ 3  6  0  0  0  0  3  3  2  2 11  0  0  3  0  1  4]
 [ 0 13  0  0  0  1  0  2  6  2  1  0  0  6  0  2  2]
 [ 2  5  0  0  0  0  2  4  4  3  3  0  0  2  0  0  2]
 [ 0  3  0  0  0  1  8  4  7  0  2  0  0 13  3  0  5]
 [ 1 13  0  0  0  0  2  9  7  1 12  0  0 14  1  3  5]
 [ 1 15  0  0  0  2  1  1  7  4  6  0  0  5  1  0  4]
 [ 3  9  0  0  0  5  1  3 11  4 12  0  0  9  0  0  2]
 [ 0  0  0  0  0  0  0  0  0  2  7  0  0  1  0  0  0]
 [ 0  2  0  0  0  0  0  0  1  0  0  0  0  0  0  1  0]
 [ 2  1  0  0  0  0  1 11  7  4 15  0  0 10  1  0  2]
 [ 2  2  0  0  0  0  4  7  9  4  4  0  0  9  2  0  2]
 [ 0 12  0  0  0  0  1  2  7  2  3  0  0  2  2  1  3]
 [ 2 15  0  0  0  1  1  4  6  5  6  0  0  4  0  1  3]]
