
Hyperopt trials:
tid,loss,time,params used
0, 1.203278, 144.609692, {'batch_size': [3.8069402848984724], 'dropout': [0.395676508348977], 'gamma': [0.4306285889267072], 'learning_rate': [0.0012732342441417125], 'lstmA_size_1': [36.15936374337453], 'lstmA_size_2_2': [], 'lstmA_size_2_3': [30.004222768122514], 'lstmA_size_3_3': [20.489052278113984], 'lstmO_size_1': [54.38406496815447], 'lstmO_size_2_2': [], 'lstmO_size_2_3': [74.62932035223908], 'lstmO_size_3_3': [20.580229180558305], 'n_layers': [2], 'output_dim_embedding': [30.549187856122526], 'shared_lstm_size': [59.660212556665414], 'word2vec_size': [865.0]}
1, 0.989314, 45.167378, {'batch_size': [4.0872088254915635], 'dropout': [0.4120537034736817], 'gamma': [0.24927743637044986], 'learning_rate': [0.0005313085490979918], 'lstmA_size_1': [52.76114487840166], 'lstmA_size_2_2': [], 'lstmA_size_2_3': [], 'lstmA_size_3_3': [], 'lstmO_size_1': [48.15111606441448], 'lstmO_size_2_2': [], 'lstmO_size_2_3': [], 'lstmO_size_3_3': [], 'n_layers': [0], 'output_dim_embedding': [14.769184303799205], 'shared_lstm_size': [51.49164934982166], 'word2vec_size': [156.0]}
2, 1.048662, 207.541875, {'batch_size': [3.7535139753108147], 'dropout': [0.15595652242796149], 'gamma': [0.24038555841666334], 'learning_rate': [5.9475292187476914e-05], 'lstmA_size_1': [10.894063834844724], 'lstmA_size_2_2': [31.32572947797997], 'lstmA_size_2_3': [], 'lstmA_size_3_3': [], 'lstmO_size_1': [19.988521661885198], 'lstmO_size_2_2': [14.051922175481764], 'lstmO_size_2_3': [], 'lstmO_size_3_3': [], 'n_layers': [1], 'output_dim_embedding': [67.25031649224988], 'shared_lstm_size': [33.93521884209639], 'word2vec_size': [523.0]}
3, 1.312687, 35.882564, {'batch_size': [5.502746983186387], 'dropout': [0.2664400930347307], 'gamma': [0.544698401083485], 'learning_rate': [0.0018006918350149622], 'lstmA_size_1': [37.875151313928576], 'lstmA_size_2_2': [96.84862426798847], 'lstmA_size_2_3': [], 'lstmA_size_3_3': [], 'lstmO_size_1': [39.665584818133766], 'lstmO_size_2_2': [75.45919154085445], 'lstmO_size_2_3': [], 'lstmO_size_3_3': [], 'n_layers': [1], 'output_dim_embedding': [65.40507254291674], 'shared_lstm_size': [17.404402731775285], 'word2vec_size': [717.0]}
4, 1.401944, 42.913210, {'batch_size': [5.971685629020236], 'dropout': [0.30998818293256164], 'gamma': [0.6379438865237128], 'learning_rate': [0.0026718046896459357], 'lstmA_size_1': [30.846301103141716], 'lstmA_size_2_2': [110.86280828390404], 'lstmA_size_2_3': [], 'lstmA_size_3_3': [], 'lstmO_size_1': [23.162161595416503], 'lstmO_size_2_2': [131.27094829990526], 'lstmO_size_2_3': [], 'lstmO_size_3_3': [], 'n_layers': [1], 'output_dim_embedding': [15.326339501059298], 'shared_lstm_size': [15.01058773553644], 'word2vec_size': [178.0]}
5, 1.439216, 225.531774, {'batch_size': [4.626963621511541], 'dropout': [0.27984849030131304], 'gamma': [0.6960593478806656], 'learning_rate': [0.00012490673202585124], 'lstmA_size_1': [10.149689429885454], 'lstmA_size_2_2': [19.969992270439086], 'lstmA_size_2_3': [], 'lstmA_size_3_3': [], 'lstmO_size_1': [21.938348894410648], 'lstmO_size_2_2': [76.79157310297269], 'lstmO_size_2_3': [], 'lstmO_size_3_3': [], 'n_layers': [1], 'output_dim_embedding': [27.420613755434253], 'shared_lstm_size': [15.509356189757003], 'word2vec_size': [609.0]}
6, 1.492710, 478.300426, {'batch_size': [5.791065928111711], 'dropout': [0.41964621465330776], 'gamma': [0.6959021305955757], 'learning_rate': [5.6391159251067346e-05], 'lstmA_size_1': [40.88256168990634], 'lstmA_size_2_2': [], 'lstmA_size_2_3': [141.27684015287292], 'lstmA_size_3_3': [31.415739307883666], 'lstmO_size_1': [25.096858587373767], 'lstmO_size_2_2': [], 'lstmO_size_2_3': [28.679492903496765], 'lstmO_size_3_3': [19.382938224283233], 'n_layers': [2], 'output_dim_embedding': [69.49112821650289], 'shared_lstm_size': [134.5949126299172], 'word2vec_size': [842.0]}
7, 1.304465, 139.780085, {'batch_size': [4.5374841766968865], 'dropout': [0.32365115902441827], 'gamma': [0.5143733534047845], 'learning_rate': [0.0021792651536143948], 'lstmA_size_1': [26.983204418812587], 'lstmA_size_2_2': [], 'lstmA_size_2_3': [147.7473371221973], 'lstmA_size_3_3': [107.83239410051101], 'lstmO_size_1': [22.546689051490347], 'lstmO_size_2_2': [], 'lstmO_size_2_3': [148.02690127076545], 'lstmO_size_3_3': [77.00400958616373], 'n_layers': [2], 'output_dim_embedding': [137.9934215757696], 'shared_lstm_size': [39.779787829586304], 'word2vec_size': [742.0]}
8, 1.704968, 1274.856655, {'batch_size': [3.745423828105654], 'dropout': [0.2935677108174257], 'gamma': [0.7636953794213807], 'learning_rate': [1.0643789536939752e-05], 'lstmA_size_1': [68.37195668117737], 'lstmA_size_2_2': [], 'lstmA_size_2_3': [11.085101221854515], 'lstmA_size_3_3': [50.80104975461072], 'lstmO_size_1': [121.89903627164199], 'lstmO_size_2_2': [], 'lstmO_size_2_3': [49.200048990741216], 'lstmO_size_3_3': [17.055531729204183], 'n_layers': [2], 'output_dim_embedding': [35.39130258017441], 'shared_lstm_size': [36.73608022800456], 'word2vec_size': [374.0]}
9, 0.835042, 54.788259, {'batch_size': [5.1968776865323685], 'dropout': [0.058447580601802884], 'gamma': [0.10876906610393418], 'learning_rate': [0.003140777152087026], 'lstmA_size_1': [45.75431475134502], 'lstmA_size_2_2': [], 'lstmA_size_2_3': [11.603316107371125], 'lstmA_size_3_3': [27.40437656777553], 'lstmO_size_1': [108.23654408971521], 'lstmO_size_2_2': [], 'lstmO_size_2_3': [51.902648057343875], 'lstmO_size_3_3': [16.663799055073262], 'n_layers': [2], 'output_dim_embedding': [61.28658987680687], 'shared_lstm_size': [43.45563721743169], 'word2vec_size': [920.0]}
10, 1.340813, 180.833171, {'batch_size': [4.583534930772042], 'dropout': [0.4894113574569006], 'gamma': [0.5826400465821354], 'learning_rate': [0.0004034476118931008], 'lstmA_size_1': [18.479658430817718], 'lstmA_size_2_2': [83.4678649097914], 'lstmA_size_2_3': [], 'lstmA_size_3_3': [], 'lstmO_size_1': [90.14764787832006], 'lstmO_size_2_2': [117.69847260999595], 'lstmO_size_2_3': [], 'lstmO_size_3_3': [], 'n_layers': [1], 'output_dim_embedding': [25.396429718089664], 'shared_lstm_size': [24.924050211123983], 'word2vec_size': [835.0]}
11, 1.139312, 357.425161, {'batch_size': [4.937368595906927], 'dropout': [0.18986262512825858], 'gamma': [0.3137692170000771], 'learning_rate': [1.1251371792336971e-05], 'lstmA_size_1': [71.92034791153617], 'lstmA_size_2_2': [], 'lstmA_size_2_3': [], 'lstmA_size_3_3': [], 'lstmO_size_1': [93.79081330607467], 'lstmO_size_2_2': [], 'lstmO_size_2_3': [], 'lstmO_size_3_3': [], 'n_layers': [0], 'output_dim_embedding': [11.909884666090598], 'shared_lstm_size': [93.90563760411445], 'word2vec_size': [543.0]}
12, 1.204867, 890.686978, {'batch_size': [3.522723524669442], 'dropout': [0.1086595128572238], 'gamma': [0.3779635143704553], 'learning_rate': [2.302045407401413e-05], 'lstmA_size_1': [23.831242361947933], 'lstmA_size_2_2': [], 'lstmA_size_2_3': [75.81559181317229], 'lstmA_size_3_3': [52.85812204004434], 'lstmO_size_1': [19.86970421863395], 'lstmO_size_2_2': [], 'lstmO_size_2_3': [13.166682025714337], 'lstmO_size_3_3': [36.34722681807446], 'n_layers': [2], 'output_dim_embedding': [63.01386736332655], 'shared_lstm_size': [69.85556712187433], 'word2vec_size': [70.0]}
13, 1.348061, 42.234690, {'batch_size': [5.834176730252804], 'dropout': [0.14945347001774673], 'gamma': [0.5987277520521134], 'learning_rate': [0.00524954682100762], 'lstmA_size_1': [23.650669078369475], 'lstmA_size_2_2': [], 'lstmA_size_2_3': [18.292097587095736], 'lstmA_size_3_3': [32.30194630294286], 'lstmO_size_1': [13.615631091926796], 'lstmO_size_2_2': [], 'lstmO_size_2_3': [48.51534718698046], 'lstmO_size_3_3': [10.537985540249805], 'n_layers': [2], 'output_dim_embedding': [44.98199493921795], 'shared_lstm_size': [15.765372802479318], 'word2vec_size': [161.0]}
14, 1.112523, 153.658290, {'batch_size': [3.5195827248669205], 'dropout': [0.02120397989163947], 'gamma': [0.3480116268009075], 'learning_rate': [0.0020682966866725984], 'lstmA_size_1': [34.483796157061576], 'lstmA_size_2_2': [11.232433041088], 'lstmA_size_2_3': [], 'lstmA_size_3_3': [], 'lstmO_size_1': [66.86110069986358], 'lstmO_size_2_2': [65.85425953267955], 'lstmO_size_2_3': [], 'lstmO_size_3_3': [], 'n_layers': [1], 'output_dim_embedding': [12.629074459306963], 'shared_lstm_size': [32.63419130422044], 'word2vec_size': [908.0]}
15, 1.036842, 342.697950, {'batch_size': [3.738196482787314], 'dropout': [0.431441297924453], 'gamma': [0.2672395179993614], 'learning_rate': [4.346045268184565e-05], 'lstmA_size_1': [48.713716261606066], 'lstmA_size_2_2': [], 'lstmA_size_2_3': [], 'lstmA_size_3_3': [], 'lstmO_size_1': [17.756682680131416], 'lstmO_size_2_2': [], 'lstmO_size_2_3': [], 'lstmO_size_3_3': [], 'n_layers': [0], 'output_dim_embedding': [23.908056910483122], 'shared_lstm_size': [42.40605299571582], 'word2vec_size': [86.0]}
16, 1.517556, 390.851711, {'batch_size': [5.837336602559653], 'dropout': [0.4198953135592963], 'gamma': [0.6619466153238998], 'learning_rate': [0.000267498432463789], 'lstmA_size_1': [28.683773705711243], 'lstmA_size_2_2': [], 'lstmA_size_2_3': [10.509428844115844], 'lstmA_size_3_3': [14.189705595675818], 'lstmO_size_1': [23.624510725673574], 'lstmO_size_2_2': [], 'lstmO_size_2_3': [78.98493995525745], 'lstmO_size_3_3': [35.8645550623555], 'n_layers': [2], 'output_dim_embedding': [23.755443108407523], 'shared_lstm_size': [136.6719932161094], 'word2vec_size': [792.0]}
17, 1.372323, 366.697236, {'batch_size': [3.375246749645102], 'dropout': [0.3065741388606371], 'gamma': [0.6047803811269349], 'learning_rate': [0.0008784477350873406], 'lstmA_size_1': [45.99775718574055], 'lstmA_size_2_2': [], 'lstmA_size_2_3': [10.015182571609424], 'lstmA_size_3_3': [26.789738708433365], 'lstmO_size_1': [121.75844150872784], 'lstmO_size_2_2': [], 'lstmO_size_2_3': [34.2944446968664], 'lstmO_size_3_3': [50.254409275734176], 'n_layers': [2], 'output_dim_embedding': [146.12499354960022], 'shared_lstm_size': [61.1864003641691], 'word2vec_size': [587.0]}
18, 1.029560, 248.053457, {'batch_size': [5.291815337049146], 'dropout': [0.10346728391590032], 'gamma': [0.23010703576206037], 'learning_rate': [6.951950236219695e-05], 'lstmA_size_1': [77.22902741415238], 'lstmA_size_2_2': [], 'lstmA_size_2_3': [28.378688752250415], 'lstmA_size_3_3': [28.498695850927938], 'lstmO_size_1': [50.07674997404841], 'lstmO_size_2_2': [], 'lstmO_size_2_3': [12.813142976187393], 'lstmO_size_3_3': [76.30235265783601], 'n_layers': [2], 'output_dim_embedding': [76.35997123182534], 'shared_lstm_size': [12.392168527072956], 'word2vec_size': [542.0]}
19, 1.658409, 251.855654, {'batch_size': [4.33046077479357], 'dropout': [0.4392137678395581], 'gamma': [0.8855663339475485], 'learning_rate': [0.0005584832962114723], 'lstmA_size_1': [14.248233235972888], 'lstmA_size_2_2': [], 'lstmA_size_2_3': [15.929865645829846], 'lstmA_size_3_3': [25.68360545421316], 'lstmO_size_1': [115.83811945001065], 'lstmO_size_2_2': [], 'lstmO_size_2_3': [46.559245229171474], 'lstmO_size_3_3': [31.405998689885397], 'n_layers': [2], 'output_dim_embedding': [78.47733171245729], 'shared_lstm_size': [32.38077875959879], 'word2vec_size': [92.0]}
Total time: 1:37:54.366217

Best parameters:{'batch_size': 5, 'dropout': 0.058447580601802884, 'gamma': 0.10876906610393418, 'learning_rate': 0.003140777152087026, 'lstmA_size_1': 45, 'lstmO_size_1': 108, 'n_layers': {'lstmA_size_2_3': 11, 'lstmA_size_3_3': 27, 'lstmO_size_2_3': 51, 'lstmO_size_3_3': 16, 'n_layers': 3}, 'output_dim_embedding': 61, 'shared_lstm_size': 43, 'word2vec_size': 920}

Next activity metrics:
              precision    recall  f1-score   support

           0      0.875     0.233     0.368        30
           1      0.000     0.000     0.000        14
           2      0.000     0.000     0.000         0
           5      0.217     0.357     0.270        14
           6      0.385     0.625     0.476         8
           7      0.000     0.000     0.000        31
           8      0.300     0.176     0.222        17
          10      0.660     0.861     0.747        36
          11      0.571     0.571     0.571        14
          12      0.500     0.400     0.444        10
          13      0.700     0.875     0.778        16
          14      0.167     0.200     0.182         5
          15      0.000     0.000     0.000         0
          17      0.571     1.000     0.727         4
          19      0.250     0.333     0.286         3
          20      0.000     0.000     0.000         5
          21      0.705     0.886     0.785        35
          22      0.440     1.000     0.611        11
          23      0.625     0.968     0.759        31
          24      0.333     0.500     0.400         2

    accuracy                          0.545       286
   macro avg      0.365     0.449     0.381       286
weighted avg      0.485     0.545     0.480       286


Next activity confusion matrix:
[[ 7  0  0  4  0  0  1  5  1  2  1  0  0  1  0  0  1  4  3  0]
 [ 1  0  0  0  0  1  1  4  1  0  1  0  0  0  0  0  2  0  3  0]
 [ 0  0  0  0  0  0  0  0  0  0  0  0  0  0  0  0  0  0  0  0]
 [ 0  0  0  5  1  0  1  0  0  0  0  2  0  0  1  0  1  2  0  1]
 [ 0  0  0  0  5  0  0  2  0  0  0  0  0  0  0  0  0  0  1  0]
 [ 0  0  0  1  0  0  4  3  0  0  3  0  0  1  0  0  7  2 10  0]
 [ 0  0  0  5  0  0  3  1  0  0  1  0  1  0  0  0  2  2  1  1]
 [ 0  0  0  0  1  2  0 31  0  0  0  0  0  1  0  0  0  1  0  0]
 [ 0  0  1  2  0  0  0  0  8  2  0  1  0  0  0  0  0  0  0  0]
 [ 0  0  0  2  1  0  0  0  2  4  0  0  0  0  0  0  0  1  0  0]
 [ 0  0  0  0  1  0  0  0  0  0 14  1  0  0  0  0  0  0  0  0]
 [ 0  0  0  2  0  0  0  0  2  0  0  1  0  0  0  0  0  0  0  0]
 [ 0  0  0  0  0  0  0  0  0  0  0  0  0  0  0  0  0  0  0  0]
 [ 0  0  0  0  0  0  0  0  0  0  0  0  0  4  0  0  0  0  0  0]
 [ 0  0  0  1  0  0  0  0  0  0  0  1  0  0  1  0  0  0  0  0]
 [ 0  0  0  0  2  0  0  0  0  0  0  0  0  0  2  0  0  1  0  0]
 [ 0  0  0  0  2  0  0  1  0  0  0  0  0  0  0  0 31  1  0  0]
 [ 0  0  0  0  0  0  0  0  0  0  0  0  0  0  0  0  0 11  0  0]
 [ 0  0  0  1  0  0  0  0  0  0  0  0  0  0  0  0  0  0 30  0]
 [ 0  0  0  0  0  0  0  0  0  0  0  0  1  0  0  0  0  0  0  1]]

Outcome metrics:
              precision    recall  f1-score   support

           0      0.726     0.335     0.459       182
           1      0.401     0.779     0.529       104

    accuracy                          0.497       286
   macro avg      0.564     0.557     0.494       286
weighted avg      0.608     0.497     0.484       286


Outcome confusion matrix:
[[ 61 121]
 [ 23  81]]
