
Hyperopt trials:
tid,loss,time,params used
0, 0.673914, 78.023196, {'batch_size': [3.792117731917736], 'dropout': [0.17983470646617672], 'learning_rate': [0.0005003443739075515], 'lstmO_size_1': [91.4404021725109], 'lstmO_size_2_2': [], 'lstmO_size_2_3': [], 'lstmO_size_3_3': [], 'n_layers': [0], 'output_dim_embedding': [13.471585169812927], 'shared_lstm_size': [17.40006880546679], 'word2vec_size': [875.0]}
1, 0.696274, 94.864995, {'batch_size': [3.5740603844852563], 'dropout': [0.3952020160156012], 'learning_rate': [0.00018393216538255846], 'lstmO_size_1': [24.0049695947797], 'lstmO_size_2_2': [141.2800336184482], 'lstmO_size_2_3': [], 'lstmO_size_3_3': [], 'n_layers': [1], 'output_dim_embedding': [32.337299837820765], 'shared_lstm_size': [55.862842746288734], 'word2vec_size': [801.0]}
2, 0.688978, 30.842978, {'batch_size': [5.066428033638928], 'dropout': [0.1500392127211676], 'learning_rate': [0.0073310024574172765], 'lstmO_size_1': [49.01582202405244], 'lstmO_size_2_2': [], 'lstmO_size_2_3': [], 'lstmO_size_3_3': [], 'n_layers': [0], 'output_dim_embedding': [33.32547446272331], 'shared_lstm_size': [21.770648322993956], 'word2vec_size': [662.0]}
3, 0.683730, 49.475613, {'batch_size': [5.751155813094412], 'dropout': [0.07217950728602068], 'learning_rate': [0.00017790692484135245], 'lstmO_size_1': [66.4793626435512], 'lstmO_size_2_2': [], 'lstmO_size_2_3': [23.352524668042275], 'lstmO_size_3_3': [28.804385991181523], 'n_layers': [2], 'output_dim_embedding': [47.675707729042095], 'shared_lstm_size': [13.185271637342213], 'word2vec_size': [78.0]}
4, 0.703170, 61.226478, {'batch_size': [4.780282638831348], 'dropout': [0.22719449351903082], 'learning_rate': [0.0017208581127512732], 'lstmO_size_1': [76.71983573912279], 'lstmO_size_2_2': [11.305242157291826], 'lstmO_size_2_3': [], 'lstmO_size_3_3': [], 'n_layers': [1], 'output_dim_embedding': [10.158723276771864], 'shared_lstm_size': [61.104145484369596], 'word2vec_size': [650.0]}
5, 0.689404, 45.517946, {'batch_size': [5.242144728462231], 'dropout': [0.4584607725498805], 'learning_rate': [5.213590789897706e-05], 'lstmO_size_1': [24.986202175358795], 'lstmO_size_2_2': [26.73894994665826], 'lstmO_size_2_3': [], 'lstmO_size_3_3': [], 'n_layers': [1], 'output_dim_embedding': [147.79489074605848], 'shared_lstm_size': [72.88713615250987], 'word2vec_size': [338.0]}
6, 0.689268, 40.927170, {'batch_size': [5.735953980999222], 'dropout': [0.006928817200463622], 'learning_rate': [0.005749977266493361], 'lstmO_size_1': [74.97027668507792], 'lstmO_size_2_2': [10.61079010929416], 'lstmO_size_2_3': [], 'lstmO_size_3_3': [], 'n_layers': [1], 'output_dim_embedding': [106.67275666266487], 'shared_lstm_size': [13.47308269623545], 'word2vec_size': [650.0]}
7, 0.704051, 58.956537, {'batch_size': [4.6103218157064], 'dropout': [0.18378528855457088], 'learning_rate': [0.0009285343409500529], 'lstmO_size_1': [83.54110053239833], 'lstmO_size_2_2': [40.195546270486496], 'lstmO_size_2_3': [], 'lstmO_size_3_3': [], 'n_layers': [1], 'output_dim_embedding': [35.734855559065764], 'shared_lstm_size': [45.291313618888566], 'word2vec_size': [622.0]}
8, 0.696651, 47.192200, {'batch_size': [5.354220040141137], 'dropout': [0.10765249528863036], 'learning_rate': [0.005927904576910117], 'lstmO_size_1': [30.072824547669345], 'lstmO_size_2_2': [18.444411588146277], 'lstmO_size_2_3': [], 'lstmO_size_3_3': [], 'n_layers': [1], 'output_dim_embedding': [15.436745264902886], 'shared_lstm_size': [89.0055063346452], 'word2vec_size': [681.0]}
9, 0.717598, 104.422669, {'batch_size': [3.463360685978738], 'dropout': [0.2646040217505738], 'learning_rate': [0.009793298162943777], 'lstmO_size_1': [61.30026515887238], 'lstmO_size_2_2': [108.40204282843796], 'lstmO_size_2_3': [], 'lstmO_size_3_3': [], 'n_layers': [1], 'output_dim_embedding': [120.0434155085185], 'shared_lstm_size': [47.380962495915256], 'word2vec_size': [552.0]}
10, 0.687349, 32.865422, {'batch_size': [5.440163528573686], 'dropout': [0.2680019878526242], 'learning_rate': [0.00018792489157765625], 'lstmO_size_1': [102.4108240087587], 'lstmO_size_2_2': [], 'lstmO_size_2_3': [], 'lstmO_size_3_3': [], 'n_layers': [0], 'output_dim_embedding': [13.042445286240554], 'shared_lstm_size': [28.68567493513806], 'word2vec_size': [385.0]}
11, 0.710406, 78.820507, {'batch_size': [3.3459553847469095], 'dropout': [0.28464125628372533], 'learning_rate': [0.0005753464736108337], 'lstmO_size_1': [19.696665713476357], 'lstmO_size_2_2': [37.15451959446272], 'lstmO_size_2_3': [], 'lstmO_size_3_3': [], 'n_layers': [1], 'output_dim_embedding': [21.6797747975783], 'shared_lstm_size': [14.841086819614004], 'word2vec_size': [319.0]}
12, 0.714512, 59.712276, {'batch_size': [4.7940538958959396], 'dropout': [0.38132862973006215], 'learning_rate': [0.004337423553421976], 'lstmO_size_1': [75.43388379283529], 'lstmO_size_2_2': [62.61924569308471], 'lstmO_size_2_3': [], 'lstmO_size_3_3': [], 'n_layers': [1], 'output_dim_embedding': [110.16355424775841], 'shared_lstm_size': [12.541684915098724], 'word2vec_size': [677.0]}
13, 0.689389, 108.544052, {'batch_size': [3.361759340398512], 'dropout': [0.08987864263249828], 'learning_rate': [0.0004409290260536463], 'lstmO_size_1': [62.98620381886282], 'lstmO_size_2_2': [], 'lstmO_size_2_3': [], 'lstmO_size_3_3': [], 'n_layers': [0], 'output_dim_embedding': [13.69533079595029], 'shared_lstm_size': [20.8417404117087], 'word2vec_size': [946.0]}
14, 0.698419, 30.938465, {'batch_size': [5.321377874534791], 'dropout': [0.16002780020980634], 'learning_rate': [0.004146168576084766], 'lstmO_size_1': [51.256321781281756], 'lstmO_size_2_2': [], 'lstmO_size_2_3': [], 'lstmO_size_3_3': [], 'n_layers': [0], 'output_dim_embedding': [69.15737899108599], 'shared_lstm_size': [15.964425673261195], 'word2vec_size': [520.0]}
15, 0.693268, 49.566885, {'batch_size': [4.636706242056917], 'dropout': [0.09037014161707296], 'learning_rate': [0.00037213850491404264], 'lstmO_size_1': [11.016228174952674], 'lstmO_size_2_2': [], 'lstmO_size_2_3': [], 'lstmO_size_3_3': [], 'n_layers': [0], 'output_dim_embedding': [46.73769068211175], 'shared_lstm_size': [52.346642626782845], 'word2vec_size': [778.0]}
16, 0.688068, 55.906427, {'batch_size': [5.959605748115846], 'dropout': [0.13587494320796728], 'learning_rate': [7.458999028349995e-05], 'lstmO_size_1': [16.32579319678043], 'lstmO_size_2_2': [], 'lstmO_size_2_3': [50.96585791918224], 'lstmO_size_3_3': [14.684657740252081], 'n_layers': [2], 'output_dim_embedding': [24.54585056182208], 'shared_lstm_size': [14.55369022953637], 'word2vec_size': [976.0]}
17, 0.684878, 83.366532, {'batch_size': [4.984416394401355], 'dropout': [0.28745753553518205], 'learning_rate': [1.3305943920143322e-05], 'lstmO_size_1': [32.34793624231858], 'lstmO_size_2_2': [], 'lstmO_size_2_3': [22.139172195108383], 'lstmO_size_3_3': [72.9893623158244], 'n_layers': [2], 'output_dim_embedding': [72.56894026674301], 'shared_lstm_size': [62.60401916583537], 'word2vec_size': [792.0]}
18, 0.687458, 35.977864, {'batch_size': [5.654360342757693], 'dropout': [0.26371379928534033], 'learning_rate': [0.000626537055242461], 'lstmO_size_1': [10.674033815135664], 'lstmO_size_2_2': [], 'lstmO_size_2_3': [], 'lstmO_size_3_3': [], 'n_layers': [0], 'output_dim_embedding': [48.46803651441839], 'shared_lstm_size': [43.12755135712512], 'word2vec_size': [983.0]}
19, 0.701553, 53.561643, {'batch_size': [5.240814650803799], 'dropout': [0.29448886697582616], 'learning_rate': [0.007714276811256879], 'lstmO_size_1': [16.71265200620947], 'lstmO_size_2_2': [], 'lstmO_size_2_3': [23.250723861141232], 'lstmO_size_3_3': [12.252928905426662], 'n_layers': [2], 'output_dim_embedding': [39.2159758671602], 'shared_lstm_size': [42.47517178569285], 'word2vec_size': [532.0]}
Total time: 0:20:00.709855

Best parameters:{'batch_size': 3, 'dropout': 0.17983470646617672, 'learning_rate': 0.0005003443739075515, 'lstmO_size_1': 91, 'n_layers': {'n_layers': 1}, 'output_dim_embedding': 13, 'shared_lstm_size': 17, 'win_size': 4, 'word2vec_size': 875}

Outcome metrics:
              precision    recall  f1-score   support

           0      0.424     0.779     0.549       104
           1      0.758     0.396     0.520       182

    accuracy                          0.535       286
   macro avg      0.591     0.587     0.535       286
weighted avg      0.637     0.535     0.531       286


Outcome confusion matrix:
[[ 81  23]
 [110  72]]
