
Hyperopt trials:
tid,loss,time,params used
0, 1.783466, 98.716871, {'batch_size': [5.953204565715133], 'dropout': [0.4507005035651828], 'learning_rate': [0.00045962579436463935], 'lstmA_size_1': [16.27364879229595], 'lstmA_size_2_2': [], 'lstmA_size_2_3': [24.287065096857685], 'lstmA_size_3_3': [48.24099408499035], 'n_layers': [2], 'output_dim_embedding': [71.53791526248921], 'shared_lstm_size': [37.97929880316231], 'word2vec_size': [1006.0]}
1, 1.845852, 213.062583, {'batch_size': [5.006160024847088], 'dropout': [0.10766256338287544], 'learning_rate': [3.3059457909098216e-05], 'lstmA_size_1': [12.037262668952014], 'lstmA_size_2_2': [], 'lstmA_size_2_3': [31.085564111424645], 'lstmA_size_3_3': [42.755012412165584], 'n_layers': [2], 'output_dim_embedding': [10.236593571302732], 'shared_lstm_size': [55.898068771615044], 'word2vec_size': [991.0]}
2, 1.741709, 67.742371, {'batch_size': [5.030509906450335], 'dropout': [0.38734547087388255], 'learning_rate': [0.005535968214482608], 'lstmA_size_1': [80.7467508829729], 'lstmA_size_2_2': [], 'lstmA_size_2_3': [129.1875013870802], 'lstmA_size_3_3': [124.29206146471165], 'n_layers': [2], 'output_dim_embedding': [29.527626209869634], 'shared_lstm_size': [62.95434419920271], 'word2vec_size': [856.0]}
3, 1.736303, 176.896339, {'batch_size': [5.638309032390886], 'dropout': [0.3769922554494653], 'learning_rate': [0.00019708128922072026], 'lstmA_size_1': [81.26469389158223], 'lstmA_size_2_2': [], 'lstmA_size_2_3': [18.555666706503995], 'lstmA_size_3_3': [61.63933176812764], 'n_layers': [2], 'output_dim_embedding': [39.8048057385618], 'shared_lstm_size': [79.28088940562412], 'word2vec_size': [950.0]}
4, 1.852797, 69.468171, {'batch_size': [3.1187925392516154], 'dropout': [0.0013368550103705634], 'learning_rate': [0.0060939466335745585], 'lstmA_size_1': [32.57955603560488], 'lstmA_size_2_2': [], 'lstmA_size_2_3': [], 'lstmA_size_3_3': [], 'n_layers': [0], 'output_dim_embedding': [43.07216439796601], 'shared_lstm_size': [139.95746319147509], 'word2vec_size': [761.0]}
5, 1.773510, 27.871813, {'batch_size': [5.370260772444503], 'dropout': [0.46864249582398315], 'learning_rate': [0.0011808568969100953], 'lstmA_size_1': [10.284277617708064], 'lstmA_size_2_2': [], 'lstmA_size_2_3': [], 'lstmA_size_3_3': [], 'n_layers': [0], 'output_dim_embedding': [15.760541757022636], 'shared_lstm_size': [20.686505042419295], 'word2vec_size': [366.0]}
6, 1.735210, 22.154184, {'batch_size': [5.622680212007275], 'dropout': [0.47983073450554226], 'learning_rate': [0.002875646735770918], 'lstmA_size_1': [83.07459110602754], 'lstmA_size_2_2': [], 'lstmA_size_2_3': [], 'lstmA_size_3_3': [], 'n_layers': [0], 'output_dim_embedding': [45.8584242177318], 'shared_lstm_size': [58.14373309947979], 'word2vec_size': [435.0]}
7, 1.732997, 61.571166, {'batch_size': [5.198130175850096], 'dropout': [0.4177327317305683], 'learning_rate': [0.0005182569512410962], 'lstmA_size_1': [84.90808867355622], 'lstmA_size_2_2': [39.35038566238094], 'lstmA_size_2_3': [], 'lstmA_size_3_3': [], 'n_layers': [1], 'output_dim_embedding': [42.9731566465106], 'shared_lstm_size': [20.197149676311636], 'word2vec_size': [329.0]}
8, 1.803957, 113.318977, {'batch_size': [5.335559157281125], 'dropout': [0.3796744571552878], 'learning_rate': [0.00018832233997199111], 'lstmA_size_1': [137.81948343800372], 'lstmA_size_2_2': [108.9305716736763], 'lstmA_size_2_3': [], 'lstmA_size_3_3': [], 'n_layers': [1], 'output_dim_embedding': [83.85731303091065], 'shared_lstm_size': [31.846267065212672], 'word2vec_size': [367.0]}
9, 2.214018, 197.665106, {'batch_size': [5.488797699816902], 'dropout': [0.38702543350610147], 'learning_rate': [3.0152339822292822e-05], 'lstmA_size_1': [11.327740684824516], 'lstmA_size_2_2': [], 'lstmA_size_2_3': [15.760499146444097], 'lstmA_size_3_3': [14.236981538336508], 'n_layers': [2], 'output_dim_embedding': [77.1859144202511], 'shared_lstm_size': [12.693636704407584], 'word2vec_size': [987.0]}
10, 1.806073, 215.155688, {'batch_size': [4.039778250246666], 'dropout': [0.14814413236171314], 'learning_rate': [0.00011377160725036634], 'lstmA_size_1': [14.342960725961815], 'lstmA_size_2_2': [], 'lstmA_size_2_3': [61.52060107554735], 'lstmA_size_3_3': [71.96230684104228], 'n_layers': [2], 'output_dim_embedding': [46.02053346355523], 'shared_lstm_size': [15.161586341860199], 'word2vec_size': [986.0]}
11, 1.783578, 278.307971, {'batch_size': [4.641641715517233], 'dropout': [0.16803621001927382], 'learning_rate': [6.823845731057251e-05], 'lstmA_size_1': [48.800247108017864], 'lstmA_size_2_2': [], 'lstmA_size_2_3': [17.431144579647313], 'lstmA_size_3_3': [42.58866013908603], 'n_layers': [2], 'output_dim_embedding': [77.12107543487258], 'shared_lstm_size': [12.39833206782911], 'word2vec_size': [59.0]}
12, 1.796311, 260.079628, {'batch_size': [4.644537707458009], 'dropout': [0.42853640322409564], 'learning_rate': [2.149959855332087e-05], 'lstmA_size_1': [23.706800945298568], 'lstmA_size_2_2': [], 'lstmA_size_2_3': [], 'lstmA_size_3_3': [], 'n_layers': [0], 'output_dim_embedding': [30.139493173790665], 'shared_lstm_size': [64.8813139300455], 'word2vec_size': [47.0]}
13, 1.781655, 39.139307, {'batch_size': [5.92875955065237], 'dropout': [0.15599486336720103], 'learning_rate': [0.003614928082544687], 'lstmA_size_1': [129.4692524885348], 'lstmA_size_2_2': [17.939889527129246], 'lstmA_size_2_3': [], 'lstmA_size_3_3': [], 'n_layers': [1], 'output_dim_embedding': [42.840235915349176], 'shared_lstm_size': [46.77764251964231], 'word2vec_size': [338.0]}
14, 1.873939, 266.303521, {'batch_size': [5.928106653353716], 'dropout': [0.2515110306910493], 'learning_rate': [1.2442875321635026e-05], 'lstmA_size_1': [135.57456404729956], 'lstmA_size_2_2': [], 'lstmA_size_2_3': [], 'lstmA_size_3_3': [], 'n_layers': [0], 'output_dim_embedding': [23.858394493695446], 'shared_lstm_size': [37.69094574365787], 'word2vec_size': [372.0]}
15, 1.824367, 100.837465, {'batch_size': [4.907159549644961], 'dropout': [0.054571486528718294], 'learning_rate': [0.00013294539964585965], 'lstmA_size_1': [133.92042835992626], 'lstmA_size_2_2': [], 'lstmA_size_2_3': [], 'lstmA_size_3_3': [], 'n_layers': [0], 'output_dim_embedding': [84.93045659310326], 'shared_lstm_size': [108.95153488326014], 'word2vec_size': [147.0]}
16, 1.799847, 304.585895, {'batch_size': [3.9842040043666014], 'dropout': [0.18749140164091466], 'learning_rate': [0.0003192221553408546], 'lstmA_size_1': [120.13582307740461], 'lstmA_size_2_2': [], 'lstmA_size_2_3': [56.513308862640486], 'lstmA_size_3_3': [13.673613761945568], 'n_layers': [2], 'output_dim_embedding': [37.59352405709445], 'shared_lstm_size': [13.16160060796529], 'word2vec_size': [741.0]}
17, 1.801267, 83.530399, {'batch_size': [5.618126803841457], 'dropout': [0.16652613098351687], 'learning_rate': [0.0004259694901983479], 'lstmA_size_1': [78.36376723011084], 'lstmA_size_2_2': [], 'lstmA_size_2_3': [84.99781468027352], 'lstmA_size_3_3': [39.624189792048234], 'n_layers': [2], 'output_dim_embedding': [131.46066953999284], 'shared_lstm_size': [31.653762391500617], 'word2vec_size': [142.0]}
18, 1.752131, 33.974630, {'batch_size': [4.72937206456118], 'dropout': [0.37223900824852135], 'learning_rate': [0.0054612165987251195], 'lstmA_size_1': [11.857916085241587], 'lstmA_size_2_2': [], 'lstmA_size_2_3': [], 'lstmA_size_3_3': [], 'n_layers': [0], 'output_dim_embedding': [11.528562487669216], 'shared_lstm_size': [69.37719766850361], 'word2vec_size': [910.0]}
19, 1.743386, 93.642661, {'batch_size': [3.2316584459036197], 'dropout': [0.4704295759102982], 'learning_rate': [0.0010505507262496242], 'lstmA_size_1': [25.300767344543008], 'lstmA_size_2_2': [11.168291694399691], 'lstmA_size_2_3': [], 'lstmA_size_3_3': [], 'n_layers': [1], 'output_dim_embedding': [44.15431931173326], 'shared_lstm_size': [20.671234046539123], 'word2vec_size': [250.0]}
Total time: 0:45:24.024748

Best parameters:{'batch_size': 5, 'dropout': 0.4177327317305683, 'learning_rate': 0.0005182569512410962, 'lstmA_size_1': 84, 'n_layers': {'lstmA_size_2_2': 39, 'n_layers': 2}, 'output_dim_embedding': 42, 'shared_lstm_size': 20, 'win_size': 4, 'word2vec_size': 329}

Next activity metrics:
              precision    recall  f1-score   support

           0      0.727     0.267     0.390        30
           1      0.000     0.000     0.000        14
           5      0.259     0.500     0.341        14
           6      0.417     0.625     0.500         8
           7      0.000     0.000     0.000        31
           8      0.500     0.059     0.105        17
          10      0.540     0.944     0.687        36
          11      0.700     0.500     0.583        14
          12      0.667     0.400     0.500        10
          13      0.682     0.938     0.789        16
          14      0.500     0.200     0.286         5
          15      0.000     0.000     0.000         0
          17      0.667     1.000     0.800         4
          19      0.286     0.667     0.400         3
          20      0.000     0.000     0.000         5
          21      0.696     0.914     0.790        35
          22      0.688     1.000     0.815        11
          23      0.588     0.968     0.732        31
          24      0.250     0.500     0.333         2

    accuracy                          0.566       286
   macro avg      0.430     0.499     0.424       286
weighted avg      0.492     0.566     0.485       286


Next activity confusion matrix:
[[ 8  0  5  0  0  0  7  0  1  1  0  0  1  1  0  1  2  3  0]
 [ 1  0  0  0  0  0  5  0  0  1  0  0  0  0  0  2  0  5  0]
 [ 0  0  7  0  0  0  3  0  0  0  1  0  0  1  0  1  0  0  1]
 [ 0  0  0  5  0  0  2  0  0  0  0  0  0  0  0  0  0  1  0]
 [ 0  0  0  0  0  1  9  0  0  3  0  0  1  0  0  7  0 10  0]
 [ 0  0  5  0  0  1  2  0  0  1  0  1  0  0  0  3  1  2  1]
 [ 0  0  0  2  0  0 34  0  0  0  0  0  0  0  0  0  0  0  0]
 [ 2  0  3  0  0  0  0  7  1  0  0  0  0  0  0  0  0  0  1]
 [ 0  0  2  1  0  0  0  2  4  0  0  0  0  0  0  0  1  0  0]
 [ 0  0  0  1  0  0  0  0  0 15  0  0  0  0  0  0  0  0  0]
 [ 0  0  2  0  0  0  0  1  0  1  1  0  0  0  0  0  0  0  0]
 [ 0  0  0  0  0  0  0  0  0  0  0  0  0  0  0  0  0  0  0]
 [ 0  0  0  0  0  0  0  0  0  0  0  0  4  0  0  0  0  0  0]
 [ 0  0  1  0  0  0  0  0  0  0  0  0  0  2  0  0  0  0  0]
 [ 0  0  0  1  0  0  0  0  0  0  0  0  0  3  0  0  1  0  0]
 [ 0  0  0  2  0  0  1  0  0  0  0  0  0  0  0 32  0  0  0]
 [ 0  0  0  0  0  0  0  0  0  0  0  0  0  0  0  0 11  0  0]
 [ 0  0  1  0  0  0  0  0  0  0  0  0  0  0  0  0  0 30  0]
 [ 0  0  1  0  0  0  0  0  0  0  0  0  0  0  0  0  0  0  1]]
