
Hyperopt trials:
tid,loss,params used
0, 1.794172, {'batch_size': [4.8087423177685915], 'dropout': [0.4405590319396368], 'learning_rate': [4.883214597171243e-05], 'lstmA_size_1': [144.26372463738133], 'lstmA_size_2_2': [79.34597986191673], 'lstmA_size_2_3': [], 'lstmA_size_3_3': [], 'n_layers': [1], 'output_dim_embedding': [129.0624730236753]}
1, 1.794100, {'batch_size': [4.769187175139361], 'dropout': [0.18244251301064474], 'learning_rate': [0.00016139324649515612], 'lstmA_size_1': [79.41562470595684], 'lstmA_size_2_2': [], 'lstmA_size_2_3': [52.700343465458815], 'lstmA_size_3_3': [106.59891609718646], 'n_layers': [2], 'output_dim_embedding': [45.8784330436723]}
2, 2.293239, {'batch_size': [5.532469535618825], 'dropout': [0.31865221863144855], 'learning_rate': [1.2948352016141783e-05], 'lstmA_size_1': [11.487333971947445], 'lstmA_size_2_2': [], 'lstmA_size_2_3': [], 'lstmA_size_3_3': [], 'n_layers': [0], 'output_dim_embedding': [25.68853053519751]}
3, 1.766605, {'batch_size': [3.4594305216395433], 'dropout': [0.3774601166554265], 'learning_rate': [0.002906983279637497], 'lstmA_size_1': [44.350236738349025], 'lstmA_size_2_2': [], 'lstmA_size_2_3': [], 'lstmA_size_3_3': [], 'n_layers': [0], 'output_dim_embedding': [41.28270455917183]}
4, 1.737413, {'batch_size': [4.287387450859414], 'dropout': [0.40527710832086766], 'learning_rate': [0.0019262600753432058], 'lstmA_size_1': [32.36324370735331], 'lstmA_size_2_2': [31.923003375527944], 'lstmA_size_2_3': [], 'lstmA_size_3_3': [], 'n_layers': [1], 'output_dim_embedding': [17.50204028425168]}
5, 1.760186, {'batch_size': [3.6771464983290496], 'dropout': [0.12027745759848896], 'learning_rate': [1.604147989676372e-05], 'lstmA_size_1': [44.32749125415764], 'lstmA_size_2_2': [25.91341187548232], 'lstmA_size_2_3': [], 'lstmA_size_3_3': [], 'n_layers': [1], 'output_dim_embedding': [97.85053886447882]}
6, 1.789208, {'batch_size': [4.881521919818927], 'dropout': [0.220793118982412], 'learning_rate': [0.001424877417221619], 'lstmA_size_1': [27.46565968634598], 'lstmA_size_2_2': [], 'lstmA_size_2_3': [], 'lstmA_size_3_3': [], 'n_layers': [0], 'output_dim_embedding': [88.3453709565218]}
7, 2.144144, {'batch_size': [4.348040837144184], 'dropout': [0.23541131557182537], 'learning_rate': [1.1354122501248378e-05], 'lstmA_size_1': [109.78144385709108], 'lstmA_size_2_2': [], 'lstmA_size_2_3': [13.196183811995766], 'lstmA_size_3_3': [11.059720753920075], 'n_layers': [2], 'output_dim_embedding': [34.743885747886544]}
8, 1.714815, {'batch_size': [3.1243456496199906], 'dropout': [0.43593664569725926], 'learning_rate': [0.0002762459591866841], 'lstmA_size_1': [47.41444293130022], 'lstmA_size_2_2': [16.51693130451614], 'lstmA_size_2_3': [], 'lstmA_size_3_3': [], 'n_layers': [1], 'output_dim_embedding': [22.748366404945124]}
9, 1.749390, {'batch_size': [5.462785005132747], 'dropout': [0.06124615945356193], 'learning_rate': [0.003665304087385666], 'lstmA_size_1': [72.21703442849773], 'lstmA_size_2_2': [44.26632017630334], 'lstmA_size_2_3': [], 'lstmA_size_3_3': [], 'n_layers': [1], 'output_dim_embedding': [14.36361782990999]}
10, 1.733158, {'batch_size': [5.078746272997795], 'dropout': [0.4707962034592325], 'learning_rate': [0.0025245462603634946], 'lstmA_size_1': [131.82523731851154], 'lstmA_size_2_2': [], 'lstmA_size_2_3': [15.998868872741815], 'lstmA_size_3_3': [32.33461914945563], 'n_layers': [2], 'output_dim_embedding': [14.336784911937077]}
11, 1.770247, {'batch_size': [4.766297531252224], 'dropout': [0.3514610647674414], 'learning_rate': [7.051010037388997e-05], 'lstmA_size_1': [52.88152750857749], 'lstmA_size_2_2': [], 'lstmA_size_2_3': [], 'lstmA_size_3_3': [], 'n_layers': [0], 'output_dim_embedding': [69.62148210203695]}
12, 1.751312, {'batch_size': [4.373839615629107], 'dropout': [0.17628139329082032], 'learning_rate': [0.007683067485868845], 'lstmA_size_1': [19.764166753601582], 'lstmA_size_2_2': [14.689001331724931], 'lstmA_size_2_3': [], 'lstmA_size_3_3': [], 'n_layers': [1], 'output_dim_embedding': [15.337848583343856]}
13, 1.730788, {'batch_size': [3.0555595623325953], 'dropout': [0.4175696016579913], 'learning_rate': [0.00027643545250045595], 'lstmA_size_1': [122.99466535491445], 'lstmA_size_2_2': [], 'lstmA_size_2_3': [], 'lstmA_size_3_3': [], 'n_layers': [0], 'output_dim_embedding': [15.355497463130146]}
14, 1.749581, {'batch_size': [3.5339278499559317], 'dropout': [0.21103369665967975], 'learning_rate': [0.0038794527880021655], 'lstmA_size_1': [10.004543134212973], 'lstmA_size_2_2': [15.113110025107206], 'lstmA_size_2_3': [], 'lstmA_size_3_3': [], 'n_layers': [1], 'output_dim_embedding': [77.22810528959802]}
15, 1.844513, {'batch_size': [3.8616822996379017], 'dropout': [0.05597517509230393], 'learning_rate': [1.2343289724062267e-05], 'lstmA_size_1': [11.496723766680843], 'lstmA_size_2_2': [], 'lstmA_size_2_3': [], 'lstmA_size_3_3': [], 'n_layers': [0], 'output_dim_embedding': [114.60143348785628]}
16, 1.765069, {'batch_size': [3.758445543932887], 'dropout': [0.05371244653383378], 'learning_rate': [4.573411368976144e-05], 'lstmA_size_1': [39.899022623746134], 'lstmA_size_2_2': [35.053460908368955], 'lstmA_size_2_3': [], 'lstmA_size_3_3': [], 'n_layers': [1], 'output_dim_embedding': [10.211079488867153]}
17, 1.817542, {'batch_size': [5.548610886161228], 'dropout': [0.1452514941266298], 'learning_rate': [0.0001669828161138454], 'lstmA_size_1': [34.26155124770051], 'lstmA_size_2_2': [], 'lstmA_size_2_3': [63.13323560506493], 'lstmA_size_3_3': [19.81033796165879], 'n_layers': [2], 'output_dim_embedding': [50.90787691506206]}
18, 1.793553, {'batch_size': [3.99826994421209], 'dropout': [0.09936082913263783], 'learning_rate': [1.8523776200127243e-05], 'lstmA_size_1': [70.58740912706325], 'lstmA_size_2_2': [], 'lstmA_size_2_3': [11.977305209413778], 'lstmA_size_3_3': [16.101189151814076], 'n_layers': [2], 'output_dim_embedding': [41.42299112941319]}
19, 1.954535, {'batch_size': [3.150761582258499], 'dropout': [0.48185435239393964], 'learning_rate': [1.1280440669067228e-05], 'lstmA_size_1': [46.85787398550136], 'lstmA_size_2_2': [17.533783799035472], 'lstmA_size_2_3': [], 'lstmA_size_3_3': [], 'n_layers': [1], 'output_dim_embedding': [24.824304868865482]}

Best parameters:{'batch_size': 3, 'dropout': 0.43593664569725926, 'learning_rate': 0.0002762459591866841, 'lstmA_size_1': 47, 'n_layers': {'lstmA_size_2_2': 16, 'n_layers': 2}, 'output_dim_embedding': 22, 'win_size': 4}

Next activity metrics:
              precision    recall  f1-score   support

           0      0.615     0.267     0.372        30
           1      0.000     0.000     0.000        14
           5      0.176     0.429     0.250        14
           6      0.417     0.625     0.500         8
           7      0.000     0.000     0.000        31
           8      0.250     0.059     0.095        17
          10      0.673     0.972     0.795        36
          11      0.500     0.286     0.364        14
          12      0.750     0.300     0.429        10
          13      0.556     0.938     0.698        16
          14      0.000     0.000     0.000         5
          17      0.667     1.000     0.800         4
          19      0.333     0.667     0.444         3
          20      0.000     0.000     0.000         5
          21      0.696     0.914     0.790        35
          22      0.688     1.000     0.815        11
          23      0.588     0.968     0.732        31
          24      0.250     0.500     0.333         2

    accuracy                          0.549       286
   macro avg      0.398     0.496     0.412       286
weighted avg      0.456     0.549     0.468       286


Next activity confusion matrix:
[[ 8  0  7  1  0  0  5  0  1  1  0  1  0  0  1  2  3  0]
 [ 1  0  0  0  0  0  5  0  0  1  0  0  0  0  2  0  5  0]
 [ 0  0  6  0  0  2  0  0  0  0  3  0  1  0  1  0  0  1]
 [ 0  0  0  5  0  0  2  0  0  0  0  0  0  0  0  0  1  0]
 [ 0  0  2  0  0  1  3  0  0  7  0  1  0  0  7  0 10  0]
 [ 0  0  6  0  0  1  1  0  0  2  0  0  0  0  3  1  2  1]
 [ 0  0  0  1  0  0 35  0  0  0  0  0  0  0  0  0  0  0]
 [ 4  0  5  0  0  0  0  4  0  0  0  0  0  0  0  0  0  1]
 [ 0  0  2  1  0  0  0  3  3  0  0  0  0  0  0  1  0  0]
 [ 0  0  0  1  0  0  0  0  0 15  0  0  0  0  0  0  0  0]
 [ 0  0  3  0  0  0  0  1  0  1  0  0  0  0  0  0  0  0]
 [ 0  0  0  0  0  0  0  0  0  0  0  4  0  0  0  0  0  0]
 [ 0  0  1  0  0  0  0  0  0  0  0  0  2  0  0  0  0  0]
 [ 0  0  0  1  0  0  0  0  0  0  0  0  3  0  0  1  0  0]
 [ 0  0  0  2  0  0  1  0  0  0  0  0  0  0 32  0  0  0]
 [ 0  0  0  0  0  0  0  0  0  0  0  0  0  0  0 11  0  0]
 [ 0  0  1  0  0  0  0  0  0  0  0  0  0  0  0  0 30  0]
 [ 0  0  1  0  0  0  0  0  0  0  0  0  0  0  0  0  0  1]]
