
Hyperopt trials:
tid,loss,time,params used
0, 0.692912, 31.575164, {'batch_size': [4.560173099244999], 'dropout': [0.05899186420595465], 'learning_rate': [1.3347308739169273e-05], 'lstmO_size_1': [85.77207103285406], 'lstmO_size_2_2': [25.27376321102551], 'lstmO_size_2_3': [], 'lstmO_size_3_3': [], 'n_layers': [1], 'output_dim_embedding': [48.63334578364773], 'shared_lstm_size': [33.23641235545866], 'word2vec_size': [772.0]}
1, 0.689759, 39.454832, {'batch_size': [4.099647742909156], 'dropout': [0.4687423330213751], 'learning_rate': [0.0006726670490324331], 'lstmO_size_1': [103.62170307228192], 'lstmO_size_2_2': [93.93803725215929], 'lstmO_size_2_3': [], 'lstmO_size_3_3': [], 'n_layers': [1], 'output_dim_embedding': [109.77300760133372], 'shared_lstm_size': [105.4397691705986], 'word2vec_size': [581.0]}
2, 0.691633, 21.734696, {'batch_size': [4.095645737453133], 'dropout': [0.2922345345991104], 'learning_rate': [0.0009220741248000694], 'lstmO_size_1': [10.285154460432228], 'lstmO_size_2_2': [], 'lstmO_size_2_3': [], 'lstmO_size_3_3': [], 'n_layers': [0], 'output_dim_embedding': [18.632366300274814], 'shared_lstm_size': [35.484793714663965], 'word2vec_size': [897.0]}
3, 0.685080, 24.072730, {'batch_size': [4.769832245967024], 'dropout': [0.4985898796888167], 'learning_rate': [0.0004764947951273248], 'lstmO_size_1': [64.70036387283746], 'lstmO_size_2_2': [], 'lstmO_size_2_3': [], 'lstmO_size_3_3': [], 'n_layers': [0], 'output_dim_embedding': [69.5854387504195], 'shared_lstm_size': [41.19594681405894], 'word2vec_size': [462.0]}
4, 0.675524, 23.737434, {'batch_size': [5.931513483627038], 'dropout': [0.30568838031361906], 'learning_rate': [1.5465360552486415e-05], 'lstmO_size_1': [44.70870816661106], 'lstmO_size_2_2': [27.784094563204206], 'lstmO_size_2_3': [], 'lstmO_size_3_3': [], 'n_layers': [1], 'output_dim_embedding': [129.32922881475028], 'shared_lstm_size': [55.59836062565776], 'word2vec_size': [69.0]}
5, 0.679429, 43.741076, {'batch_size': [4.3506167918550105], 'dropout': [0.06390532241958302], 'learning_rate': [3.2986949040122916e-05], 'lstmO_size_1': [38.381669065109215], 'lstmO_size_2_2': [], 'lstmO_size_2_3': [26.89655484426072], 'lstmO_size_3_3': [103.88581774596153], 'n_layers': [2], 'output_dim_embedding': [13.626511795713565], 'shared_lstm_size': [33.811737507169866], 'word2vec_size': [413.0]}
6, 0.693165, 30.445877, {'batch_size': [5.991003641769958], 'dropout': [0.13573216890266282], 'learning_rate': [1.5134367546048534e-05], 'lstmO_size_1': [25.277163023767905], 'lstmO_size_2_2': [], 'lstmO_size_2_3': [51.68848106775992], 'lstmO_size_3_3': [18.15165191615557], 'n_layers': [2], 'output_dim_embedding': [13.895073505900717], 'shared_lstm_size': [31.06766666691812], 'word2vec_size': [756.0]}
7, 0.703690, 21.121629, {'batch_size': [4.862027898282186], 'dropout': [0.3209944206075684], 'learning_rate': [0.000895291594030933], 'lstmO_size_1': [50.167317569895225], 'lstmO_size_2_2': [], 'lstmO_size_2_3': [], 'lstmO_size_3_3': [], 'n_layers': [0], 'output_dim_embedding': [11.651952434327491], 'shared_lstm_size': [11.35418957957106], 'word2vec_size': [633.0]}
8, 0.681672, 31.578048, {'batch_size': [4.968612089706088], 'dropout': [0.29014236033531277], 'learning_rate': [0.0018806230750048503], 'lstmO_size_1': [52.86135212578063], 'lstmO_size_2_2': [50.98135760205073], 'lstmO_size_2_3': [], 'lstmO_size_3_3': [], 'n_layers': [1], 'output_dim_embedding': [44.57381672280221], 'shared_lstm_size': [35.38554074469956], 'word2vec_size': [757.0]}
9, 0.698292, 56.443499, {'batch_size': [3.3033050706109264], 'dropout': [0.09083718061160578], 'learning_rate': [0.0004799374231034681], 'lstmO_size_1': [45.94199176955196], 'lstmO_size_2_2': [], 'lstmO_size_2_3': [12.412746584317144], 'lstmO_size_3_3': [13.656301364462905], 'n_layers': [2], 'output_dim_embedding': [17.806598784544995], 'shared_lstm_size': [31.553600648729702], 'word2vec_size': [764.0]}
10, 0.688325, 23.025670, {'batch_size': [5.917222452585367], 'dropout': [0.30127351351261206], 'learning_rate': [0.00645360083654075], 'lstmO_size_1': [76.25976490062196], 'lstmO_size_2_2': [33.95802461035889], 'lstmO_size_2_3': [], 'lstmO_size_3_3': [], 'n_layers': [1], 'output_dim_embedding': [99.10822292863249], 'shared_lstm_size': [15.978836608494033], 'word2vec_size': [143.0]}
11, 0.708234, 60.443002, {'batch_size': [3.591382162708161], 'dropout': [0.2218525900190873], 'learning_rate': [0.002370912974262019], 'lstmO_size_1': [38.318870410726504], 'lstmO_size_2_2': [], 'lstmO_size_2_3': [14.42125728292774], 'lstmO_size_3_3': [33.93634922933406], 'n_layers': [2], 'output_dim_embedding': [70.52321027752976], 'shared_lstm_size': [51.15520260014039], 'word2vec_size': [570.0]}
12, 0.692615, 21.211347, {'batch_size': [4.035231954113086], 'dropout': [0.425604262055715], 'learning_rate': [0.0005304015220839293], 'lstmO_size_1': [31.556159935901267], 'lstmO_size_2_2': [], 'lstmO_size_2_3': [], 'lstmO_size_3_3': [], 'n_layers': [0], 'output_dim_embedding': [25.248066021183135], 'shared_lstm_size': [13.166345001809553], 'word2vec_size': [285.0]}
13, 0.673495, 30.418531, {'batch_size': [5.889113092499466], 'dropout': [0.2761222037718454], 'learning_rate': [3.7787242620828656e-05], 'lstmO_size_1': [67.54679888349156], 'lstmO_size_2_2': [116.50088982751755], 'lstmO_size_2_3': [], 'lstmO_size_3_3': [], 'n_layers': [1], 'output_dim_embedding': [19.776590828135763], 'shared_lstm_size': [49.61692476647746], 'word2vec_size': [176.0]}
14, 0.686191, 14.863593, {'batch_size': [5.231173012872148], 'dropout': [0.20883870637287683], 'learning_rate': [0.00669231495813837], 'lstmO_size_1': [26.20980040841135], 'lstmO_size_2_2': [], 'lstmO_size_2_3': [], 'lstmO_size_3_3': [], 'n_layers': [0], 'output_dim_embedding': [68.48917786112969], 'shared_lstm_size': [13.735930822493014], 'word2vec_size': [337.0]}
15, 0.676074, 32.349737, {'batch_size': [5.430628201470247], 'dropout': [0.26352558114191676], 'learning_rate': [0.00013316435560377626], 'lstmO_size_1': [139.99745270561618], 'lstmO_size_2_2': [23.29360447784405], 'lstmO_size_2_3': [], 'lstmO_size_3_3': [], 'n_layers': [1], 'output_dim_embedding': [19.960999715552376], 'shared_lstm_size': [25.72933686919514], 'word2vec_size': [550.0]}
16, 0.688198, 44.966442, {'batch_size': [3.2094964239651635], 'dropout': [0.06893981389598325], 'learning_rate': [0.005592619534699454], 'lstmO_size_1': [36.93747258653789], 'lstmO_size_2_2': [15.815266763204692], 'lstmO_size_2_3': [], 'lstmO_size_3_3': [], 'n_layers': [1], 'output_dim_embedding': [35.30622737442456], 'shared_lstm_size': [18.54612430428407], 'word2vec_size': [786.0]}
17, 0.693421, 22.013996, {'batch_size': [4.948625409911369], 'dropout': [0.030167881690395193], 'learning_rate': [1.4925770279913469e-05], 'lstmO_size_1': [67.47551551869675], 'lstmO_size_2_2': [], 'lstmO_size_2_3': [], 'lstmO_size_3_3': [], 'n_layers': [0], 'output_dim_embedding': [11.096443290285425], 'shared_lstm_size': [13.384544518147333], 'word2vec_size': [810.0]}
18, 0.692982, 36.109626, {'batch_size': [5.59476350344603], 'dropout': [0.17023672158984676], 'learning_rate': [4.688301510788901e-05], 'lstmO_size_1': [27.156875467076322], 'lstmO_size_2_2': [], 'lstmO_size_2_3': [138.1361926457711], 'lstmO_size_3_3': [56.66653166425257], 'n_layers': [2], 'output_dim_embedding': [26.242747821929974], 'shared_lstm_size': [46.034944613249834], 'word2vec_size': [256.0]}
19, 0.683333, 23.839612, {'batch_size': [4.7628443507312355], 'dropout': [0.06829114102835943], 'learning_rate': [5.171134294535839e-05], 'lstmO_size_1': [10.347440481472642], 'lstmO_size_2_2': [], 'lstmO_size_2_3': [], 'lstmO_size_3_3': [], 'n_layers': [0], 'output_dim_embedding': [25.256728116584316], 'shared_lstm_size': [48.66302686329891], 'word2vec_size': [863.0]}
Total time: 0:10:33.146543

Best parameters:{'batch_size': 5, 'dropout': 0.2761222037718454, 'learning_rate': 3.7787242620828656e-05, 'lstmO_size_1': 67, 'n_layers': {'lstmO_size_2_2': 116, 'n_layers': 2}, 'output_dim_embedding': 19, 'shared_lstm_size': 49, 'win_size': 4, 'word2vec_size': 176}

Outcome metrics:
              precision    recall  f1-score   support

           0      0.740     0.297     0.424       182
           1      0.399     0.817     0.536       104

    accuracy                          0.486       286
   macro avg      0.569     0.557     0.480       286
weighted avg      0.616     0.486     0.465       286


Outcome confusion matrix:
[[ 54 128]
 [ 19  85]]
