
Hyperopt trials:
tid,loss,time,params used
0, 0.508642, 421.245151, {'batch_size': [4.228012014172078], 'dropout': [0.45137466528553694], 'learning_rate': [0.00012712222060479576], 'lstmO_size_1': [11.882474171997567], 'lstmO_size_2_2': [], 'lstmO_size_2_3': [73.8443161934583], 'lstmO_size_3_3': [43.11941335401366], 'n_layers': [2], 'output_dim_embedding': [19.33192462800457], 'shared_lstm_size': [32.465569046725065], 'word2vec_size': [122.0]}
1, 0.496901, 187.773311, {'batch_size': [4.452904284733533], 'dropout': [0.0868422670637673], 'learning_rate': [3.7611787041056204e-05], 'lstmO_size_1': [12.403615158540322], 'lstmO_size_2_2': [53.975431685302006], 'lstmO_size_2_3': [], 'lstmO_size_3_3': [], 'n_layers': [1], 'output_dim_embedding': [136.91858764763234], 'shared_lstm_size': [20.818275762942704], 'word2vec_size': [282.0]}
2, 0.489454, 127.492726, {'batch_size': [4.037848988774911], 'dropout': [0.38974833100288386], 'learning_rate': [0.0020952700386393536], 'lstmO_size_1': [13.087419911250699], 'lstmO_size_2_2': [], 'lstmO_size_2_3': [], 'lstmO_size_3_3': [], 'n_layers': [0], 'output_dim_embedding': [21.66045205975203], 'shared_lstm_size': [81.0045382632541], 'word2vec_size': [749.0]}
3, 0.508652, 304.015935, {'batch_size': [4.5086920842782305], 'dropout': [0.1823884423787735], 'learning_rate': [1.2734487123091173e-05], 'lstmO_size_1': [97.27384049632306], 'lstmO_size_2_2': [], 'lstmO_size_2_3': [75.58166167557542], 'lstmO_size_3_3': [88.9966820389859], 'n_layers': [2], 'output_dim_embedding': [99.00883420239279], 'shared_lstm_size': [46.42684566942702], 'word2vec_size': [102.0]}
4, 0.511014, 201.988527, {'batch_size': [4.5332653643105445], 'dropout': [0.3972570364194373], 'learning_rate': [5.466082064643147e-05], 'lstmO_size_1': [27.94191041087503], 'lstmO_size_2_2': [], 'lstmO_size_2_3': [87.23042532246481], 'lstmO_size_3_3': [22.180292308597146], 'n_layers': [2], 'output_dim_embedding': [35.15466238625134], 'shared_lstm_size': [64.86919741348589], 'word2vec_size': [291.0]}
5, 0.493908, 324.030169, {'batch_size': [4.217619096582634], 'dropout': [0.28008232677931766], 'learning_rate': [0.00013335683050626288], 'lstmO_size_1': [26.646584653777495], 'lstmO_size_2_2': [], 'lstmO_size_2_3': [19.181050397014587], 'lstmO_size_3_3': [36.466769797266025], 'n_layers': [2], 'output_dim_embedding': [80.22032273346885], 'shared_lstm_size': [37.569435000118936], 'word2vec_size': [800.0]}
6, 0.490741, 324.890038, {'batch_size': [4.502502814417634], 'dropout': [0.4432555828800703], 'learning_rate': [0.0003954549391338391], 'lstmO_size_1': [14.29989087678646], 'lstmO_size_2_2': [147.62767318854122], 'lstmO_size_2_3': [], 'lstmO_size_3_3': [], 'n_layers': [1], 'output_dim_embedding': [27.708687733920893], 'shared_lstm_size': [37.15777328769093], 'word2vec_size': [308.0]}
7, 0.498943, 192.651015, {'batch_size': [5.093961237904595], 'dropout': [0.01836620620956808], 'learning_rate': [0.0001133314115362656], 'lstmO_size_1': [64.59089249088866], 'lstmO_size_2_2': [], 'lstmO_size_2_3': [76.15234303381585], 'lstmO_size_3_3': [48.67667849773399], 'n_layers': [2], 'output_dim_embedding': [19.38744461538719], 'shared_lstm_size': [96.62567257172772], 'word2vec_size': [66.0]}
8, 0.507782, 194.117492, {'batch_size': [4.404641954167799], 'dropout': [0.19754308382154384], 'learning_rate': [3.6612394058247514e-05], 'lstmO_size_1': [12.846840164707443], 'lstmO_size_2_2': [], 'lstmO_size_2_3': [43.33993424377471], 'lstmO_size_3_3': [16.234280783722216], 'n_layers': [2], 'output_dim_embedding': [24.698172513713505], 'shared_lstm_size': [17.15288315295533], 'word2vec_size': [71.0]}
9, 0.490780, 189.740701, {'batch_size': [5.061302204775055], 'dropout': [0.2828439141484418], 'learning_rate': [0.000988555644492143], 'lstmO_size_1': [55.857097702869076], 'lstmO_size_2_2': [], 'lstmO_size_2_3': [28.769139439984226], 'lstmO_size_3_3': [15.677246829803888], 'n_layers': [2], 'output_dim_embedding': [25.464913167587], 'shared_lstm_size': [22.20831643030396], 'word2vec_size': [672.0]}
10, 0.492326, 197.825326, {'batch_size': [5.387860232957892], 'dropout': [0.1965022723531873], 'learning_rate': [0.0006508451023120715], 'lstmO_size_1': [70.34717626765865], 'lstmO_size_2_2': [], 'lstmO_size_2_3': [102.8183939176413], 'lstmO_size_3_3': [23.023564172287774], 'n_layers': [2], 'output_dim_embedding': [41.987824155714335], 'shared_lstm_size': [13.977266594013834], 'word2vec_size': [840.0]}
11, 0.491665, 392.873383, {'batch_size': [4.679416445938157], 'dropout': [0.2523946939735152], 'learning_rate': [0.0009134780196821966], 'lstmO_size_1': [15.782124351147456], 'lstmO_size_2_2': [], 'lstmO_size_2_3': [17.077803095796796], 'lstmO_size_3_3': [33.58925059615474], 'n_layers': [2], 'output_dim_embedding': [34.74558297500953], 'shared_lstm_size': [149.57124963061557], 'word2vec_size': [887.0]}
12, 0.493765, 388.783150, {'batch_size': [4.628717696966897], 'dropout': [0.3093235022149402], 'learning_rate': [7.417327546755877e-05], 'lstmO_size_1': [20.58805694108013], 'lstmO_size_2_2': [25.148299733861183], 'lstmO_size_2_3': [], 'lstmO_size_3_3': [], 'n_layers': [1], 'output_dim_embedding': [25.075570513679914], 'shared_lstm_size': [100.55174330415187], 'word2vec_size': [934.0]}
13, 0.492586, 166.416068, {'batch_size': [4.808037454667778], 'dropout': [0.17426564171767212], 'learning_rate': [1.773648498826687e-05], 'lstmO_size_1': [11.82710860206142], 'lstmO_size_2_2': [], 'lstmO_size_2_3': [], 'lstmO_size_3_3': [], 'n_layers': [0], 'output_dim_embedding': [110.07206509342194], 'shared_lstm_size': [11.867738128272576], 'word2vec_size': [916.0]}
14, 0.490471, 303.861278, {'batch_size': [3.4672622000502167], 'dropout': [0.40287961166428976], 'learning_rate': [0.0067043151196553175], 'lstmO_size_1': [50.084036415847244], 'lstmO_size_2_2': [], 'lstmO_size_2_3': [], 'lstmO_size_3_3': [], 'n_layers': [0], 'output_dim_embedding': [40.824114248192025], 'shared_lstm_size': [44.06969348338264], 'word2vec_size': [998.0]}
15, 0.493858, 87.414124, {'batch_size': [5.9639311484846385], 'dropout': [0.29231023356153596], 'learning_rate': [8.598280956092759e-05], 'lstmO_size_1': [19.631396695062815], 'lstmO_size_2_2': [], 'lstmO_size_2_3': [], 'lstmO_size_3_3': [], 'n_layers': [0], 'output_dim_embedding': [30.014415836935495], 'shared_lstm_size': [31.017820996892123], 'word2vec_size': [258.0]}
16, 0.492157, 257.627634, {'batch_size': [4.8650267642992855], 'dropout': [0.24244543184715261], 'learning_rate': [0.003962204222085998], 'lstmO_size_1': [99.95420239409894], 'lstmO_size_2_2': [], 'lstmO_size_2_3': [83.45694656233593], 'lstmO_size_3_3': [23.254300858890684], 'n_layers': [2], 'output_dim_embedding': [88.45095914769858], 'shared_lstm_size': [16.80159536040585], 'word2vec_size': [726.0]}
17, 0.486257, 62.716221, {'batch_size': [5.960853344395664], 'dropout': [0.27519166568532555], 'learning_rate': [0.006539108187174866], 'lstmO_size_1': [61.105659761816895], 'lstmO_size_2_2': [], 'lstmO_size_2_3': [], 'lstmO_size_3_3': [], 'n_layers': [0], 'output_dim_embedding': [35.61440920858829], 'shared_lstm_size': [10.249096442502168], 'word2vec_size': [564.0]}
18, 0.487224, 112.835487, {'batch_size': [5.03946328115927], 'dropout': [0.031411641496324305], 'learning_rate': [0.007423200604869565], 'lstmO_size_1': [24.964994174964673], 'lstmO_size_2_2': [111.79802524117936], 'lstmO_size_2_3': [], 'lstmO_size_3_3': [], 'n_layers': [1], 'output_dim_embedding': [110.63368393157974], 'shared_lstm_size': [22.857730818148976], 'word2vec_size': [568.0]}
19, 0.492334, 677.995972, {'batch_size': [3.358272658327237], 'dropout': [0.17764020917210188], 'learning_rate': [1.601181307553545e-05], 'lstmO_size_1': [42.94397275918569], 'lstmO_size_2_2': [], 'lstmO_size_2_3': [], 'lstmO_size_3_3': [], 'n_layers': [0], 'output_dim_embedding': [17.496095370883594], 'shared_lstm_size': [92.04615001698721], 'word2vec_size': [971.0]}
Total time: 1:25:16.293707

Best parameters:{'batch_size': 5, 'dropout': 0.27519166568532555, 'learning_rate': 0.006539108187174866, 'lstmO_size_1': 61, 'n_layers': {'n_layers': 1}, 'output_dim_embedding': 35, 'shared_lstm_size': 10, 'win_size': 4, 'word2vec_size': 564}

Outcome metrics:
              precision    recall  f1-score   support

           0      0.791     1.000     0.883      1959
           1      1.000     0.050     0.094       545

    accuracy                          0.793      2504
   macro avg      0.895     0.525     0.489      2504
weighted avg      0.836     0.793     0.712      2504


Outcome confusion matrix:
[[1959    0]
 [ 518   27]]
