
Hyperopt trials:
tid,loss,time,params used
0, 0.487430, 99.489574, {'batch_size': [5.189877237204936], 'dropout': [0.06796061075843646], 'learning_rate': [0.0007135763535763241], 'lstmO_size_1': [126.57991089865617], 'lstmO_size_2_2': [], 'lstmO_size_2_3': [], 'lstmO_size_3_3': [], 'n_layers': [0], 'output_dim_embedding': [23.177923994369145], 'shared_lstm_size': [10.614136311627671], 'word2vec_size': [273.0]}
1, 0.494450, 461.211672, {'batch_size': [4.450449262030313], 'dropout': [0.4171927160707647], 'learning_rate': [5.7946770416045796e-05], 'lstmO_size_1': [10.386799259905057], 'lstmO_size_2_2': [88.72328610741951], 'lstmO_size_2_3': [], 'lstmO_size_3_3': [], 'n_layers': [1], 'output_dim_embedding': [77.44132264328466], 'shared_lstm_size': [12.634824013328908], 'word2vec_size': [460.0]}
2, 0.511233, 472.054985, {'batch_size': [4.623076243410523], 'dropout': [0.39740120807030854], 'learning_rate': [1.2372178937442569e-05], 'lstmO_size_1': [58.05173012842771], 'lstmO_size_2_2': [], 'lstmO_size_2_3': [15.766408246499036], 'lstmO_size_3_3': [44.07922607449322], 'n_layers': [2], 'output_dim_embedding': [48.951753264911005], 'shared_lstm_size': [86.1368115865109], 'word2vec_size': [902.0]}
3, 0.489078, 537.224966, {'batch_size': [3.2399086788213207], 'dropout': [0.31413775478435607], 'learning_rate': [0.0003154992785110204], 'lstmO_size_1': [68.63610994493934], 'lstmO_size_2_2': [], 'lstmO_size_2_3': [12.675373341563429], 'lstmO_size_3_3': [17.227760197133964], 'n_layers': [2], 'output_dim_embedding': [45.781622633737534], 'shared_lstm_size': [37.10555136402831], 'word2vec_size': [430.0]}
4, 0.489415, 426.880893, {'batch_size': [3.5160258881937723], 'dropout': [0.12529206691481654], 'learning_rate': [0.0030396930096651216], 'lstmO_size_1': [64.09969220769457], 'lstmO_size_2_2': [], 'lstmO_size_2_3': [76.42751816134466], 'lstmO_size_3_3': [55.03550576811962], 'n_layers': [2], 'output_dim_embedding': [15.63234632002235], 'shared_lstm_size': [11.371981825250762], 'word2vec_size': [601.0]}
5, 0.490487, 107.305796, {'batch_size': [5.72919982792069], 'dropout': [0.22325339792738624], 'learning_rate': [0.0014228317495045325], 'lstmO_size_1': [137.04325901139373], 'lstmO_size_2_2': [], 'lstmO_size_2_3': [], 'lstmO_size_3_3': [], 'n_layers': [0], 'output_dim_embedding': [39.1371328442599], 'shared_lstm_size': [32.51422518057276], 'word2vec_size': [726.0]}
6, 0.489549, 125.448744, {'batch_size': [5.503409066870835], 'dropout': [0.33366505048082945], 'learning_rate': [1.9896977875046363e-05], 'lstmO_size_1': [33.91915323141602], 'lstmO_size_2_2': [], 'lstmO_size_2_3': [], 'lstmO_size_3_3': [], 'n_layers': [0], 'output_dim_embedding': [21.36820430421808], 'shared_lstm_size': [23.53386368927694], 'word2vec_size': [616.0]}
7, 0.515283, 106.435662, {'batch_size': [5.073685074861431], 'dropout': [0.4763328270698523], 'learning_rate': [0.000176486828792495], 'lstmO_size_1': [83.67760526203551], 'lstmO_size_2_2': [], 'lstmO_size_2_3': [31.80824625423125], 'lstmO_size_3_3': [16.74323546603334], 'n_layers': [2], 'output_dim_embedding': [47.66478828382068], 'shared_lstm_size': [10.127575148461906], 'word2vec_size': [47.0]}
8, 0.488587, 281.307722, {'batch_size': [3.8296063648437255], 'dropout': [0.31822688817681416], 'learning_rate': [0.000726716304251706], 'lstmO_size_1': [136.51216522643816], 'lstmO_size_2_2': [], 'lstmO_size_2_3': [], 'lstmO_size_3_3': [], 'n_layers': [0], 'output_dim_embedding': [54.610055297858736], 'shared_lstm_size': [29.41713840958138], 'word2vec_size': [781.0]}
9, 0.491905, 177.460132, {'batch_size': [5.793461008405121], 'dropout': [0.09047007411274482], 'learning_rate': [9.940780454720345e-05], 'lstmO_size_1': [14.831347986303342], 'lstmO_size_2_2': [], 'lstmO_size_2_3': [145.5900184150245], 'lstmO_size_3_3': [17.390355891440578], 'n_layers': [2], 'output_dim_embedding': [17.03531942911775], 'shared_lstm_size': [36.78611271207086], 'word2vec_size': [266.0]}
10, 0.487820, 96.842069, {'batch_size': [5.465017228827507], 'dropout': [0.41575915469670105], 'learning_rate': [0.0005179106397562432], 'lstmO_size_1': [22.07562908260398], 'lstmO_size_2_2': [], 'lstmO_size_2_3': [], 'lstmO_size_3_3': [], 'n_layers': [0], 'output_dim_embedding': [12.579341132428679], 'shared_lstm_size': [13.517266494811995], 'word2vec_size': [578.0]}
11, 0.488829, 60.222586, {'batch_size': [5.580173882066605], 'dropout': [0.17677768090575197], 'learning_rate': [0.00015774801779817917], 'lstmO_size_1': [46.97410806941592], 'lstmO_size_2_2': [], 'lstmO_size_2_3': [], 'lstmO_size_3_3': [], 'n_layers': [0], 'output_dim_embedding': [43.87668202102838], 'shared_lstm_size': [10.085857757864618], 'word2vec_size': [528.0]}
12, 0.487985, 70.144284, {'batch_size': [5.535254220028786], 'dropout': [0.08341778988197546], 'learning_rate': [7.38073115832073e-05], 'lstmO_size_1': [61.16907046093136], 'lstmO_size_2_2': [], 'lstmO_size_2_3': [], 'lstmO_size_3_3': [], 'n_layers': [0], 'output_dim_embedding': [124.49245504428477], 'shared_lstm_size': [16.711469869072946], 'word2vec_size': [405.0]}
13, 0.486921, 105.104680, {'batch_size': [5.42164216112876], 'dropout': [0.29242176020865923], 'learning_rate': [0.0005244105724355634], 'lstmO_size_1': [45.46412656420163], 'lstmO_size_2_2': [], 'lstmO_size_2_3': [], 'lstmO_size_3_3': [], 'n_layers': [0], 'output_dim_embedding': [117.92264583341723], 'shared_lstm_size': [41.48617066011506], 'word2vec_size': [866.0]}
14, 0.487725, 110.873509, {'batch_size': [4.040855255523451], 'dropout': [0.15100779823509536], 'learning_rate': [0.009599263476959382], 'lstmO_size_1': [109.94250911436468], 'lstmO_size_2_2': [], 'lstmO_size_2_3': [], 'lstmO_size_3_3': [], 'n_layers': [0], 'output_dim_embedding': [15.96581631356488], 'shared_lstm_size': [18.05077857768876], 'word2vec_size': [281.0]}
15, 0.490607, 87.579815, {'batch_size': [5.403851751866474], 'dropout': [0.2066422513138838], 'learning_rate': [0.002344573931672668], 'lstmO_size_1': [55.51863378746506], 'lstmO_size_2_2': [], 'lstmO_size_2_3': [], 'lstmO_size_3_3': [], 'n_layers': [0], 'output_dim_embedding': [53.77723261517618], 'shared_lstm_size': [15.466863684104894], 'word2vec_size': [135.0]}
16, 0.493591, 916.501833, {'batch_size': [3.3466472515938497], 'dropout': [0.3322673213665904], 'learning_rate': [0.003818520133736174], 'lstmO_size_1': [104.7582625926815], 'lstmO_size_2_2': [], 'lstmO_size_2_3': [149.5847562636158], 'lstmO_size_3_3': [42.43683140827445], 'n_layers': [2], 'output_dim_embedding': [60.15705098838767], 'shared_lstm_size': [35.02781339137846], 'word2vec_size': [898.0]}
17, 0.488635, 249.249103, {'batch_size': [4.244254098851842], 'dropout': [0.27525238133814156], 'learning_rate': [0.0031635200390194274], 'lstmO_size_1': [22.278669161943206], 'lstmO_size_2_2': [], 'lstmO_size_2_3': [], 'lstmO_size_3_3': [], 'n_layers': [0], 'output_dim_embedding': [12.43658052328621], 'shared_lstm_size': [145.53748380144594], 'word2vec_size': [434.0]}
18, 0.488632, 404.293390, {'batch_size': [3.2931378983309716], 'dropout': [0.3720658569011118], 'learning_rate': [6.036011499891792e-05], 'lstmO_size_1': [134.675564663734], 'lstmO_size_2_2': [], 'lstmO_size_2_3': [], 'lstmO_size_3_3': [], 'n_layers': [0], 'output_dim_embedding': [19.963631201181055], 'shared_lstm_size': [29.281372026698087], 'word2vec_size': [151.0]}
19, 0.489434, 512.584445, {'batch_size': [4.863768369220775], 'dropout': [0.3636673286294561], 'learning_rate': [5.575975838218754e-05], 'lstmO_size_1': [82.91119456692746], 'lstmO_size_2_2': [26.771434228982802], 'lstmO_size_2_3': [], 'lstmO_size_3_3': [], 'n_layers': [1], 'output_dim_embedding': [12.778007585841355], 'shared_lstm_size': [87.57677478110668], 'word2vec_size': [653.0]}
Total time: 1:30:08.215857

Best parameters:{'batch_size': 5, 'dropout': 0.29242176020865923, 'learning_rate': 0.0005244105724355634, 'lstmO_size_1': 45, 'n_layers': {'n_layers': 1}, 'output_dim_embedding': 117, 'shared_lstm_size': 41, 'win_size': 4, 'word2vec_size': 866}

Outcome metrics:
              precision    recall  f1-score   support

           0      0.791     1.000     0.883      1959
           1      1.000     0.050     0.094       545

    accuracy                          0.793      2504
   macro avg      0.895     0.525     0.489      2504
weighted avg      0.836     0.793     0.712      2504


Outcome confusion matrix:
[[1959    0]
 [ 518   27]]
