
Hyperopt trials
tid,loss,output_dim_embedding,shared_lstm_size,lstmA_size_1,lstmO_size_1,n_layers,...,batch_size,learning_rate
0,1.416903,122, 91, 21, 69, 1, 0.055134,3,0.000854
3,1.416853,10, 19, 107, 38, 2, 0.051367,5,0.001038
4,1.401058,114, 25, 30, 13, 1, 0.469091,5,0.001529
5,1.433298,59, 96, 116, 96, 1, 0.034771,3,0.000300
6,1.429918,16, 33, 65, 24, 2, 0.043269,4,0.000024
7,1.412475,62, 41, 17, 11, 1, 0.433629,4,0.003019
11,1.431164,13, 111, 60, 91, 1, 0.298208,4,0.000043
12,1.423870,11, 58, 31, 11, 2, 0.072140,3,0.000045
13,1.442108,102, 15, 16, 137, 1, 0.244504,3,0.007681
14,1.417116,19, 75, 144, 142, 2, 0.225008,5,0.001585
18,1.422478,29, 14, 49, 63, 2, 0.084137,5,0.007721
19,1.449779,26, 45, 96, 15, 2, 0.066819,3,0.000016

METRICS FOR NEXT ACTIVITY PREDICTION

Best parameters:{'batch_size': 5, 'dropout': 0.4690906040453278, 'learning_rate': 0.001529303189613641, 'lstmA_size_1': 30, 'lstmO_size_1': 13, 'n_layers': {'lstmA_size_2_2': 17, 'lstmO_size_2_2': 68, 'n_layers': 2}, 'output_dim_embedding': 114, 'shared_lstm_size': 25}
              precision    recall  f1-score   support

           0      0.000     0.000     0.000        25
           1      0.854     0.993     0.918       153
           2      1.000     0.786     0.880        14
           3      0.876     0.985     0.927       136
           4      0.897     0.963     0.929       162
           5      0.608     0.441     0.511       256
           6      0.534     0.630     0.578       616
           7      0.607     0.588     0.597       616
           8      0.415     0.833     0.554       114
           9      0.768     0.731     0.749       145
          10      0.846     0.462     0.598       225
          11      0.248     0.229     0.238       118
          12      0.000     0.000     0.000        23
          13      0.000     0.000     0.000        14
          14      0.000     0.000     0.000         1
          15      0.000     0.000     0.000         5
          16      0.000     0.000     0.000         1

    accuracy                          0.628      2624
   macro avg      0.450     0.450     0.440      2624
weighted avg      0.627     0.628     0.617      2624


METRICS FOR OUTCOME PREDICTION
              precision    recall  f1-score   support

           0      0.000     0.000     0.000       392
           1      0.851     1.000     0.919      2232

    accuracy                          0.850      2624
   macro avg      0.425     0.500     0.460      2624
weighted avg      0.723     0.850     0.782      2624

