
Hyperopt trials:
tid,loss,time,params used
0, 0.258387, 70.494022, {'batch_size': [5.391794936379355], 'dropout': [0.339511385328036], 'learning_rate': [0.002283527044549815], 'lstmO_size_1': [29.975216631834172], 'lstmO_size_2_2': [75.88808725020706], 'lstmO_size_2_3': [], 'lstmO_size_3_3': [], 'n_layers': [1], 'output_dim_embedding': [13.272929505591264], 'shared_lstm_size': [11.417568167285724], 'word2vec_size': [139.0]}
1, 0.261017, 243.815717, {'batch_size': [3.2733636119597085], 'dropout': [0.28076712746329535], 'learning_rate': [0.00014319301812614851], 'lstmO_size_1': [35.500775111842806], 'lstmO_size_2_2': [24.596513654398574], 'lstmO_size_2_3': [], 'lstmO_size_3_3': [], 'n_layers': [1], 'output_dim_embedding': [13.673588689758954], 'shared_lstm_size': [59.22421792577061], 'word2vec_size': [411.0]}
2, 0.269726, 329.240397, {'batch_size': [5.749090456154469], 'dropout': [0.45076468088784494], 'learning_rate': [1.0838478837513838e-05], 'lstmO_size_1': [73.32258404405437], 'lstmO_size_2_2': [], 'lstmO_size_2_3': [35.30366565987069], 'lstmO_size_3_3': [68.31759644905227], 'n_layers': [2], 'output_dim_embedding': [60.6231821381508], 'shared_lstm_size': [12.547282385733128], 'word2vec_size': [332.0]}
3, 0.258260, 246.834379, {'batch_size': [4.378964399173917], 'dropout': [0.48698613621452763], 'learning_rate': [0.0020527380570257913], 'lstmO_size_1': [104.09875829953866], 'lstmO_size_2_2': [11.001652979207531], 'lstmO_size_2_3': [], 'lstmO_size_3_3': [], 'n_layers': [1], 'output_dim_embedding': [49.377442211407384], 'shared_lstm_size': [12.582892835567073], 'word2vec_size': [246.0]}
4, 0.260668, 1069.537771, {'batch_size': [3.8786396657470066], 'dropout': [0.41541777027700955], 'learning_rate': [2.1169710895258564e-05], 'lstmO_size_1': [28.47812190302746], 'lstmO_size_2_2': [122.98922732438525], 'lstmO_size_2_3': [], 'lstmO_size_3_3': [], 'n_layers': [1], 'output_dim_embedding': [114.60248585764535], 'shared_lstm_size': [120.9933290322034], 'word2vec_size': [837.0]}
5, 0.257911, 301.545195, {'batch_size': [3.414411358605883], 'dropout': [0.42612829973153166], 'learning_rate': [0.004002657724862531], 'lstmO_size_1': [40.73397296702873], 'lstmO_size_2_2': [], 'lstmO_size_2_3': [], 'lstmO_size_3_3': [], 'n_layers': [0], 'output_dim_embedding': [35.219331863134535], 'shared_lstm_size': [106.58840079985035], 'word2vec_size': [314.0]}
6, 0.260838, 309.952269, {'batch_size': [5.455484981993347], 'dropout': [0.37631925362867175], 'learning_rate': [0.00015577889051932045], 'lstmO_size_1': [39.16495842948663], 'lstmO_size_2_2': [], 'lstmO_size_2_3': [33.00795062792125], 'lstmO_size_3_3': [120.99246681698723], 'n_layers': [2], 'output_dim_embedding': [127.50775321538221], 'shared_lstm_size': [119.2331437198237], 'word2vec_size': [139.0]}
7, 0.256900, 354.488687, {'batch_size': [3.7374173141218385], 'dropout': [0.16148188269174008], 'learning_rate': [0.00479387095112701], 'lstmO_size_1': [25.503414290568088], 'lstmO_size_2_2': [], 'lstmO_size_2_3': [], 'lstmO_size_3_3': [], 'n_layers': [0], 'output_dim_embedding': [56.70234055863454], 'shared_lstm_size': [114.51042155792729], 'word2vec_size': [418.0]}
8, 0.265045, 415.790825, {'batch_size': [3.4468839857427103], 'dropout': [0.33092806312133854], 'learning_rate': [1.5987994266450003e-05], 'lstmO_size_1': [71.35785790015058], 'lstmO_size_2_2': [], 'lstmO_size_2_3': [], 'lstmO_size_3_3': [], 'n_layers': [0], 'output_dim_embedding': [18.506922434971205], 'shared_lstm_size': [67.12079973344747], 'word2vec_size': [327.0]}
9, 0.259970, 431.440907, {'batch_size': [3.1828447532306345], 'dropout': [0.09178951519744027], 'learning_rate': [0.0003753843288207483], 'lstmO_size_1': [59.88955004999308], 'lstmO_size_2_2': [128.3921345913288], 'lstmO_size_2_3': [], 'lstmO_size_3_3': [], 'n_layers': [1], 'output_dim_embedding': [98.47497284516197], 'shared_lstm_size': [122.89170595298866], 'word2vec_size': [56.0]}
10, 0.261049, 93.833857, {'batch_size': [5.7582041831163835], 'dropout': [0.11264025983589965], 'learning_rate': [0.0017870971801316209], 'lstmO_size_1': [11.437280895689362], 'lstmO_size_2_2': [], 'lstmO_size_2_3': [], 'lstmO_size_3_3': [], 'n_layers': [0], 'output_dim_embedding': [37.39334440450179], 'shared_lstm_size': [124.7065542714912], 'word2vec_size': [514.0]}
11, 0.256618, 124.172302, {'batch_size': [5.1357592618019945], 'dropout': [0.03246041086779905], 'learning_rate': [0.009692877984983668], 'lstmO_size_1': [16.280592096834287], 'lstmO_size_2_2': [84.99791932147588], 'lstmO_size_2_3': [], 'lstmO_size_3_3': [], 'n_layers': [1], 'output_dim_embedding': [23.62952401675667], 'shared_lstm_size': [43.662727287922124], 'word2vec_size': [1010.0]}
12, 0.259684, 127.346382, {'batch_size': [5.062610394313726], 'dropout': [0.040428694100684726], 'learning_rate': [0.0006601006393087119], 'lstmO_size_1': [13.464873037023056], 'lstmO_size_2_2': [12.662547252129682], 'lstmO_size_2_3': [], 'lstmO_size_3_3': [], 'n_layers': [1], 'output_dim_embedding': [128.99569994666223], 'shared_lstm_size': [13.857112147161924], 'word2vec_size': [784.0]}
13, 0.257867, 261.187028, {'batch_size': [3.1138249822527886], 'dropout': [0.33454719969101826], 'learning_rate': [0.00030595832622501445], 'lstmO_size_1': [69.72642738681321], 'lstmO_size_2_2': [], 'lstmO_size_2_3': [], 'lstmO_size_3_3': [], 'n_layers': [0], 'output_dim_embedding': [13.476872105220806], 'shared_lstm_size': [36.77075628454362], 'word2vec_size': [786.0]}
14, 0.257966, 440.423035, {'batch_size': [3.2758577896934207], 'dropout': [0.029166247799358003], 'learning_rate': [6.017745466525679e-05], 'lstmO_size_1': [75.49392652945], 'lstmO_size_2_2': [73.91399709486993], 'lstmO_size_2_3': [], 'lstmO_size_3_3': [], 'n_layers': [1], 'output_dim_embedding': [25.364400374207587], 'shared_lstm_size': [33.695359541040695], 'word2vec_size': [91.0]}
15, 0.257744, 206.867779, {'batch_size': [4.687175793711996], 'dropout': [0.20538974770857205], 'learning_rate': [0.00045283243256817856], 'lstmO_size_1': [15.052457517665161], 'lstmO_size_2_2': [14.026532602631711], 'lstmO_size_2_3': [], 'lstmO_size_3_3': [], 'n_layers': [1], 'output_dim_embedding': [14.619385019529084], 'shared_lstm_size': [22.92245197482167], 'word2vec_size': [532.0]}
16, 0.258160, 105.572743, {'batch_size': [5.177721594672149], 'dropout': [0.45354522551194454], 'learning_rate': [0.0005795772805558395], 'lstmO_size_1': [143.3388886632338], 'lstmO_size_2_2': [], 'lstmO_size_2_3': [], 'lstmO_size_3_3': [], 'n_layers': [0], 'output_dim_embedding': [41.21699490599523], 'shared_lstm_size': [11.911890359397523], 'word2vec_size': [59.0]}
17, 0.259025, 468.035622, {'batch_size': [3.456673045117565], 'dropout': [0.11791279319244269], 'learning_rate': [0.00014817824581844687], 'lstmO_size_1': [73.37121006550102], 'lstmO_size_2_2': [], 'lstmO_size_2_3': [], 'lstmO_size_3_3': [], 'n_layers': [0], 'output_dim_embedding': [25.236929075584136], 'shared_lstm_size': [135.66896951283246], 'word2vec_size': [824.0]}
18, 0.259787, 696.722349, {'batch_size': [3.7168783634298004], 'dropout': [0.3001110763472272], 'learning_rate': [0.002736520637021441], 'lstmO_size_1': [144.7948958852777], 'lstmO_size_2_2': [], 'lstmO_size_2_3': [22.754471489783583], 'lstmO_size_3_3': [91.69169641476313], 'n_layers': [2], 'output_dim_embedding': [12.19982222640562], 'shared_lstm_size': [96.17356455506852], 'word2vec_size': [954.0]}
19, 0.258888, 194.922615, {'batch_size': [3.802126455646802], 'dropout': [0.4243753966679748], 'learning_rate': [0.007802739856555502], 'lstmO_size_1': [21.93692358454351], 'lstmO_size_2_2': [], 'lstmO_size_2_3': [], 'lstmO_size_3_3': [], 'n_layers': [0], 'output_dim_embedding': [19.98461270792863], 'shared_lstm_size': [47.86315085359035], 'word2vec_size': [808.0]}
Total time: 1:48:12.223881

Best parameters:{'batch_size': 5, 'dropout': 0.03246041086779905, 'learning_rate': 0.009692877984983668, 'lstmO_size_1': 16, 'n_layers': {'lstmO_size_2_2': 84, 'n_layers': 2}, 'output_dim_embedding': 23, 'shared_lstm_size': 43, 'win_size': 4, 'word2vec_size': 1010}

Outcome metrics:
              precision    recall  f1-score   support

           0      0.000     0.000     0.000       245
           1      0.891     1.000     0.942      1998

    accuracy                          0.891      2243
   macro avg      0.445     0.500     0.471      2243
weighted avg      0.793     0.891     0.839      2243


Outcome confusion matrix:
[[   0  245]
 [   0 1998]]
