
Hyperopt trials:
tid,loss,params used
0, 0.684434, {'batch_size': [4.327007117526563], 'dropout': [0.47505350616427355], 'gamma': [0.3648301388194639], 'learning_rate': [0.00019063319700457607], 'lstmA_size_1': [118.24630739424245], 'lstmA_size_2_2': [], 'lstmA_size_2_3': [], 'lstmA_size_3_3': [], 'lstmO_size_1': [53.30694390465431], 'lstmO_size_2_2': [], 'lstmO_size_2_3': [], 'lstmO_size_3_3': [], 'n_layers': [0], 'output_dim_embedding': [34.781998491011954], 'shared_lstm_size': [134.57482572053317]}
1, 1.011291, {'batch_size': [5.932205561547528], 'dropout': [0.07774864328427938], 'gamma': [0.8047056769910934], 'learning_rate': [1.3775478498029271e-05], 'lstmA_size_1': [23.15570059802537], 'lstmA_size_2_2': [11.975186026069437], 'lstmA_size_2_3': [], 'lstmA_size_3_3': [], 'lstmO_size_1': [57.68461290506554], 'lstmO_size_2_2': [100.3448607979166], 'lstmO_size_2_3': [], 'lstmO_size_3_3': [], 'n_layers': [1], 'output_dim_embedding': [132.2721756916795], 'shared_lstm_size': [10.946423408079669]}
2, 0.810932, {'batch_size': [3.7254766288579972], 'dropout': [0.48480368595405443], 'gamma': [0.513790763278363], 'learning_rate': [0.000849256250500826], 'lstmA_size_1': [38.22588484964422], 'lstmA_size_2_2': [], 'lstmA_size_2_3': [54.05719250483386], 'lstmA_size_3_3': [14.85292124704539], 'lstmO_size_1': [73.01766261033303], 'lstmO_size_2_2': [], 'lstmO_size_2_3': [43.67050292740496], 'lstmO_size_3_3': [30.586689923161845], 'n_layers': [2], 'output_dim_embedding': [10.371707134456317], 'shared_lstm_size': [113.20050596424124]}
3, 0.814922, {'batch_size': [3.6752135127482464], 'dropout': [0.3408303097604935], 'gamma': [0.6160122147271976], 'learning_rate': [0.00028113727106951947], 'lstmA_size_1': [145.1799475875566], 'lstmA_size_2_2': [28.60208358247981], 'lstmA_size_2_3': [], 'lstmA_size_3_3': [], 'lstmO_size_1': [17.44972326276957], 'lstmO_size_2_2': [92.14147658525616], 'lstmO_size_2_3': [], 'lstmO_size_3_3': [], 'n_layers': [1], 'output_dim_embedding': [104.58016961405487], 'shared_lstm_size': [15.260605146419731]}
4, 0.899535, {'batch_size': [4.209025682773868], 'dropout': [0.2919583291332947], 'gamma': [0.7339854924610345], 'learning_rate': [1.4482729125596599e-05], 'lstmA_size_1': [121.53020989599175], 'lstmA_size_2_2': [], 'lstmA_size_2_3': [], 'lstmA_size_3_3': [], 'lstmO_size_1': [10.75126264717657], 'lstmO_size_2_2': [], 'lstmO_size_2_3': [], 'lstmO_size_3_3': [], 'n_layers': [0], 'output_dim_embedding': [44.02746776249025], 'shared_lstm_size': [21.873820393263706]}
5, 0.859019, {'batch_size': [3.8085378182424403], 'dropout': [0.28246094192974813], 'gamma': [0.6986334645580207], 'learning_rate': [0.001105105417875143], 'lstmA_size_1': [41.34339985322662], 'lstmA_size_2_2': [], 'lstmA_size_2_3': [106.67296588984523], 'lstmA_size_3_3': [11.235375283576044], 'lstmO_size_1': [13.944561392696167], 'lstmO_size_2_2': [], 'lstmO_size_2_3': [25.01531224243459], 'lstmO_size_3_3': [21.156179590154157], 'n_layers': [2], 'output_dim_embedding': [140.85018560131664], 'shared_lstm_size': [68.31527569581726]}
6, 0.587963, {'batch_size': [4.6785934554705815], 'dropout': [0.3596168278828468], 'gamma': [0.16757266837374196], 'learning_rate': [0.0001007916204432566], 'lstmA_size_1': [20.322176718971566], 'lstmA_size_2_2': [105.34827870209178], 'lstmA_size_2_3': [], 'lstmA_size_3_3': [], 'lstmO_size_1': [65.93118677253652], 'lstmO_size_2_2': [15.699414353310786], 'lstmO_size_2_3': [], 'lstmO_size_3_3': [], 'n_layers': [1], 'output_dim_embedding': [146.3908206088949], 'shared_lstm_size': [119.81636257553633]}
7, 0.898005, {'batch_size': [4.240015194415943], 'dropout': [0.3593533447497828], 'gamma': [0.7726256887132213], 'learning_rate': [0.00046499423630227667], 'lstmA_size_1': [103.06758662599881], 'lstmA_size_2_2': [], 'lstmA_size_2_3': [], 'lstmA_size_3_3': [], 'lstmO_size_1': [72.40960171259171], 'lstmO_size_2_2': [], 'lstmO_size_2_3': [], 'lstmO_size_3_3': [], 'n_layers': [0], 'output_dim_embedding': [17.257886303017195], 'shared_lstm_size': [56.662478881469276]}
8, 0.694851, {'batch_size': [5.036368567807317], 'dropout': [0.12592435342161018], 'gamma': [0.37114436880701696], 'learning_rate': [0.00024905226489022107], 'lstmA_size_1': [78.57773188414448], 'lstmA_size_2_2': [10.217550115970987], 'lstmA_size_2_3': [], 'lstmA_size_3_3': [], 'lstmO_size_1': [76.26486255252524], 'lstmO_size_2_2': [32.075908978295104], 'lstmO_size_2_3': [], 'lstmO_size_3_3': [], 'n_layers': [1], 'output_dim_embedding': [81.26257156822497], 'shared_lstm_size': [13.842429883663476]}
9, 0.595774, {'batch_size': [5.781569828762836], 'dropout': [0.0983361099440983], 'gamma': [0.1914712532762251], 'learning_rate': [0.004738152823817107], 'lstmA_size_1': [19.217510948180763], 'lstmA_size_2_2': [], 'lstmA_size_2_3': [130.61000284753916], 'lstmA_size_3_3': [141.241603110312], 'lstmO_size_1': [10.469894585371021], 'lstmO_size_2_2': [], 'lstmO_size_2_3': [50.06140745612032], 'lstmO_size_3_3': [13.211468457080727], 'n_layers': [2], 'output_dim_embedding': [76.5922246961911], 'shared_lstm_size': [48.431179037011205]}
10, 0.770759, {'batch_size': [5.536286530871417], 'dropout': [0.32719632736132664], 'gamma': [0.5231569246229557], 'learning_rate': [0.007130179771415992], 'lstmA_size_1': [80.60861915959649], 'lstmA_size_2_2': [], 'lstmA_size_2_3': [], 'lstmA_size_3_3': [], 'lstmO_size_1': [106.86739490940376], 'lstmO_size_2_2': [], 'lstmO_size_2_3': [], 'lstmO_size_3_3': [], 'n_layers': [0], 'output_dim_embedding': [18.42896926986861], 'shared_lstm_size': [19.9851596120619]}
11, 0.702787, {'batch_size': [4.985195861385429], 'dropout': [0.17046310104914225], 'gamma': [0.40010957700496363], 'learning_rate': [0.00024162408654500043], 'lstmA_size_1': [33.374638919396965], 'lstmA_size_2_2': [], 'lstmA_size_2_3': [45.460569597679076], 'lstmA_size_3_3': [13.101861903333102], 'lstmO_size_1': [53.32541675488561], 'lstmO_size_2_2': [], 'lstmO_size_2_3': [25.017073340310997], 'lstmO_size_3_3': [16.471350253499644], 'n_layers': [2], 'output_dim_embedding': [34.879139047923715], 'shared_lstm_size': [133.8533459743861]}
12, 0.836015, {'batch_size': [5.709614914408801], 'dropout': [0.44777396472392716], 'gamma': [0.663978232884282], 'learning_rate': [0.0025298079261322787], 'lstmA_size_1': [82.7121190669749], 'lstmA_size_2_2': [], 'lstmA_size_2_3': [], 'lstmA_size_3_3': [], 'lstmO_size_1': [72.5273729318943], 'lstmO_size_2_2': [], 'lstmO_size_2_3': [], 'lstmO_size_3_3': [], 'n_layers': [0], 'output_dim_embedding': [96.24946383583986], 'shared_lstm_size': [63.15400840821348]}
13, 0.828172, {'batch_size': [4.5759077627381775], 'dropout': [0.3008867652250302], 'gamma': [0.6317641345845223], 'learning_rate': [0.008648462375606578], 'lstmA_size_1': [109.8215163349595], 'lstmA_size_2_2': [45.51793773515911], 'lstmA_size_2_3': [], 'lstmA_size_3_3': [], 'lstmO_size_1': [113.43150011014589], 'lstmO_size_2_2': [55.701032454208054], 'lstmO_size_2_3': [], 'lstmO_size_3_3': [], 'n_layers': [1], 'output_dim_embedding': [41.661008645999566], 'shared_lstm_size': [45.910168393104726]}
14, 0.953632, {'batch_size': [4.458550767940377], 'dropout': [0.4876464872370841], 'gamma': [0.5189750979264942], 'learning_rate': [1.0709143967141087e-05], 'lstmA_size_1': [110.93985545551963], 'lstmA_size_2_2': [], 'lstmA_size_2_3': [30.30310849303366], 'lstmA_size_3_3': [35.08801674958107], 'lstmO_size_1': [16.488869890929312], 'lstmO_size_2_2': [], 'lstmO_size_2_3': [42.136685408968496], 'lstmO_size_3_3': [39.33658531409784], 'n_layers': [2], 'output_dim_embedding': [54.16460349638868], 'shared_lstm_size': [14.451803090574641]}
15, 0.918588, {'batch_size': [3.7555795796661933], 'dropout': [0.4247140889190757], 'gamma': [0.8023304183899665], 'learning_rate': [0.0003319429260596479], 'lstmA_size_1': [49.53731171803768], 'lstmA_size_2_2': [46.36674198163811], 'lstmA_size_2_3': [], 'lstmA_size_3_3': [], 'lstmO_size_1': [39.380229119542264], 'lstmO_size_2_2': [137.1301270453629], 'lstmO_size_2_3': [], 'lstmO_size_3_3': [], 'n_layers': [1], 'output_dim_embedding': [23.02135227947199], 'shared_lstm_size': [20.18397824713878]}
16, 0.831385, {'batch_size': [4.317284055717915], 'dropout': [0.28473131478723046], 'gamma': [0.6618688713368608], 'learning_rate': [0.0006201491753939017], 'lstmA_size_1': [80.19082235664709], 'lstmA_size_2_2': [75.02492802276832], 'lstmA_size_2_3': [], 'lstmA_size_3_3': [], 'lstmO_size_1': [80.51232542164078], 'lstmO_size_2_2': [11.564791339312915], 'lstmO_size_2_3': [], 'lstmO_size_3_3': [], 'n_layers': [1], 'output_dim_embedding': [15.873166901105545], 'shared_lstm_size': [12.115019445979822]}
17, 0.941272, {'batch_size': [5.860921917991208], 'dropout': [0.41618291853503653], 'gamma': [0.6950982890570571], 'learning_rate': [2.315901883648662e-05], 'lstmA_size_1': [15.728846606686849], 'lstmA_size_2_2': [], 'lstmA_size_2_3': [122.80601536557923], 'lstmA_size_3_3': [59.01045222967007], 'lstmO_size_1': [46.77464672159663], 'lstmO_size_2_2': [], 'lstmO_size_2_3': [15.046094881349218], 'lstmO_size_3_3': [98.81528082181397], 'n_layers': [2], 'output_dim_embedding': [36.01387218955143], 'shared_lstm_size': [83.59789579947376]}
18, 0.714103, {'batch_size': [4.95037517020926], 'dropout': [0.35167497232807354], 'gamma': [0.3425918774214043], 'learning_rate': [9.634177967223139e-05], 'lstmA_size_1': [14.899834119433915], 'lstmA_size_2_2': [48.6065732523252], 'lstmA_size_2_3': [], 'lstmA_size_3_3': [], 'lstmO_size_1': [138.150365254807], 'lstmO_size_2_2': [86.08739438500136], 'lstmO_size_2_3': [], 'lstmO_size_3_3': [], 'n_layers': [1], 'output_dim_embedding': [10.049340987336452], 'shared_lstm_size': [19.775300132107837]}
19, 0.554180, {'batch_size': [3.0764036687831067], 'dropout': [0.04555395195477868], 'gamma': [0.10334689751905578], 'learning_rate': [0.00017245126441487558], 'lstmA_size_1': [65.83923030421325], 'lstmA_size_2_2': [], 'lstmA_size_2_3': [19.136399207880668], 'lstmA_size_3_3': [12.977268756521935], 'lstmO_size_1': [20.33336269401842], 'lstmO_size_2_2': [], 'lstmO_size_2_3': [49.137942104901505], 'lstmO_size_3_3': [16.21308513653778], 'n_layers': [2], 'output_dim_embedding': [42.46476261722868], 'shared_lstm_size': [17.274373704050454]}

Best parameters:{'batch_size': 3, 'dropout': 0.04555395195477868, 'gamma': 0.10334689751905578, 'learning_rate': 0.00017245126441487558, 'lstmA_size_1': 65, 'lstmO_size_1': 20, 'n_layers': {'lstmA_size_2_3': 19, 'lstmA_size_3_3': 12, 'lstmO_size_2_3': 49, 'lstmO_size_3_3': 16, 'n_layers': 3}, 'output_dim_embedding': 42, 'shared_lstm_size': 17, 'win_size': 4}

Next activity metrics:
              precision    recall  f1-score   support

           0      0.000     0.000     0.000        18
           1      0.885     1.000     0.939       139
           2      0.571     0.889     0.696         9
           3      0.939     0.994     0.966       156
           4      0.852     0.968     0.906       155
           5      0.601     0.428     0.500       250
           6      0.483     0.660     0.558       612
           7      0.551     0.623     0.585       605
           8      0.684     0.519     0.590       129
           9      0.750     0.777     0.763       139
          10      0.800     0.479     0.599       242
          11      0.167     0.045     0.071       133
          12      0.000     0.000     0.000        23
          13      0.000     0.000     0.000         8
          14      0.000     0.000     0.000         5
          15      0.000     0.000     0.000         9
          16      0.000     0.000     0.000         2

    accuracy                          0.621      2634
   macro avg      0.428     0.434     0.422      2634
weighted avg      0.605     0.621     0.602      2634


Next activity confusion matrix:
[[  0  18   0   0   0   0   0   0   0   0   0   0   0   0   0   0   0]
 [  0 139   0   0   0   0   0   0   0   0   0   0   0   0   0   0   0]
 [  0   0   8   0   0   0   0   1   0   0   0   0   0   0   0   0   0]
 [  0   0   0 155   0   0   0   0   0   1   0   0   0   0   0   0   0]
 [  0   0   0   1 150   0   3   1   0   0   0   0   0   0   0   0   0]
 [  0   0   1   1   7 107  70  45   0  14   1   4   0   0   0   0   0]
 [  0   0   1   3   8  30 404 135   0  11   2  18   0   0   0   0   0]
 [  0   0   4   1   7  16 185 377   2   5   1   7   0   0   0   0   0]
 [  0   0   0   3   2   3  36   6  67   0  12   0   0   0   0   0   0]
 [  0   0   0   0   1   2   6   2  20 108   0   0   0   0   0   0   0]
 [  0   0   0   0   1  13  57  41   9   5 116   0   0   0   0   0   0]
 [  0   0   0   0   0   4  63  58   0   0   2   6   0   0   0   0   0]
 [  0   0   0   1   0   2   4   5   0   0  11   0   0   0   0   0   0]
 [  0   0   0   0   0   0   5   3   0   0   0   0   0   0   0   0   0]
 [  0   0   0   0   0   1   1   2   0   0   0   1   0   0   0   0   0]
 [  0   0   0   0   0   0   2   7   0   0   0   0   0   0   0   0   0]
 [  0   0   0   0   0   0   1   1   0   0   0   0   0   0   0   0   0]]

Outcome metrics:
              precision    recall  f1-score   support

           0      0.000     0.000     0.000       289
           1      0.890     1.000     0.942      2345

    accuracy                          0.890      2634
   macro avg      0.445     0.500     0.471      2634
weighted avg      0.793     0.890     0.839      2634


Outcome confusion matrix:
[[   0  289]
 [   0 2345]]
