
Hyperopt trials:
tid,loss,time,params used
0, 0.258536, 491.683092, {'batch_size': [3.164040956859024], 'dropout': [0.4683819954995351], 'learning_rate': [0.0007972380480891248], 'lstmO_size_1': [81.9026885272049], 'lstmO_size_2_2': [], 'lstmO_size_2_3': [90.21150783712964], 'lstmO_size_3_3': [58.186740085998686], 'n_layers': [2], 'output_dim_embedding': [13.989919095922335], 'shared_lstm_size': [95.19810501149269], 'word2vec_size': [873.0]}
1, 0.257792, 153.061537, {'batch_size': [4.585856230971052], 'dropout': [0.01227114258420503], 'learning_rate': [0.004721157948296355], 'lstmO_size_1': [34.75820475306745], 'lstmO_size_2_2': [], 'lstmO_size_2_3': [], 'lstmO_size_3_3': [], 'n_layers': [0], 'output_dim_embedding': [27.483187141228584], 'shared_lstm_size': [96.53075267024512], 'word2vec_size': [445.0]}
2, 0.261540, 298.348156, {'batch_size': [5.014481283921291], 'dropout': [0.4372924718394492], 'learning_rate': [3.0242849975476507e-05], 'lstmO_size_1': [26.931434846284283], 'lstmO_size_2_2': [13.864732512830692], 'lstmO_size_2_3': [], 'lstmO_size_3_3': [], 'n_layers': [1], 'output_dim_embedding': [10.815168068341386], 'shared_lstm_size': [32.033421099860675], 'word2vec_size': [505.0]}
3, 0.258506, 57.548963, {'batch_size': [5.249217133820675], 'dropout': [0.04467289917240086], 'learning_rate': [0.00036459053756931066], 'lstmO_size_1': [38.857692784392945], 'lstmO_size_2_2': [], 'lstmO_size_2_3': [], 'lstmO_size_3_3': [], 'n_layers': [0], 'output_dim_embedding': [67.14671536726317], 'shared_lstm_size': [12.32572791431144], 'word2vec_size': [477.0]}
4, 0.263711, 408.440902, {'batch_size': [5.616510184120992], 'dropout': [0.27022743315623554], 'learning_rate': [1.3599658297267929e-05], 'lstmO_size_1': [28.006304652444253], 'lstmO_size_2_2': [], 'lstmO_size_2_3': [14.55440628240822], 'lstmO_size_3_3': [18.695223313083723], 'n_layers': [2], 'output_dim_embedding': [79.07839354387959], 'shared_lstm_size': [33.57940709194288], 'word2vec_size': [202.0]}
5, 0.259781, 113.991218, {'batch_size': [5.937526765342929], 'dropout': [0.33175447783641027], 'learning_rate': [4.0809068447873896e-05], 'lstmO_size_1': [13.806545942304789], 'lstmO_size_2_2': [], 'lstmO_size_2_3': [], 'lstmO_size_3_3': [], 'n_layers': [0], 'output_dim_embedding': [34.96431421090402], 'shared_lstm_size': [10.81068783092545], 'word2vec_size': [765.0]}
6, 0.257517, 108.271786, {'batch_size': [5.8079480415191], 'dropout': [0.2493173237377369], 'learning_rate': [0.0006184469740283553], 'lstmO_size_1': [48.97403738492106], 'lstmO_size_2_2': [17.41197007227127], 'lstmO_size_2_3': [], 'lstmO_size_3_3': [], 'n_layers': [1], 'output_dim_embedding': [11.826568397659752], 'shared_lstm_size': [39.47674590106343], 'word2vec_size': [592.0]}
7, 0.259726, 417.797137, {'batch_size': [3.226426822615319], 'dropout': [0.1516768299504021], 'learning_rate': [9.725866199997468e-05], 'lstmO_size_1': [29.08462225262897], 'lstmO_size_2_2': [136.4441073801212], 'lstmO_size_2_3': [], 'lstmO_size_3_3': [], 'n_layers': [1], 'output_dim_embedding': [17.58536499257211], 'shared_lstm_size': [59.39521524891389], 'word2vec_size': [351.0]}
8, 0.260685, 238.164596, {'batch_size': [3.295050233660861], 'dropout': [0.08604482816547177], 'learning_rate': [0.0003373508614859218], 'lstmO_size_1': [62.77295076661756], 'lstmO_size_2_2': [], 'lstmO_size_2_3': [], 'lstmO_size_3_3': [], 'n_layers': [0], 'output_dim_embedding': [13.455294059382984], 'shared_lstm_size': [94.99532743019044], 'word2vec_size': [132.0]}
9, 0.259251, 592.574613, {'batch_size': [5.301452499840353], 'dropout': [0.027879527599633303], 'learning_rate': [1.3570553140815727e-05], 'lstmO_size_1': [114.04538656786184], 'lstmO_size_2_2': [], 'lstmO_size_2_3': [28.798449787600806], 'lstmO_size_3_3': [19.61945544216492], 'n_layers': [2], 'output_dim_embedding': [29.47261653208121], 'shared_lstm_size': [12.000987666750188], 'word2vec_size': [984.0]}
10, 0.261454, 193.734357, {'batch_size': [3.7684815535262617], 'dropout': [0.3986168775548857], 'learning_rate': [7.338607638839728e-05], 'lstmO_size_1': [10.91972721217026], 'lstmO_size_2_2': [], 'lstmO_size_2_3': [], 'lstmO_size_3_3': [], 'n_layers': [0], 'output_dim_embedding': [45.66764417025847], 'shared_lstm_size': [119.19286548054926], 'word2vec_size': [792.0]}
11, 0.260340, 376.495599, {'batch_size': [3.0795002045809894], 'dropout': [0.4386944796263708], 'learning_rate': [0.005857240615655392], 'lstmO_size_1': [22.828816932024154], 'lstmO_size_2_2': [15.715092188315255], 'lstmO_size_2_3': [], 'lstmO_size_3_3': [], 'n_layers': [1], 'output_dim_embedding': [134.44947612270354], 'shared_lstm_size': [78.53989178046972], 'word2vec_size': [380.0]}
12, 0.255574, 67.667711, {'batch_size': [4.58759539903928], 'dropout': [0.11910355029405584], 'learning_rate': [0.0032334672844397637], 'lstmO_size_1': [14.15169247184496], 'lstmO_size_2_2': [], 'lstmO_size_2_3': [], 'lstmO_size_3_3': [], 'n_layers': [0], 'output_dim_embedding': [66.07264195685168], 'shared_lstm_size': [24.868468721037427], 'word2vec_size': [673.0]}
13, 0.260582, 541.630559, {'batch_size': [3.440917149639077], 'dropout': [0.3499331089905013], 'learning_rate': [2.6987691822163743e-05], 'lstmO_size_1': [25.101348048789788], 'lstmO_size_2_2': [94.0923890523988], 'lstmO_size_2_3': [], 'lstmO_size_3_3': [], 'n_layers': [1], 'output_dim_embedding': [12.027815657001812], 'shared_lstm_size': [142.84416898707454], 'word2vec_size': [258.0]}
14, 0.258437, 396.623499, {'batch_size': [3.7886061584571364], 'dropout': [0.12252652877163162], 'learning_rate': [0.000371087585062019], 'lstmO_size_1': [26.103065088542316], 'lstmO_size_2_2': [], 'lstmO_size_2_3': [12.884788854561101], 'lstmO_size_3_3': [129.75218131802848], 'n_layers': [2], 'output_dim_embedding': [35.18145509282244], 'shared_lstm_size': [39.07390693111248], 'word2vec_size': [974.0]}
15, 0.258457, 462.805715, {'batch_size': [4.308053100373648], 'dropout': [0.05688218695491465], 'learning_rate': [2.8803973977858162e-05], 'lstmO_size_1': [10.12313125279988], 'lstmO_size_2_2': [], 'lstmO_size_2_3': [92.37872656049949], 'lstmO_size_3_3': [16.82907798072749], 'n_layers': [2], 'output_dim_embedding': [115.3367963551545], 'shared_lstm_size': [110.64564519352658], 'word2vec_size': [807.0]}
16, 0.256598, 212.178769, {'batch_size': [3.7789460675019484], 'dropout': [0.01761247319169068], 'learning_rate': [0.0013669143239004977], 'lstmO_size_1': [32.1299199040189], 'lstmO_size_2_2': [], 'lstmO_size_2_3': [], 'lstmO_size_3_3': [], 'n_layers': [0], 'output_dim_embedding': [59.84655057968446], 'shared_lstm_size': [49.0644295258062], 'word2vec_size': [872.0]}
17, 0.259847, 189.432218, {'batch_size': [4.561361416203493], 'dropout': [0.09978577055347376], 'learning_rate': [0.009494261090042463], 'lstmO_size_1': [21.762483451571924], 'lstmO_size_2_2': [35.025535554942415], 'lstmO_size_2_3': [], 'lstmO_size_3_3': [], 'n_layers': [1], 'output_dim_embedding': [24.970965377136167], 'shared_lstm_size': [54.81898061160821], 'word2vec_size': [438.0]}
18, 0.258793, 322.415179, {'batch_size': [4.152053992515974], 'dropout': [0.10005021058369695], 'learning_rate': [4.6352405644392756e-05], 'lstmO_size_1': [73.71382338136502], 'lstmO_size_2_2': [], 'lstmO_size_2_3': [], 'lstmO_size_3_3': [], 'n_layers': [0], 'output_dim_embedding': [99.63124401526144], 'shared_lstm_size': [27.288064681112235], 'word2vec_size': [386.0]}
19, 0.260782, 316.521876, {'batch_size': [4.234332017260115], 'dropout': [0.2695413954622916], 'learning_rate': [8.844579190135292e-05], 'lstmO_size_1': [71.85408375836774], 'lstmO_size_2_2': [], 'lstmO_size_2_3': [33.43405810591056], 'lstmO_size_3_3': [15.17456754644099], 'n_layers': [2], 'output_dim_embedding': [52.4151639742431], 'shared_lstm_size': [103.38967139328892], 'word2vec_size': [813.0]}
Total time: 1:39:19.387484

Best parameters:{'batch_size': 4, 'dropout': 0.11910355029405584, 'learning_rate': 0.0032334672844397637, 'lstmO_size_1': 14, 'n_layers': {'n_layers': 1}, 'output_dim_embedding': 66, 'shared_lstm_size': 24, 'win_size': 4, 'word2vec_size': 673}

Outcome metrics:
              precision    recall  f1-score   support

           0      0.891     1.000     0.942      1998
           1      0.000     0.000     0.000       245

    accuracy                          0.891      2243
   macro avg      0.445     0.500     0.471      2243
weighted avg      0.793     0.891     0.839      2243


Outcome confusion matrix:
[[1998    0]
 [ 245    0]]
