
Hyperopt trials:
tid,loss,time,params used
0, 0.492606, 171.256529, {'batch_size': [5.113165129733755], 'dropout': [0.237086198313673], 'learning_rate': [0.00015326898933982084], 'lstmO_size_1': [18.55724033595904], 'lstmO_size_2_2': [99.69198100517758], 'lstmO_size_2_3': [], 'lstmO_size_3_3': [], 'n_layers': [1], 'output_dim_embedding': [27.26551106700355], 'shared_lstm_size': [79.99493120752042], 'word2vec_size': [380.0]}
1, 0.489801, 120.957651, {'batch_size': [5.139542244841291], 'dropout': [0.10181534696264088], 'learning_rate': [0.00899755598913237], 'lstmO_size_1': [15.450681864690909], 'lstmO_size_2_2': [36.67871945371786], 'lstmO_size_2_3': [], 'lstmO_size_3_3': [], 'n_layers': [1], 'output_dim_embedding': [13.87650597764373], 'shared_lstm_size': [24.248013320187933], 'word2vec_size': [984.0]}
2, 0.494764, 144.529895, {'batch_size': [4.3227754409517285], 'dropout': [0.32707846025779286], 'learning_rate': [0.0011922679453359455], 'lstmO_size_1': [23.187202557923513], 'lstmO_size_2_2': [], 'lstmO_size_2_3': [12.26334180209879], 'lstmO_size_3_3': [10.64115972191675], 'n_layers': [2], 'output_dim_embedding': [45.58507378719189], 'shared_lstm_size': [12.438358825182808], 'word2vec_size': [216.0]}
3, 0.490290, 159.089661, {'batch_size': [5.011539816109199], 'dropout': [0.4225475184578055], 'learning_rate': [0.0021871122757403582], 'lstmO_size_1': [67.29328275620938], 'lstmO_size_2_2': [132.7624371662311], 'lstmO_size_2_3': [], 'lstmO_size_3_3': [], 'n_layers': [1], 'output_dim_embedding': [13.33664655426867], 'shared_lstm_size': [14.90046093267903], 'word2vec_size': [165.0]}
4, 0.494435, 154.562186, {'batch_size': [5.566608050981262], 'dropout': [0.11024181228811653], 'learning_rate': [4.883735714027371e-05], 'lstmO_size_1': [21.211349397045744], 'lstmO_size_2_2': [], 'lstmO_size_2_3': [125.31475500918265], 'lstmO_size_3_3': [17.742891504566064], 'n_layers': [2], 'output_dim_embedding': [33.04525903712812], 'shared_lstm_size': [26.499081856256165], 'word2vec_size': [127.0]}
5, 0.492800, 377.399817, {'batch_size': [3.329042980060883], 'dropout': [0.320602529721185], 'learning_rate': [0.0014149381441158732], 'lstmO_size_1': [91.5787708071516], 'lstmO_size_2_2': [], 'lstmO_size_2_3': [11.330348521427593], 'lstmO_size_3_3': [10.600491637685566], 'n_layers': [2], 'output_dim_embedding': [115.88195092527518], 'shared_lstm_size': [57.70262469176861], 'word2vec_size': [611.0]}
6, 0.496678, 466.079706, {'batch_size': [3.6834015100529407], 'dropout': [0.475368116594886], 'learning_rate': [4.494171831547691e-05], 'lstmO_size_1': [48.08198246105332], 'lstmO_size_2_2': [], 'lstmO_size_2_3': [137.0859484042935], 'lstmO_size_3_3': [127.21726924947589], 'n_layers': [2], 'output_dim_embedding': [129.0093925683734], 'shared_lstm_size': [39.226321796770115], 'word2vec_size': [303.0]}
7, 0.491338, 142.880112, {'batch_size': [5.649029232307308], 'dropout': [0.137643226441941], 'learning_rate': [3.0730873008130913e-05], 'lstmO_size_1': [141.18327470430583], 'lstmO_size_2_2': [], 'lstmO_size_2_3': [], 'lstmO_size_3_3': [], 'n_layers': [0], 'output_dim_embedding': [25.281815157335952], 'shared_lstm_size': [141.59704496345702], 'word2vec_size': [802.0]}
8, 0.496318, 157.322664, {'batch_size': [4.161251567214527], 'dropout': [0.4800307284025912], 'learning_rate': [3.9414207339033555e-05], 'lstmO_size_1': [40.580927381145635], 'lstmO_size_2_2': [14.437895618496524], 'lstmO_size_2_3': [], 'lstmO_size_3_3': [], 'n_layers': [1], 'output_dim_embedding': [14.8674336924937], 'shared_lstm_size': [13.4942634531306], 'word2vec_size': [618.0]}
9, 0.496977, 348.805332, {'batch_size': [4.221008149094162], 'dropout': [0.34735476414953526], 'learning_rate': [0.00844651021944172], 'lstmO_size_1': [45.65984239106655], 'lstmO_size_2_2': [140.47759175179272], 'lstmO_size_2_3': [], 'lstmO_size_3_3': [], 'n_layers': [1], 'output_dim_embedding': [50.86425755504828], 'shared_lstm_size': [11.73509987045836], 'word2vec_size': [857.0]}
10, 0.494012, 499.326612, {'batch_size': [3.9935408724444605], 'dropout': [0.005565581538069797], 'learning_rate': [4.537618944403208e-05], 'lstmO_size_1': [73.22073397220504], 'lstmO_size_2_2': [], 'lstmO_size_2_3': [108.03476984440728], 'lstmO_size_3_3': [35.314138205164994], 'n_layers': [2], 'output_dim_embedding': [14.478184799368515], 'shared_lstm_size': [16.24957481329158], 'word2vec_size': [696.0]}
11, 0.493845, 225.327035, {'batch_size': [5.51450939898086], 'dropout': [0.4745043021850482], 'learning_rate': [1.0031581219607944e-05], 'lstmO_size_1': [56.056227632418285], 'lstmO_size_2_2': [57.03157352682162], 'lstmO_size_2_3': [], 'lstmO_size_3_3': [], 'n_layers': [1], 'output_dim_embedding': [143.727362138543], 'shared_lstm_size': [29.806780190798086], 'word2vec_size': [951.0]}
12, 0.495165, 516.441751, {'batch_size': [3.0545512028137485], 'dropout': [0.18963847350187046], 'learning_rate': [0.00011712244815330381], 'lstmO_size_1': [26.356351976441285], 'lstmO_size_2_2': [], 'lstmO_size_2_3': [27.51239430349446], 'lstmO_size_3_3': [15.770568372865348], 'n_layers': [2], 'output_dim_embedding': [28.691229242371246], 'shared_lstm_size': [19.927271674955257], 'word2vec_size': [98.0]}
13, 0.493838, 413.184424, {'batch_size': [3.063671096155374], 'dropout': [0.34496950799477055], 'learning_rate': [5.6275647117248214e-05], 'lstmO_size_1': [71.07555998566406], 'lstmO_size_2_2': [24.280578994400628], 'lstmO_size_2_3': [], 'lstmO_size_3_3': [], 'n_layers': [1], 'output_dim_embedding': [77.00753866568655], 'shared_lstm_size': [32.4008740316003], 'word2vec_size': [462.0]}
14, 0.495664, 206.417485, {'batch_size': [5.66282921212187], 'dropout': [0.15551161710243955], 'learning_rate': [0.004515101892888942], 'lstmO_size_1': [41.40276393257226], 'lstmO_size_2_2': [], 'lstmO_size_2_3': [95.22974336237284], 'lstmO_size_3_3': [13.756288117852145], 'n_layers': [2], 'output_dim_embedding': [22.554927660797137], 'shared_lstm_size': [125.21788748329757], 'word2vec_size': [796.0]}
15, 0.494957, 1261.549356, {'batch_size': [3.7556590163407995], 'dropout': [0.3785671427140551], 'learning_rate': [0.0012317536559825536], 'lstmO_size_1': [123.8924375380796], 'lstmO_size_2_2': [], 'lstmO_size_2_3': [91.09486503815056], 'lstmO_size_3_3': [82.6434006966542], 'n_layers': [2], 'output_dim_embedding': [115.02482733794977], 'shared_lstm_size': [148.7256504047324], 'word2vec_size': [668.0]}
16, 0.496602, 198.495391, {'batch_size': [4.512907063754233], 'dropout': [0.10821821484950023], 'learning_rate': [0.004992321786086805], 'lstmO_size_1': [66.91388500944369], 'lstmO_size_2_2': [], 'lstmO_size_2_3': [74.74106580538195], 'lstmO_size_3_3': [49.79902188400287], 'n_layers': [2], 'output_dim_embedding': [30.4183631767115], 'shared_lstm_size': [33.102997398072915], 'word2vec_size': [906.0]}
17, 0.492657, 335.719784, {'batch_size': [3.161222765681989], 'dropout': [0.49412300518061986], 'learning_rate': [0.0001286127525713312], 'lstmO_size_1': [43.43835825605476], 'lstmO_size_2_2': [], 'lstmO_size_2_3': [], 'lstmO_size_3_3': [], 'n_layers': [0], 'output_dim_embedding': [106.28463272610144], 'shared_lstm_size': [62.49338151062049], 'word2vec_size': [426.0]}
18, 0.491518, 67.750573, {'batch_size': [5.449586052276893], 'dropout': [0.30560771523648794], 'learning_rate': [0.00790066645833355], 'lstmO_size_1': [25.802060227556403], 'lstmO_size_2_2': [], 'lstmO_size_2_3': [], 'lstmO_size_3_3': [], 'n_layers': [0], 'output_dim_embedding': [31.474370887728217], 'shared_lstm_size': [36.4650157080254], 'word2vec_size': [516.0]}
19, 0.495814, 281.380489, {'batch_size': [4.481866101479785], 'dropout': [0.41320257317215836], 'learning_rate': [1.6913792392579343e-05], 'lstmO_size_1': [61.72326654449598], 'lstmO_size_2_2': [145.1687469657911], 'lstmO_size_2_3': [], 'lstmO_size_3_3': [], 'n_layers': [1], 'output_dim_embedding': [114.96439629102267], 'shared_lstm_size': [14.8679245921446], 'word2vec_size': [328.0]}
Total time: 1:44:08.476453

Best parameters:{'batch_size': 5, 'dropout': 0.10181534696264088, 'learning_rate': 0.00899755598913237, 'lstmO_size_1': 15, 'n_layers': {'lstmO_size_2_2': 36, 'n_layers': 2}, 'output_dim_embedding': 13, 'shared_lstm_size': 24, 'win_size': 4, 'word2vec_size': 984}

Outcome metrics:
              precision    recall  f1-score   support

           0      0.000     0.000     0.000       289
           1      0.890     1.000     0.942      2345

    accuracy                          0.890      2634
   macro avg      0.445     0.500     0.471      2634
weighted avg      0.793     0.890     0.839      2634


Outcome confusion matrix:
[[   0  289]
 [   0 2345]]
