
Hyperopt trials:
tid,loss,params used
0, 0.494930, {'batch_size': [4.603296732995063], 'dropout': [0.08063148855093], 'learning_rate': [6.748807125955108e-05], 'lstmO_size_1': [27.19647578998768], 'lstmO_size_2_2': [], 'lstmO_size_2_3': [], 'lstmO_size_3_3': [], 'n_layers': [0], 'output_dim_embedding': [97.5187452768506], 'shared_lstm_size': [56.47760622224823], 'word2vec_size': [413.0]}
1, 0.495492, {'batch_size': [3.3888075032462366], 'dropout': [0.4177327050933367], 'learning_rate': [0.009128372121105163], 'lstmO_size_1': [50.97921996668956], 'lstmO_size_2_2': [], 'lstmO_size_2_3': [127.43595185608267], 'lstmO_size_3_3': [29.537251459668518], 'n_layers': [2], 'output_dim_embedding': [31.780055797954798], 'shared_lstm_size': [13.044059567051729], 'word2vec_size': [72.0]}
2, 0.490309, {'batch_size': [5.694632970656329], 'dropout': [0.23101262724977273], 'learning_rate': [0.0001826072048400507], 'lstmO_size_1': [68.21381096694692], 'lstmO_size_2_2': [], 'lstmO_size_2_3': [35.91065607707327], 'lstmO_size_3_3': [103.82165276083353], 'n_layers': [2], 'output_dim_embedding': [24.60184956137669], 'shared_lstm_size': [62.78933220385802], 'word2vec_size': [976.0]}
3, 0.491999, {'batch_size': [5.601173389442267], 'dropout': [0.20918601570368045], 'learning_rate': [1.5692650129981593e-05], 'lstmO_size_1': [22.1664493687445], 'lstmO_size_2_2': [], 'lstmO_size_2_3': [], 'lstmO_size_3_3': [], 'n_layers': [0], 'output_dim_embedding': [69.72876491138523], 'shared_lstm_size': [29.854967260385852], 'word2vec_size': [643.0]}
4, 0.494816, {'batch_size': [3.44669111901887], 'dropout': [0.18300080757673143], 'learning_rate': [2.7581397109080532e-05], 'lstmO_size_1': [15.979863412521404], 'lstmO_size_2_2': [], 'lstmO_size_2_3': [87.38343715046152], 'lstmO_size_3_3': [67.3191789841242], 'n_layers': [2], 'output_dim_embedding': [27.8092574204977], 'shared_lstm_size': [18.153130177049363], 'word2vec_size': [564.0]}
5, 0.494325, {'batch_size': [4.987944506245888], 'dropout': [0.08502680641763011], 'learning_rate': [0.00017216854205920942], 'lstmO_size_1': [137.60374316056837], 'lstmO_size_2_2': [62.33818485693933], 'lstmO_size_2_3': [], 'lstmO_size_3_3': [], 'n_layers': [1], 'output_dim_embedding': [48.37780758174867], 'shared_lstm_size': [88.94897795697969], 'word2vec_size': [995.0]}
6, 0.490514, {'batch_size': [3.2123361297849446], 'dropout': [0.16620406755265638], 'learning_rate': [0.0002895177521794581], 'lstmO_size_1': [69.16298377041377], 'lstmO_size_2_2': [41.67410067617084], 'lstmO_size_2_3': [], 'lstmO_size_3_3': [], 'n_layers': [1], 'output_dim_embedding': [17.35117153674972], 'shared_lstm_size': [10.062872411684243], 'word2vec_size': [707.0]}
7, 0.493554, {'batch_size': [5.42925294557716], 'dropout': [0.04000342572110982], 'learning_rate': [3.202147943373698e-05], 'lstmO_size_1': [38.17360106571527], 'lstmO_size_2_2': [], 'lstmO_size_2_3': [16.734783163542637], 'lstmO_size_3_3': [106.12649100786679], 'n_layers': [2], 'output_dim_embedding': [15.528947706633904], 'shared_lstm_size': [35.25817242530735], 'word2vec_size': [622.0]}
8, 0.489487, {'batch_size': [3.1941295445584106], 'dropout': [0.03057469870457108], 'learning_rate': [0.008569061327116672], 'lstmO_size_1': [33.72220972224692], 'lstmO_size_2_2': [48.69263366874756], 'lstmO_size_2_3': [], 'lstmO_size_3_3': [], 'n_layers': [1], 'output_dim_embedding': [16.87496791351391], 'shared_lstm_size': [141.94077725053438], 'word2vec_size': [477.0]}
9, 0.491844, {'batch_size': [5.9353221282275115], 'dropout': [0.46512859513405097], 'learning_rate': [0.00014682028517652048], 'lstmO_size_1': [118.6716656261703], 'lstmO_size_2_2': [], 'lstmO_size_2_3': [], 'lstmO_size_3_3': [], 'n_layers': [0], 'output_dim_embedding': [55.21070115611412], 'shared_lstm_size': [83.5320734119175], 'word2vec_size': [269.0]}
10, 0.488910, {'batch_size': [3.2538962049458986], 'dropout': [0.07625482350709628], 'learning_rate': [0.0073797858756783], 'lstmO_size_1': [19.76788701088064], 'lstmO_size_2_2': [86.49399838240961], 'lstmO_size_2_3': [], 'lstmO_size_3_3': [], 'n_layers': [1], 'output_dim_embedding': [13.66489266698329], 'shared_lstm_size': [30.114337647927247], 'word2vec_size': [689.0]}
11, 0.490644, {'batch_size': [4.978779357818519], 'dropout': [0.23635861470144265], 'learning_rate': [0.0004619749928081481], 'lstmO_size_1': [92.49301719187687], 'lstmO_size_2_2': [], 'lstmO_size_2_3': [], 'lstmO_size_3_3': [], 'n_layers': [0], 'output_dim_embedding': [91.98654289769347], 'shared_lstm_size': [50.85964543334217], 'word2vec_size': [1023.0]}
12, 0.493748, {'batch_size': [3.367290909389041], 'dropout': [0.09078717665607733], 'learning_rate': [9.313311368620889e-05], 'lstmO_size_1': [131.87106255594625], 'lstmO_size_2_2': [67.57581260256853], 'lstmO_size_2_3': [], 'lstmO_size_3_3': [], 'n_layers': [1], 'output_dim_embedding': [93.97098152756145], 'shared_lstm_size': [30.52595260428121], 'word2vec_size': [268.0]}
13, 0.491569, {'batch_size': [3.1927922117120127], 'dropout': [0.15668868266973351], 'learning_rate': [1.3211058148382088e-05], 'lstmO_size_1': [12.55255952384572], 'lstmO_size_2_2': [], 'lstmO_size_2_3': [], 'lstmO_size_3_3': [], 'n_layers': [0], 'output_dim_embedding': [34.30413215036558], 'shared_lstm_size': [36.2613608712927], 'word2vec_size': [357.0]}
14, 0.493056, {'batch_size': [3.6188946042534367], 'dropout': [0.4294302722679383], 'learning_rate': [0.0024133653974474237], 'lstmO_size_1': [23.94650272448625], 'lstmO_size_2_2': [], 'lstmO_size_2_3': [], 'lstmO_size_3_3': [], 'n_layers': [0], 'output_dim_embedding': [13.963246491949535], 'shared_lstm_size': [144.59453749040455], 'word2vec_size': [564.0]}
15, 0.493411, {'batch_size': [3.877836515246929], 'dropout': [0.24309388062160958], 'learning_rate': [0.00016063382510959678], 'lstmO_size_1': [59.94918900827546], 'lstmO_size_2_2': [], 'lstmO_size_2_3': [], 'lstmO_size_3_3': [], 'n_layers': [0], 'output_dim_embedding': [11.65280459833843], 'shared_lstm_size': [64.06656041788861], 'word2vec_size': [214.0]}
16, 0.492245, {'batch_size': [5.990021241933325], 'dropout': [0.0002671333248817076], 'learning_rate': [0.007929445279511815], 'lstmO_size_1': [59.40257560988036], 'lstmO_size_2_2': [], 'lstmO_size_2_3': [], 'lstmO_size_3_3': [], 'n_layers': [0], 'output_dim_embedding': [22.873499801501165], 'shared_lstm_size': [52.081507327835965], 'word2vec_size': [178.0]}
17, 0.492318, {'batch_size': [3.8955112655868507], 'dropout': [0.03163606832966265], 'learning_rate': [3.110108555605224e-05], 'lstmO_size_1': [13.4157458734786], 'lstmO_size_2_2': [], 'lstmO_size_2_3': [], 'lstmO_size_3_3': [], 'n_layers': [0], 'output_dim_embedding': [126.12846055639223], 'shared_lstm_size': [10.11689541196103], 'word2vec_size': [1017.0]}
18, 0.491776, {'batch_size': [5.667158905332771], 'dropout': [0.2383297311184544], 'learning_rate': [0.00021106659750378873], 'lstmO_size_1': [108.99694349809722], 'lstmO_size_2_2': [11.824843606372449], 'lstmO_size_2_3': [], 'lstmO_size_3_3': [], 'n_layers': [1], 'output_dim_embedding': [58.33355344330513], 'shared_lstm_size': [10.9733001347124], 'word2vec_size': [697.0]}
19, 0.493660, {'batch_size': [3.6007212936669193], 'dropout': [0.22443534018089722], 'learning_rate': [3.264596562410933e-05], 'lstmO_size_1': [85.34529238891491], 'lstmO_size_2_2': [], 'lstmO_size_2_3': [41.99495300767336], 'lstmO_size_3_3': [27.60476959433171], 'n_layers': [2], 'output_dim_embedding': [104.30121754706757], 'shared_lstm_size': [35.050399425332834], 'word2vec_size': [245.0]}

Best parameters:{'batch_size': 3, 'dropout': 0.07625482350709628, 'learning_rate': 0.0073797858756783, 'lstmO_size_1': 19, 'n_layers': {'lstmO_size_2_2': 86, 'n_layers': 2}, 'output_dim_embedding': 13, 'shared_lstm_size': 30, 'win_size': 4, 'word2vec_size': 689}

Outcome metrics:
              precision    recall  f1-score   support

           0      0.000     0.000     0.000       289
           1      0.890     1.000     0.942      2345

    accuracy                          0.890      2634
   macro avg      0.445     0.500     0.471      2634
weighted avg      0.793     0.890     0.839      2634


Outcome confusion matrix:
[[   0  289]
 [   0 2345]]
